{"C:\\Users\\diego\\Documents\\proyecto\\Maze-Rush-Frontend\\src\\App.tsx": {"path":"C:\\Users\\diego\\Documents\\proyecto\\Maze-Rush-Frontend\\src\\App.tsx","statementMap":{"0":{"start":{"line":18,"column":6},"end":{"line":72,"column":null}},"1":{"start":{"line":75,"column":24},"end":{"line":75,"column":null}},"2":{"start":{"line":76,"column":2},"end":{"line":76,"column":null}},"3":{"start":{"line":76,"column":15},"end":{"line":76,"column":null}},"4":{"start":{"line":77,"column":2},"end":{"line":77,"column":null}},"5":{"start":{"line":77,"column":13},"end":{"line":77,"column":null}},"6":{"start":{"line":78,"column":2},"end":{"line":78,"column":null}},"7":{"start":{"line":82,"column":2},"end":{"line":173,"column":null}}},"fnMap":{"0":{"name":"Protected","decl":{"start":{"line":74,"column":9},"end":{"line":74,"column":19}},"loc":{"start":{"line":74,"column":64},"end":{"line":79,"column":null}},"line":74},"1":{"name":"App","decl":{"start":{"line":81,"column":9},"end":{"line":81,"column":15}},"loc":{"start":{"line":81,"column":15},"end":{"line":175,"column":null}},"line":81}},"branchMap":{"0":{"loc":{"start":{"line":76,"column":2},"end":{"line":76,"column":null}},"type":"if","locations":[{"start":{"line":76,"column":2},"end":{"line":76,"column":null}},{"start":{},"end":{}}],"line":76},"1":{"loc":{"start":{"line":77,"column":2},"end":{"line":77,"column":null}},"type":"if","locations":[{"start":{"line":77,"column":2},"end":{"line":77,"column":null}},{"start":{},"end":{}}],"line":77}},"s":{"0":1,"1":4,"2":4,"3":1,"4":3,"5":3,"6":2,"7":8},"f":{"0":4,"1":8},"b":{"0":[1,3],"1":[1,2]},"meta":{"lastBranch":2,"lastFunction":2,"lastStatement":8,"seen":{"s:18:6:72:Infinity":0,"f:74:9:74:19":0,"s:75:24:75:Infinity":1,"b:76:2:76:Infinity:undefined:undefined:undefined:undefined":0,"s:76:2:76:Infinity":2,"s:76:15:76:Infinity":3,"b:77:2:77:Infinity:undefined:undefined:undefined:undefined":1,"s:77:2:77:Infinity":4,"s:77:13:77:Infinity":5,"s:78:2:78:Infinity":6,"f:81:9:81:15":1,"s:82:2:173:Infinity":7}}}
,"C:\\Users\\diego\\Documents\\proyecto\\Maze-Rush-Frontend\\src\\common\\AxiosIntance.ts": {"path":"C:\\Users\\diego\\Documents\\proyecto\\Maze-Rush-Frontend\\src\\common\\AxiosIntance.ts","statementMap":{"0":{"start":{"line":5,"column":37},"end":{"line":11,"column":null}},"1":{"start":{"line":14,"column":19},"end":{"line":14,"column":null}},"2":{"start":{"line":18,"column":5},"end":{"line":18,"column":null}},"3":{"start":{"line":20,"column":21},"end":{"line":29,"column":null}},"4":{"start":{"line":21,"column":2},"end":{"line":27,"column":null}},"5":{"start":{"line":22,"column":4},"end":{"line":26,"column":null}},"6":{"start":{"line":23,"column":6},"end":{"line":23,"column":null}},"7":{"start":{"line":25,"column":6},"end":{"line":25,"column":null}},"8":{"start":{"line":28,"column":2},"end":{"line":28,"column":null}},"9":{"start":{"line":32,"column":0},"end":{"line":51,"column":null}},"10":{"start":{"line":35,"column":22},"end":{"line":35,"column":null}},"11":{"start":{"line":36,"column":4},"end":{"line":45,"column":null}},"12":{"start":{"line":37,"column":6},"end":{"line":44,"column":null}},"13":{"start":{"line":38,"column":23},"end":{"line":38,"column":null}},"14":{"start":{"line":39,"column":8},"end":{"line":41,"column":null}},"15":{"start":{"line":40,"column":10},"end":{"line":40,"column":null}},"16":{"start":{"line":43,"column":8},"end":{"line":43,"column":null}},"17":{"start":{"line":46,"column":4},"end":{"line":46,"column":null}},"18":{"start":{"line":49,"column":4},"end":{"line":49,"column":null}},"19":{"start":{"line":54,"column":0},"end":{"line":157,"column":null}},"20":{"start":{"line":56,"column":4},"end":{"line":56,"column":null}},"21":{"start":{"line":59,"column":28},"end":{"line":59,"column":null}},"22":{"start":{"line":62,"column":4},"end":{"line":153,"column":null}},"23":{"start":{"line":64,"column":6},"end":{"line":77,"column":null}},"24":{"start":{"line":65,"column":8},"end":{"line":76,"column":null}},"25":{"start":{"line":66,"column":10},"end":{"line":66,"column":null}},"26":{"start":{"line":69,"column":12},"end":{"line":71,"column":null}},"27":{"start":{"line":70,"column":14},"end":{"line":70,"column":null}},"28":{"start":{"line":72,"column":12},"end":{"line":72,"column":null}},"29":{"start":{"line":75,"column":12},"end":{"line":75,"column":null}},"30":{"start":{"line":79,"column":6},"end":{"line":79,"column":null}},"31":{"start":{"line":80,"column":6},"end":{"line":80,"column":null}},"32":{"start":{"line":83,"column":24},"end":{"line":83,"column":null}},"33":{"start":{"line":84,"column":6},"end":{"line":144,"column":null}},"34":{"start":{"line":85,"column":8},"end":{"line":143,"column":null}},"35":{"start":{"line":86,"column":25},"end":{"line":86,"column":null}},"36":{"start":{"line":87,"column":10},"end":{"line":137,"column":null}},"37":{"start":{"line":88,"column":12},"end":{"line":136,"column":null}},"38":{"start":{"line":90,"column":38},"end":{"line":96,"column":null}},"39":{"start":{"line":98,"column":37},"end":{"line":98,"column":null}},"40":{"start":{"line":99,"column":38},"end":{"line":99,"column":null}},"41":{"start":{"line":100,"column":35},"end":{"line":100,"column":null}},"42":{"start":{"line":103,"column":14},"end":{"line":111,"column":null}},"43":{"start":{"line":114,"column":14},"end":{"line":116,"column":null}},"44":{"start":{"line":115,"column":16},"end":{"line":115,"column":null}},"45":{"start":{"line":119,"column":14},"end":{"line":119,"column":null}},"46":{"start":{"line":120,"column":14},"end":{"line":120,"column":null}},"47":{"start":{"line":123,"column":14},"end":{"line":123,"column":null}},"48":{"start":{"line":126,"column":14},"end":{"line":126,"column":null}},"49":{"start":{"line":127,"column":14},"end":{"line":127,"column":null}},"50":{"start":{"line":128,"column":14},"end":{"line":128,"column":null}},"51":{"start":{"line":131,"column":14},"end":{"line":133,"column":null}},"52":{"start":{"line":132,"column":16},"end":{"line":132,"column":null}},"53":{"start":{"line":135,"column":14},"end":{"line":135,"column":null}},"54":{"start":{"line":140,"column":10},"end":{"line":140,"column":null}},"55":{"start":{"line":141,"column":10},"end":{"line":141,"column":null}},"56":{"start":{"line":142,"column":10},"end":{"line":142,"column":null}},"57":{"start":{"line":147,"column":6},"end":{"line":147,"column":null}},"58":{"start":{"line":148,"column":6},"end":{"line":148,"column":null}},"59":{"start":{"line":150,"column":6},"end":{"line":152,"column":null}},"60":{"start":{"line":151,"column":8},"end":{"line":151,"column":null}},"61":{"start":{"line":155,"column":4},"end":{"line":155,"column":null}}},"fnMap":{"0":{"name":"(anonymous_0)","decl":{"start":{"line":20,"column":21},"end":{"line":20,"column":22}},"loc":{"start":{"line":20,"column":66},"end":{"line":29,"column":null}},"line":20},"1":{"name":"(anonymous_1)","decl":{"start":{"line":21,"column":22},"end":{"line":21,"column":23}},"loc":{"start":{"line":21,"column":32},"end":{"line":27,"column":3}},"line":21},"2":{"name":"(anonymous_2)","decl":{"start":{"line":33,"column":2},"end":{"line":33,"column":3}},"loc":{"start":{"line":33,"column":42},"end":{"line":47,"column":null}},"line":33},"3":{"name":"(anonymous_3)","decl":{"start":{"line":48,"column":2},"end":{"line":48,"column":3}},"loc":{"start":{"line":48,"column":18},"end":{"line":50,"column":null}},"line":48},"4":{"name":"(anonymous_4)","decl":{"start":{"line":55,"column":2},"end":{"line":55,"column":3}},"loc":{"start":{"line":55,"column":31},"end":{"line":57,"column":null}},"line":55},"5":{"name":"(anonymous_5)","decl":{"start":{"line":58,"column":2},"end":{"line":58,"column":9}},"loc":{"start":{"line":58,"column":31},"end":{"line":156,"column":null}},"line":58},"6":{"name":"(anonymous_6)","decl":{"start":{"line":65,"column":27},"end":{"line":65,"column":28}},"loc":{"start":{"line":65,"column":48},"end":{"line":67,"column":9}},"line":65},"7":{"name":"(anonymous_7)","decl":{"start":{"line":68,"column":16},"end":{"line":68,"column":17}},"loc":{"start":{"line":68,"column":27},"end":{"line":73,"column":11}},"line":68},"8":{"name":"(anonymous_8)","decl":{"start":{"line":74,"column":17},"end":{"line":74,"column":18}},"loc":{"start":{"line":74,"column":26},"end":{"line":76,"column":11}},"line":74}},"branchMap":{"0":{"loc":{"start":{"line":20,"column":34},"end":{"line":20,"column":66}},"type":"default-arg","locations":[{"start":{"line":20,"column":57},"end":{"line":20,"column":66}}],"line":20},"1":{"loc":{"start":{"line":22,"column":4},"end":{"line":26,"column":null}},"type":"if","locations":[{"start":{"line":22,"column":4},"end":{"line":26,"column":null}},{"start":{"line":24,"column":11},"end":{"line":26,"column":null}}],"line":22},"2":{"loc":{"start":{"line":36,"column":4},"end":{"line":45,"column":null}},"type":"if","locations":[{"start":{"line":36,"column":4},"end":{"line":45,"column":null}},{"start":{},"end":{}}],"line":36},"3":{"loc":{"start":{"line":39,"column":8},"end":{"line":41,"column":null}},"type":"if","locations":[{"start":{"line":39,"column":8},"end":{"line":41,"column":null}},{"start":{},"end":{}}],"line":39},"4":{"loc":{"start":{"line":62,"column":4},"end":{"line":153,"column":null}},"type":"if","locations":[{"start":{"line":62,"column":4},"end":{"line":153,"column":null}},{"start":{},"end":{}}],"line":62},"5":{"loc":{"start":{"line":62,"column":8},"end":{"line":62,"column":86}},"type":"binary-expr","locations":[{"start":{"line":62,"column":8},"end":{"line":62,"column":42}},{"start":{"line":62,"column":42},"end":{"line":62,"column":61}},{"start":{"line":62,"column":61},"end":{"line":62,"column":86}}],"line":62},"6":{"loc":{"start":{"line":64,"column":6},"end":{"line":77,"column":null}},"type":"if","locations":[{"start":{"line":64,"column":6},"end":{"line":77,"column":null}},{"start":{},"end":{}}],"line":64},"7":{"loc":{"start":{"line":69,"column":12},"end":{"line":71,"column":null}},"type":"if","locations":[{"start":{"line":69,"column":12},"end":{"line":71,"column":null}},{"start":{},"end":{}}],"line":69},"8":{"loc":{"start":{"line":84,"column":6},"end":{"line":144,"column":null}},"type":"if","locations":[{"start":{"line":84,"column":6},"end":{"line":144,"column":null}},{"start":{},"end":{}}],"line":84},"9":{"loc":{"start":{"line":87,"column":10},"end":{"line":137,"column":null}},"type":"if","locations":[{"start":{"line":87,"column":10},"end":{"line":137,"column":null}},{"start":{},"end":{}}],"line":87},"10":{"loc":{"start":{"line":99,"column":38},"end":{"line":99,"column":null}},"type":"binary-expr","locations":[{"start":{"line":99,"column":38},"end":{"line":99,"column":75}},{"start":{"line":99,"column":75},"end":{"line":99,"column":null}}],"line":99},"11":{"loc":{"start":{"line":114,"column":14},"end":{"line":116,"column":null}},"type":"if","locations":[{"start":{"line":114,"column":14},"end":{"line":116,"column":null}},{"start":{},"end":{}}],"line":114},"12":{"loc":{"start":{"line":131,"column":14},"end":{"line":133,"column":null}},"type":"if","locations":[{"start":{"line":131,"column":14},"end":{"line":133,"column":null}},{"start":{},"end":{}}],"line":131},"13":{"loc":{"start":{"line":131,"column":18},"end":{"line":131,"column":108}},"type":"binary-expr","locations":[{"start":{"line":131,"column":18},"end":{"line":131,"column":59}},{"start":{"line":131,"column":59},"end":{"line":131,"column":108}}],"line":131},"14":{"loc":{"start":{"line":150,"column":6},"end":{"line":152,"column":null}},"type":"if","locations":[{"start":{"line":150,"column":6},"end":{"line":152,"column":null}},{"start":{},"end":{}}],"line":150},"15":{"loc":{"start":{"line":150,"column":10},"end":{"line":150,"column":100}},"type":"binary-expr","locations":[{"start":{"line":150,"column":10},"end":{"line":150,"column":51}},{"start":{"line":150,"column":51},"end":{"line":150,"column":100}}],"line":150}},"s":{"0":1,"1":1,"2":1,"3":1,"4":0,"5":0,"6":0,"7":0,"8":0,"9":1,"10":0,"11":0,"12":0,"13":0,"14":0,"15":0,"16":0,"17":0,"18":0,"19":1,"20":0,"21":0,"22":0,"23":0,"24":0,"25":0,"26":0,"27":0,"28":0,"29":0,"30":0,"31":0,"32":0,"33":0,"34":0,"35":0,"36":0,"37":0,"38":0,"39":0,"40":0,"41":0,"42":0,"43":0,"44":0,"45":0,"46":0,"47":0,"48":0,"49":0,"50":0,"51":0,"52":0,"53":0,"54":0,"55":0,"56":0,"57":0,"58":0,"59":0,"60":0,"61":0},"f":{"0":0,"1":0,"2":0,"3":0,"4":0,"5":0,"6":0,"7":0,"8":0},"b":{"0":[0],"1":[0,0],"2":[0,0],"3":[0,0],"4":[0,0],"5":[0,0,0],"6":[0,0],"7":[0,0],"8":[0,0],"9":[0,0],"10":[0,0],"11":[0,0],"12":[0,0],"13":[0,0],"14":[0,0],"15":[0,0]},"meta":{"lastBranch":16,"lastFunction":9,"lastStatement":62,"seen":{"s:5:37:11:Infinity":0,"s:14:19:14:Infinity":1,"s:18:5:18:Infinity":2,"s:20:21:29:Infinity":3,"f:20:21:20:22":0,"b:20:57:20:66":0,"s:21:2:27:Infinity":4,"f:21:22:21:23":1,"b:22:4:26:Infinity:24:11:26:Infinity":1,"s:22:4:26:Infinity":5,"s:23:6:23:Infinity":6,"s:25:6:25:Infinity":7,"s:28:2:28:Infinity":8,"s:32:0:51:Infinity":9,"f:33:2:33:3":2,"s:35:22:35:Infinity":10,"b:36:4:45:Infinity:undefined:undefined:undefined:undefined":2,"s:36:4:45:Infinity":11,"s:37:6:44:Infinity":12,"s:38:23:38:Infinity":13,"b:39:8:41:Infinity:undefined:undefined:undefined:undefined":3,"s:39:8:41:Infinity":14,"s:40:10:40:Infinity":15,"s:43:8:43:Infinity":16,"s:46:4:46:Infinity":17,"f:48:2:48:3":3,"s:49:4:49:Infinity":18,"s:54:0:157:Infinity":19,"f:55:2:55:3":4,"s:56:4:56:Infinity":20,"f:58:2:58:9":5,"s:59:28:59:Infinity":21,"b:62:4:153:Infinity:undefined:undefined:undefined:undefined":4,"s:62:4:153:Infinity":22,"b:62:8:62:42:62:42:62:61:62:61:62:86":5,"b:64:6:77:Infinity:undefined:undefined:undefined:undefined":6,"s:64:6:77:Infinity":23,"s:65:8:76:Infinity":24,"f:65:27:65:28":6,"s:66:10:66:Infinity":25,"f:68:16:68:17":7,"b:69:12:71:Infinity:undefined:undefined:undefined:undefined":7,"s:69:12:71:Infinity":26,"s:70:14:70:Infinity":27,"s:72:12:72:Infinity":28,"f:74:17:74:18":8,"s:75:12:75:Infinity":29,"s:79:6:79:Infinity":30,"s:80:6:80:Infinity":31,"s:83:24:83:Infinity":32,"b:84:6:144:Infinity:undefined:undefined:undefined:undefined":8,"s:84:6:144:Infinity":33,"s:85:8:143:Infinity":34,"s:86:25:86:Infinity":35,"b:87:10:137:Infinity:undefined:undefined:undefined:undefined":9,"s:87:10:137:Infinity":36,"s:88:12:136:Infinity":37,"s:90:38:96:Infinity":38,"s:98:37:98:Infinity":39,"s:99:38:99:Infinity":40,"b:99:38:99:75:99:75:99:Infinity":10,"s:100:35:100:Infinity":41,"s:103:14:111:Infinity":42,"b:114:14:116:Infinity:undefined:undefined:undefined:undefined":11,"s:114:14:116:Infinity":43,"s:115:16:115:Infinity":44,"s:119:14:119:Infinity":45,"s:120:14:120:Infinity":46,"s:123:14:123:Infinity":47,"s:126:14:126:Infinity":48,"s:127:14:127:Infinity":49,"s:128:14:128:Infinity":50,"b:131:14:133:Infinity:undefined:undefined:undefined:undefined":12,"s:131:14:133:Infinity":51,"b:131:18:131:59:131:59:131:108":13,"s:132:16:132:Infinity":52,"s:135:14:135:Infinity":53,"s:140:10:140:Infinity":54,"s:141:10:141:Infinity":55,"s:142:10:142:Infinity":56,"s:147:6:147:Infinity":57,"s:148:6:148:Infinity":58,"b:150:6:152:Infinity:undefined:undefined:undefined:undefined":14,"s:150:6:152:Infinity":59,"b:150:10:150:51:150:51:150:100":15,"s:151:8:151:Infinity":60,"s:155:4:155:Infinity":61}}}
,"C:\\Users\\diego\\Documents\\proyecto\\Maze-Rush-Frontend\\src\\common\\globas.ts": {"path":"C:\\Users\\diego\\Documents\\proyecto\\Maze-Rush-Frontend\\src\\common\\globas.ts","statementMap":{"0":{"start":{"line":2,"column":26},"end":{"line":5,"column":null}},"1":{"start":{"line":8,"column":29},"end":{"line":31,"column":null}},"2":{"start":{"line":27,"column":28},"end":{"line":27,"column":null}},"3":{"start":{"line":28,"column":27},"end":{"line":28,"column":null}},"4":{"start":{"line":29,"column":29},"end":{"line":29,"column":null}},"5":{"start":{"line":34,"column":27},"end":{"line":37,"column":null}},"6":{"start":{"line":40,"column":29},"end":{"line":42,"column":null}},"7":{"start":{"line":45,"column":26},"end":{"line":51,"column":null}},"8":{"start":{"line":54,"column":29},"end":{"line":56,"column":null}}},"fnMap":{"0":{"name":"(anonymous_0)","decl":{"start":{"line":27,"column":10},"end":{"line":27,"column":11}},"loc":{"start":{"line":27,"column":28},"end":{"line":27,"column":null}},"line":27},"1":{"name":"(anonymous_1)","decl":{"start":{"line":28,"column":9},"end":{"line":28,"column":10}},"loc":{"start":{"line":28,"column":27},"end":{"line":28,"column":null}},"line":28},"2":{"name":"(anonymous_2)","decl":{"start":{"line":29,"column":11},"end":{"line":29,"column":12}},"loc":{"start":{"line":29,"column":29},"end":{"line":29,"column":null}},"line":29}},"branchMap":{"0":{"loc":{"start":{"line":3,"column":12},"end":{"line":3,"column":null}},"type":"binary-expr","locations":[{"start":{"line":3,"column":12},"end":{"line":3,"column":49}},{"start":{"line":3,"column":49},"end":{"line":3,"column":null}}],"line":3},"1":{"loc":{"start":{"line":4,"column":11},"end":{"line":4,"column":null}},"type":"binary-expr","locations":[{"start":{"line":4,"column":11},"end":{"line":4,"column":57}},{"start":{"line":4,"column":57},"end":{"line":4,"column":null}}],"line":4},"2":{"loc":{"start":{"line":35,"column":15},"end":{"line":35,"column":null}},"type":"binary-expr","locations":[{"start":{"line":35,"column":15},"end":{"line":35,"column":56}},{"start":{"line":35,"column":56},"end":{"line":35,"column":null}}],"line":35},"3":{"loc":{"start":{"line":36,"column":24},"end":{"line":36,"column":null}},"type":"binary-expr","locations":[{"start":{"line":36,"column":24},"end":{"line":36,"column":84}},{"start":{"line":36,"column":84},"end":{"line":36,"column":null}}],"line":36},"4":{"loc":{"start":{"line":41,"column":13},"end":{"line":41,"column":null}},"type":"binary-expr","locations":[{"start":{"line":41,"column":13},"end":{"line":41,"column":54}},{"start":{"line":41,"column":54},"end":{"line":41,"column":null}}],"line":41},"5":{"loc":{"start":{"line":46,"column":8},"end":{"line":46,"column":null}},"type":"binary-expr","locations":[{"start":{"line":46,"column":8},"end":{"line":46,"column":41}},{"start":{"line":46,"column":41},"end":{"line":46,"column":null}}],"line":46},"6":{"loc":{"start":{"line":47,"column":11},"end":{"line":47,"column":null}},"type":"binary-expr","locations":[{"start":{"line":47,"column":11},"end":{"line":47,"column":47}},{"start":{"line":47,"column":47},"end":{"line":47,"column":null}}],"line":47},"7":{"loc":{"start":{"line":48,"column":12},"end":{"line":48,"column":null}},"type":"binary-expr","locations":[{"start":{"line":48,"column":12},"end":{"line":48,"column":45}},{"start":{"line":48,"column":45},"end":{"line":48,"column":null}}],"line":48},"8":{"loc":{"start":{"line":50,"column":13},"end":{"line":50,"column":null}},"type":"binary-expr","locations":[{"start":{"line":50,"column":13},"end":{"line":50,"column":47}},{"start":{"line":50,"column":47},"end":{"line":50,"column":null}}],"line":50},"9":{"loc":{"start":{"line":55,"column":7},"end":{"line":55,"column":null}},"type":"binary-expr","locations":[{"start":{"line":55,"column":7},"end":{"line":55,"column":42}},{"start":{"line":55,"column":42},"end":{"line":55,"column":null}}],"line":55}},"s":{"0":1,"1":1,"2":0,"3":0,"4":0,"5":1,"6":1,"7":1,"8":1},"f":{"0":0,"1":0,"2":0},"b":{"0":[1,0],"1":[1,0],"2":[1,0],"3":[1,0],"4":[1,0],"5":[1,0],"6":[1,0],"7":[1,0],"8":[1,0],"9":[1,1]},"meta":{"lastBranch":10,"lastFunction":3,"lastStatement":9,"seen":{"s:2:26:5:Infinity":0,"b:3:12:3:49:3:49:3:Infinity":0,"b:4:11:4:57:4:57:4:Infinity":1,"s:8:29:31:Infinity":1,"f:27:10:27:11":0,"s:27:28:27:Infinity":2,"f:28:9:28:10":1,"s:28:27:28:Infinity":3,"f:29:11:29:12":2,"s:29:29:29:Infinity":4,"s:34:27:37:Infinity":5,"b:35:15:35:56:35:56:35:Infinity":2,"b:36:24:36:84:36:84:36:Infinity":3,"s:40:29:42:Infinity":6,"b:41:13:41:54:41:54:41:Infinity":4,"s:45:26:51:Infinity":7,"b:46:8:46:41:46:41:46:Infinity":5,"b:47:11:47:47:47:47:47:Infinity":6,"b:48:12:48:45:48:45:48:Infinity":7,"b:50:13:50:47:50:47:50:Infinity":8,"s:54:29:56:Infinity":8,"b:55:7:55:42:55:42:55:Infinity":9}}}
,"C:\\Users\\diego\\Documents\\proyecto\\Maze-Rush-Frontend\\src\\common\\logger.ts": {"path":"C:\\Users\\diego\\Documents\\proyecto\\Maze-Rush-Frontend\\src\\common\\logger.ts","statementMap":{"0":{"start":{"line":7,"column":45},"end":{"line":12,"column":null}},"1":{"start":{"line":15,"column":24},"end":{"line":15,"column":null}},"2":{"start":{"line":16,"column":30},"end":{"line":16,"column":null}},"3":{"start":{"line":20,"column":2},"end":{"line":20,"column":null}},"4":{"start":{"line":24,"column":22},"end":{"line":67,"column":null}},"5":{"start":{"line":26,"column":4},"end":{"line":28,"column":null}},"6":{"start":{"line":27,"column":6},"end":{"line":27,"column":null}},"7":{"start":{"line":32,"column":4},"end":{"line":34,"column":null}},"8":{"start":{"line":33,"column":6},"end":{"line":33,"column":null}},"9":{"start":{"line":38,"column":4},"end":{"line":40,"column":null}},"10":{"start":{"line":39,"column":6},"end":{"line":39,"column":null}},"11":{"start":{"line":44,"column":4},"end":{"line":46,"column":null}},"12":{"start":{"line":45,"column":6},"end":{"line":45,"column":null}},"13":{"start":{"line":51,"column":4},"end":{"line":51,"column":null}},"14":{"start":{"line":56,"column":4},"end":{"line":56,"column":null}},"15":{"start":{"line":61,"column":4},"end":{"line":61,"column":null}},"16":{"start":{"line":65,"column":4},"end":{"line":65,"column":null}}},"fnMap":{"0":{"name":"shouldLog","decl":{"start":{"line":19,"column":9},"end":{"line":19,"column":19}},"loc":{"start":{"line":19,"column":45},"end":{"line":21,"column":null}},"line":19},"1":{"name":"(anonymous_1)","decl":{"start":{"line":25,"column":9},"end":{"line":25,"column":10}},"loc":{"start":{"line":25,"column":46},"end":{"line":29,"column":null}},"line":25},"2":{"name":"(anonymous_2)","decl":{"start":{"line":31,"column":8},"end":{"line":31,"column":9}},"loc":{"start":{"line":31,"column":45},"end":{"line":35,"column":null}},"line":31},"3":{"name":"(anonymous_3)","decl":{"start":{"line":37,"column":8},"end":{"line":37,"column":9}},"loc":{"start":{"line":37,"column":45},"end":{"line":41,"column":null}},"line":37},"4":{"name":"(anonymous_4)","decl":{"start":{"line":43,"column":9},"end":{"line":43,"column":10}},"loc":{"start":{"line":43,"column":46},"end":{"line":47,"column":null}},"line":43},"5":{"name":"(anonymous_5)","decl":{"start":{"line":50,"column":13},"end":{"line":50,"column":14}},"loc":{"start":{"line":50,"column":47},"end":{"line":52,"column":null}},"line":50},"6":{"name":"(anonymous_6)","decl":{"start":{"line":55,"column":12},"end":{"line":55,"column":13}},"loc":{"start":{"line":55,"column":49},"end":{"line":57,"column":null}},"line":55},"7":{"name":"(anonymous_7)","decl":{"start":{"line":60,"column":12},"end":{"line":60,"column":13}},"loc":{"start":{"line":60,"column":46},"end":{"line":62,"column":null}},"line":60},"8":{"name":"(anonymous_8)","decl":{"start":{"line":64,"column":11},"end":{"line":64,"column":12}},"loc":{"start":{"line":64,"column":48},"end":{"line":66,"column":null}},"line":64}},"branchMap":{"0":{"loc":{"start":{"line":16,"column":30},"end":{"line":16,"column":null}},"type":"binary-expr","locations":[{"start":{"line":16,"column":30},"end":{"line":16,"column":61}},{"start":{"line":16,"column":61},"end":{"line":16,"column":null}}],"line":16},"1":{"loc":{"start":{"line":20,"column":9},"end":{"line":20,"column":null}},"type":"binary-expr","locations":[{"start":{"line":20,"column":9},"end":{"line":20,"column":29}},{"start":{"line":20,"column":29},"end":{"line":20,"column":null}}],"line":20},"2":{"loc":{"start":{"line":26,"column":4},"end":{"line":28,"column":null}},"type":"if","locations":[{"start":{"line":26,"column":4},"end":{"line":28,"column":null}},{"start":{},"end":{}}],"line":26},"3":{"loc":{"start":{"line":32,"column":4},"end":{"line":34,"column":null}},"type":"if","locations":[{"start":{"line":32,"column":4},"end":{"line":34,"column":null}},{"start":{},"end":{}}],"line":32},"4":{"loc":{"start":{"line":38,"column":4},"end":{"line":40,"column":null}},"type":"if","locations":[{"start":{"line":38,"column":4},"end":{"line":40,"column":null}},{"start":{},"end":{}}],"line":38},"5":{"loc":{"start":{"line":44,"column":4},"end":{"line":46,"column":null}},"type":"if","locations":[{"start":{"line":44,"column":4},"end":{"line":46,"column":null}},{"start":{},"end":{}}],"line":44}},"s":{"0":1,"1":1,"2":1,"3":15,"4":1,"5":7,"6":7,"7":2,"8":2,"9":4,"10":4,"11":2,"12":2,"13":2,"14":2,"15":2,"16":0},"f":{"0":15,"1":7,"2":2,"3":4,"4":2,"5":2,"6":2,"7":2,"8":0},"b":{"0":[1,0],"1":[15,15],"2":[7,0],"3":[2,0],"4":[4,0],"5":[2,0]},"meta":{"lastBranch":6,"lastFunction":9,"lastStatement":17,"seen":{"s:7:45:12:Infinity":0,"s:15:24:15:Infinity":1,"s:16:30:16:Infinity":2,"b:16:30:16:61:16:61:16:Infinity":0,"f:19:9:19:19":0,"s:20:2:20:Infinity":3,"b:20:9:20:29:20:29:20:Infinity":1,"s:24:22:67:Infinity":4,"f:25:9:25:10":1,"b:26:4:28:Infinity:undefined:undefined:undefined:undefined":2,"s:26:4:28:Infinity":5,"s:27:6:27:Infinity":6,"f:31:8:31:9":2,"b:32:4:34:Infinity:undefined:undefined:undefined:undefined":3,"s:32:4:34:Infinity":7,"s:33:6:33:Infinity":8,"f:37:8:37:9":3,"b:38:4:40:Infinity:undefined:undefined:undefined:undefined":4,"s:38:4:40:Infinity":9,"s:39:6:39:Infinity":10,"f:43:9:43:10":4,"b:44:4:46:Infinity:undefined:undefined:undefined:undefined":5,"s:44:4:46:Infinity":11,"s:45:6:45:Infinity":12,"f:50:13:50:14":5,"s:51:4:51:Infinity":13,"f:55:12:55:13":6,"s:56:4:56:Infinity":14,"f:60:12:60:13":7,"s:61:4:61:Infinity":15,"f:64:11:64:12":8,"s:65:4:65:Infinity":16}}}
,"C:\\Users\\diego\\Documents\\proyecto\\Maze-Rush-Frontend\\src\\components\\AppShell.tsx": {"path":"C:\\Users\\diego\\Documents\\proyecto\\Maze-Rush-Frontend\\src\\components\\AppShell.tsx","statementMap":{"0":{"start":{"line":32,"column":28},"end":{"line":36,"column":null}},"1":{"start":{"line":39,"column":22},"end":{"line":39,"column":null}},"2":{"start":{"line":40,"column":23},"end":{"line":40,"column":null}},"3":{"start":{"line":41,"column":8},"end":{"line":41,"column":null}},"4":{"start":{"line":42,"column":8},"end":{"line":42,"column":null}},"5":{"start":{"line":44,"column":20},"end":{"line":47,"column":null}},"6":{"start":{"line":45,"column":4},"end":{"line":45,"column":null}},"7":{"start":{"line":46,"column":4},"end":{"line":46,"column":null}},"8":{"start":{"line":49,"column":2},"end":{"line":142,"column":null}},"9":{"start":{"line":61,"column":66},"end":{"line":61,"column":null}},"10":{"start":{"line":69,"column":91},"end":{"line":69,"column":null}},"11":{"start":{"line":77,"column":14},"end":{"line":77,"column":null}},"12":{"start":{"line":78,"column":14},"end":{"line":78,"column":null}},"13":{"start":{"line":89,"column":23},"end":{"line":89,"column":null}},"14":{"start":{"line":111,"column":27},"end":{"line":111,"column":null}},"15":{"start":{"line":112,"column":12},"end":{"line":134,"column":null}},"16":{"start":{"line":115,"column":31},"end":{"line":115,"column":null}}},"fnMap":{"0":{"name":"AppShell","decl":{"start":{"line":38,"column":24},"end":{"line":38,"column":33}},"loc":{"start":{"line":38,"column":72},"end":{"line":144,"column":null}},"line":38},"1":{"name":"(anonymous_1)","decl":{"start":{"line":44,"column":20},"end":{"line":44,"column":21}},"loc":{"start":{"line":44,"column":38},"end":{"line":47,"column":null}},"line":44},"2":{"name":"(anonymous_2)","decl":{"start":{"line":61,"column":60},"end":{"line":61,"column":66}},"loc":{"start":{"line":61,"column":66},"end":{"line":61,"column":null}},"line":61},"3":{"name":"(anonymous_3)","decl":{"start":{"line":69,"column":85},"end":{"line":69,"column":91}},"loc":{"start":{"line":69,"column":91},"end":{"line":69,"column":null}},"line":69},"4":{"name":"(anonymous_4)","decl":{"start":{"line":76,"column":21},"end":{"line":76,"column":27}},"loc":{"start":{"line":76,"column":27},"end":{"line":79,"column":null}},"line":76},"5":{"name":"(anonymous_5)","decl":{"start":{"line":89,"column":17},"end":{"line":89,"column":23}},"loc":{"start":{"line":89,"column":23},"end":{"line":89,"column":null}},"line":89},"6":{"name":"(anonymous_6)","decl":{"start":{"line":110,"column":24},"end":{"line":110,"column":25}},"loc":{"start":{"line":110,"column":34},"end":{"line":136,"column":11}},"line":110},"7":{"name":"(anonymous_7)","decl":{"start":{"line":115,"column":25},"end":{"line":115,"column":31}},"loc":{"start":{"line":115,"column":31},"end":{"line":115,"column":null}},"line":115}},"branchMap":{"0":{"loc":{"start":{"line":67,"column":11},"end":{"line":72,"column":null}},"type":"binary-expr","locations":[{"start":{"line":67,"column":11},"end":{"line":67,"column":null}},{"start":{"line":68,"column":12},"end":{"line":72,"column":null}}],"line":67},"1":{"loc":{"start":{"line":127,"column":43},"end":{"line":127,"column":94}},"type":"cond-expr","locations":[{"start":{"line":127,"column":52},"end":{"line":127,"column":69}},{"start":{"line":127,"column":69},"end":{"line":127,"column":94}}],"line":127},"2":{"loc":{"start":{"line":131,"column":56},"end":{"line":131,"column":76}},"type":"cond-expr","locations":[{"start":{"line":131,"column":65},"end":{"line":131,"column":71}},{"start":{"line":131,"column":71},"end":{"line":131,"column":76}}],"line":131}},"s":{"0":1,"1":15,"2":15,"3":15,"4":15,"5":15,"6":1,"7":1,"8":15,"9":3,"10":1,"11":1,"12":1,"13":0,"14":45,"15":45,"16":1},"f":{"0":15,"1":1,"2":3,"3":1,"4":1,"5":0,"6":45,"7":1},"b":{"0":[15,14],"1":[15,30],"2":[15,30]},"meta":{"lastBranch":3,"lastFunction":8,"lastStatement":17,"seen":{"s:32:28:36:Infinity":0,"f:38:24:38:33":0,"s:39:22:39:Infinity":1,"s:40:23:40:Infinity":2,"s:41:8:41:Infinity":3,"s:42:8:42:Infinity":4,"s:44:20:47:Infinity":5,"f:44:20:44:21":1,"s:45:4:45:Infinity":6,"s:46:4:46:Infinity":7,"s:49:2:142:Infinity":8,"f:61:60:61:66":2,"s:61:66:61:Infinity":9,"b:67:11:67:Infinity:68:12:72:Infinity":0,"f:69:85:69:91":3,"s:69:91:69:Infinity":10,"f:76:21:76:27":4,"s:77:14:77:Infinity":11,"s:78:14:78:Infinity":12,"f:89:17:89:23":5,"s:89:23:89:Infinity":13,"f:110:24:110:25":6,"s:111:27:111:Infinity":14,"s:112:12:134:Infinity":15,"f:115:25:115:31":7,"s:115:31:115:Infinity":16,"b:127:52:127:69:127:69:127:94":1,"b:131:65:131:71:131:71:131:76":2}}}
,"C:\\Users\\diego\\Documents\\proyecto\\Maze-Rush-Frontend\\src\\components\\Loader.tsx": {"path":"C:\\Users\\diego\\Documents\\proyecto\\Maze-Rush-Frontend\\src\\components\\Loader.tsx","statementMap":{"0":{"start":{"line":8,"column":25},"end":{"line":42,"column":null}},"1":{"start":{"line":9,"column":2},"end":{"line":40,"column":null}}},"fnMap":{"0":{"name":"(anonymous_0)","decl":{"start":{"line":8,"column":25},"end":{"line":8,"column":31}},"loc":{"start":{"line":8,"column":31},"end":{"line":42,"column":null}},"line":8}},"branchMap":{},"s":{"0":2,"1":1},"f":{"0":1},"b":{},"meta":{"lastBranch":0,"lastFunction":1,"lastStatement":2,"seen":{"s:8:25:42:Infinity":0,"f:8:25:8:31":0,"s:9:2:40:Infinity":1}}}
,"C:\\Users\\diego\\Documents\\proyecto\\Maze-Rush-Frontend\\src\\components\\Maze.tsx": {"path":"C:\\Users\\diego\\Documents\\proyecto\\Maze-Rush-Frontend\\src\\components\\Maze.tsx","statementMap":{"0":{"start":{"line":38,"column":2},"end":{"line":40,"column":null}},"1":{"start":{"line":39,"column":4},"end":{"line":39,"column":null}},"2":{"start":{"line":42,"column":16},"end":{"line":42,"column":null}},"3":{"start":{"line":43,"column":17},"end":{"line":43,"column":null}},"4":{"start":{"line":46,"column":24},"end":{"line":46,"column":null}},"5":{"start":{"line":48,"column":24},"end":{"line":53,"column":null}},"6":{"start":{"line":49,"column":4},"end":{"line":49,"column":null}},"7":{"start":{"line":49,"column":21},"end":{"line":49,"column":null}},"8":{"start":{"line":51,"column":6},"end":{"line":51,"column":null}},"9":{"start":{"line":52,"column":4},"end":{"line":52,"column":null}},"10":{"start":{"line":55,"column":29},"end":{"line":62,"column":null}},"11":{"start":{"line":56,"column":4},"end":{"line":56,"column":null}},"12":{"start":{"line":56,"column":21},"end":{"line":56,"column":null}},"13":{"start":{"line":58,"column":6},"end":{"line":58,"column":null}},"14":{"start":{"line":59,"column":4},"end":{"line":59,"column":null}},"15":{"start":{"line":59,"column":34},"end":{"line":59,"column":null}},"16":{"start":{"line":60,"column":4},"end":{"line":60,"column":null}},"17":{"start":{"line":60,"column":24},"end":{"line":60,"column":null}},"18":{"start":{"line":61,"column":4},"end":{"line":61,"column":null}},"19":{"start":{"line":64,"column":24},"end":{"line":65,"column":null}},"20":{"start":{"line":65,"column":4},"end":{"line":65,"column":null}},"21":{"start":{"line":65,"column":27},"end":{"line":65,"column":49}},"22":{"start":{"line":67,"column":2},"end":{"line":186,"column":null}},"23":{"start":{"line":76,"column":8},"end":{"line":184,"column":null}},"24":{"start":{"line":77,"column":27},"end":{"line":77,"column":null}},"25":{"start":{"line":78,"column":24},"end":{"line":78,"column":null}},"26":{"start":{"line":79,"column":35},"end":{"line":81,"column":null}},"27":{"start":{"line":80,"column":19},"end":{"line":80,"column":null}},"28":{"start":{"line":83,"column":31},"end":{"line":83,"column":null}},"29":{"start":{"line":85,"column":25},"end":{"line":85,"column":null}},"30":{"start":{"line":87,"column":30},"end":{"line":87,"column":null}},"31":{"start":{"line":88,"column":34},"end":{"line":88,"column":null}},"32":{"start":{"line":91,"column":28},"end":{"line":91,"column":null}},"33":{"start":{"line":93,"column":10},"end":{"line":182,"column":null}},"34":{"start":{"line":122,"column":22},"end":{"line":131,"column":null}},"35":{"start":{"line":124,"column":24},"end":{"line":129,"column":null}},"36":{"start":{"line":133,"column":22},"end":{"line":144,"column":null}},"37":{"start":{"line":135,"column":24},"end":{"line":142,"column":null}},"38":{"start":{"line":147,"column":22},"end":{"line":152,"column":null}},"39":{"start":{"line":159,"column":22},"end":{"line":168,"column":null}}},"fnMap":{"0":{"name":"Maze","decl":{"start":{"line":29,"column":16},"end":{"line":29,"column":21}},"loc":{"start":{"line":37,"column":14},"end":{"line":188,"column":null}},"line":37},"1":{"name":"(anonymous_1)","decl":{"start":{"line":48,"column":24},"end":{"line":48,"column":25}},"loc":{"start":{"line":48,"column":67},"end":{"line":53,"column":null}},"line":48},"2":{"name":"(anonymous_2)","decl":{"start":{"line":55,"column":29},"end":{"line":55,"column":30}},"loc":{"start":{"line":55,"column":71},"end":{"line":62,"column":null}},"line":55},"3":{"name":"(anonymous_3)","decl":{"start":{"line":64,"column":24},"end":{"line":64,"column":25}},"loc":{"start":{"line":65,"column":4},"end":{"line":65,"column":null}},"line":65},"4":{"name":"(anonymous_4)","decl":{"start":{"line":65,"column":20},"end":{"line":65,"column":21}},"loc":{"start":{"line":65,"column":27},"end":{"line":65,"column":49}},"line":65},"5":{"name":"(anonymous_5)","decl":{"start":{"line":75,"column":16},"end":{"line":75,"column":17}},"loc":{"start":{"line":76,"column":8},"end":{"line":184,"column":null}},"line":76},"6":{"name":"(anonymous_6)","decl":{"start":{"line":76,"column":16},"end":{"line":76,"column":17}},"loc":{"start":{"line":76,"column":29},"end":{"line":184,"column":9}},"line":76},"7":{"name":"(anonymous_7)","decl":{"start":{"line":80,"column":12},"end":{"line":80,"column":13}},"loc":{"start":{"line":80,"column":19},"end":{"line":80,"column":null}},"line":80},"8":{"name":"(anonymous_8)","decl":{"start":{"line":121,"column":37},"end":{"line":121,"column":38}},"loc":{"start":{"line":121,"column":45},"end":{"line":154,"column":21}},"line":121},"9":{"name":"(anonymous_9)","decl":{"start":{"line":158,"column":41},"end":{"line":158,"column":42}},"loc":{"start":{"line":159,"column":22},"end":{"line":168,"column":null}},"line":159}},"branchMap":{"0":{"loc":{"start":{"line":34,"column":2},"end":{"line":34,"column":null}},"type":"default-arg","locations":[{"start":{"line":34,"column":17},"end":{"line":34,"column":null}}],"line":34},"1":{"loc":{"start":{"line":35,"column":2},"end":{"line":35,"column":null}},"type":"default-arg","locations":[{"start":{"line":35,"column":16},"end":{"line":35,"column":null}}],"line":35},"2":{"loc":{"start":{"line":36,"column":2},"end":{"line":36,"column":null}},"type":"default-arg","locations":[{"start":{"line":36,"column":13},"end":{"line":36,"column":null}}],"line":36},"3":{"loc":{"start":{"line":38,"column":2},"end":{"line":40,"column":null}},"type":"if","locations":[{"start":{"line":38,"column":2},"end":{"line":40,"column":null}},{"start":{},"end":{}}],"line":38},"4":{"loc":{"start":{"line":38,"column":6},"end":{"line":38,"column":34}},"type":"binary-expr","locations":[{"start":{"line":38,"column":6},"end":{"line":38,"column":15}},{"start":{"line":38,"column":15},"end":{"line":38,"column":34}}],"line":38},"5":{"loc":{"start":{"line":49,"column":4},"end":{"line":49,"column":null}},"type":"if","locations":[{"start":{"line":49,"column":4},"end":{"line":49,"column":null}},{"start":{},"end":{}}],"line":49},"6":{"loc":{"start":{"line":56,"column":4},"end":{"line":56,"column":null}},"type":"if","locations":[{"start":{"line":56,"column":4},"end":{"line":56,"column":null}},{"start":{},"end":{}}],"line":56},"7":{"loc":{"start":{"line":59,"column":4},"end":{"line":59,"column":null}},"type":"if","locations":[{"start":{"line":59,"column":4},"end":{"line":59,"column":null}},{"start":{},"end":{}}],"line":59},"8":{"loc":{"start":{"line":60,"column":4},"end":{"line":60,"column":null}},"type":"if","locations":[{"start":{"line":60,"column":4},"end":{"line":60,"column":null}},{"start":{},"end":{}}],"line":60},"9":{"loc":{"start":{"line":65,"column":27},"end":{"line":65,"column":49}},"type":"binary-expr","locations":[{"start":{"line":65,"column":27},"end":{"line":65,"column":40}},{"start":{"line":65,"column":40},"end":{"line":65,"column":49}}],"line":65},"10":{"loc":{"start":{"line":77,"column":27},"end":{"line":77,"column":null}},"type":"binary-expr","locations":[{"start":{"line":77,"column":27},"end":{"line":77,"column":53}},{"start":{"line":77,"column":53},"end":{"line":77,"column":null}}],"line":77},"11":{"loc":{"start":{"line":78,"column":24},"end":{"line":78,"column":null}},"type":"binary-expr","locations":[{"start":{"line":78,"column":24},"end":{"line":78,"column":47}},{"start":{"line":78,"column":47},"end":{"line":78,"column":null}}],"line":78},"12":{"loc":{"start":{"line":80,"column":19},"end":{"line":80,"column":null}},"type":"binary-expr","locations":[{"start":{"line":80,"column":19},"end":{"line":80,"column":41}},{"start":{"line":80,"column":41},"end":{"line":80,"column":null}}],"line":80},"13":{"loc":{"start":{"line":85,"column":25},"end":{"line":85,"column":null}},"type":"binary-expr","locations":[{"start":{"line":85,"column":25},"end":{"line":85,"column":37}},{"start":{"line":85,"column":37},"end":{"line":85,"column":51}},{"start":{"line":85,"column":51},"end":{"line":85,"column":66}},{"start":{"line":85,"column":66},"end":{"line":85,"column":null}}],"line":85},"14":{"loc":{"start":{"line":91,"column":28},"end":{"line":91,"column":null}},"type":"cond-expr","locations":[{"start":{"line":91,"column":36},"end":{"line":91,"column":43}},{"start":{"line":91,"column":43},"end":{"line":91,"column":null}}],"line":91},"15":{"loc":{"start":{"line":98,"column":16},"end":{"line":98,"column":null}},"type":"cond-expr","locations":[{"start":{"line":98,"column":25},"end":{"line":98,"column":43}},{"start":{"line":98,"column":43},"end":{"line":98,"column":null}}],"line":98},"16":{"loc":{"start":{"line":99,"column":16},"end":{"line":99,"column":null}},"type":"binary-expr","locations":[{"start":{"line":99,"column":16},"end":{"line":99,"column":27}},{"start":{"line":99,"column":27},"end":{"line":99,"column":39}},{"start":{"line":99,"column":39},"end":{"line":99,"column":null}}],"line":99},"17":{"loc":{"start":{"line":100,"column":16},"end":{"line":100,"column":null}},"type":"binary-expr","locations":[{"start":{"line":100,"column":16},"end":{"line":100,"column":27}},{"start":{"line":100,"column":27},"end":{"line":100,"column":41}},{"start":{"line":100,"column":41},"end":{"line":100,"column":null}}],"line":100},"18":{"loc":{"start":{"line":101,"column":16},"end":{"line":101,"column":null}},"type":"binary-expr","locations":[{"start":{"line":101,"column":16},"end":{"line":101,"column":27}},{"start":{"line":101,"column":27},"end":{"line":101,"column":42}},{"start":{"line":101,"column":42},"end":{"line":101,"column":null}}],"line":101},"19":{"loc":{"start":{"line":102,"column":16},"end":{"line":102,"column":null}},"type":"binary-expr","locations":[{"start":{"line":102,"column":16},"end":{"line":102,"column":27}},{"start":{"line":102,"column":27},"end":{"line":102,"column":40}},{"start":{"line":102,"column":40},"end":{"line":102,"column":null}}],"line":102},"20":{"loc":{"start":{"line":103,"column":16},"end":{"line":103,"column":null}},"type":"binary-expr","locations":[{"start":{"line":103,"column":16},"end":{"line":103,"column":25}},{"start":{"line":103,"column":25},"end":{"line":103,"column":36}},{"start":{"line":103,"column":36},"end":{"line":103,"column":null}}],"line":103},"21":{"loc":{"start":{"line":104,"column":16},"end":{"line":104,"column":null}},"type":"binary-expr","locations":[{"start":{"line":104,"column":16},"end":{"line":104,"column":30}},{"start":{"line":104,"column":30},"end":{"line":104,"column":40}},{"start":{"line":104,"column":40},"end":{"line":104,"column":null}}],"line":104},"22":{"loc":{"start":{"line":105,"column":16},"end":{"line":105,"column":null}},"type":"binary-expr","locations":[{"start":{"line":105,"column":16},"end":{"line":105,"column":28}},{"start":{"line":105,"column":28},"end":{"line":105,"column":null}}],"line":105},"23":{"loc":{"start":{"line":108,"column":25},"end":{"line":108,"column":null}},"type":"cond-expr","locations":[{"start":{"line":108,"column":37},"end":{"line":108,"column":60}},{"start":{"line":108,"column":60},"end":{"line":108,"column":null}}],"line":108},"24":{"loc":{"start":{"line":108,"column":37},"end":{"line":108,"column":60}},"type":"binary-expr","locations":[{"start":{"line":108,"column":37},"end":{"line":108,"column":56}},{"start":{"line":108,"column":56},"end":{"line":108,"column":60}}],"line":108},"25":{"loc":{"start":{"line":108,"column":60},"end":{"line":108,"column":null}},"type":"cond-expr","locations":[{"start":{"line":108,"column":68},"end":{"line":108,"column":72}},{"start":{"line":108,"column":72},"end":{"line":108,"column":null}}],"line":108},"26":{"loc":{"start":{"line":110,"column":24},"end":{"line":110,"column":null}},"type":"cond-expr","locations":[{"start":{"line":110,"column":45},"end":{"line":110,"column":54}},{"start":{"line":110,"column":54},"end":{"line":110,"column":null}}],"line":110},"27":{"loc":{"start":{"line":110,"column":24},"end":{"line":110,"column":45}},"type":"binary-expr","locations":[{"start":{"line":110,"column":24},"end":{"line":110,"column":37}},{"start":{"line":110,"column":37},"end":{"line":110,"column":45}}],"line":110},"28":{"loc":{"start":{"line":114,"column":16},"end":{"line":180,"column":null}},"type":"binary-expr","locations":[{"start":{"line":114,"column":16},"end":{"line":114,"column":29}},{"start":{"line":114,"column":29},"end":{"line":114,"column":null}},{"start":{"line":115,"column":16},"end":{"line":180,"column":null}}],"line":114},"29":{"loc":{"start":{"line":117,"column":19},"end":{"line":117,"column":null}},"type":"binary-expr","locations":[{"start":{"line":117,"column":19},"end":{"line":117,"column":28}},{"start":{"line":117,"column":28},"end":{"line":117,"column":39}},{"start":{"line":117,"column":39},"end":{"line":117,"column":null}}],"line":117},"30":{"loc":{"start":{"line":120,"column":19},"end":{"line":154,"column":null}},"type":"binary-expr","locations":[{"start":{"line":120,"column":19},"end":{"line":120,"column":null}},{"start":{"line":121,"column":20},"end":{"line":154,"column":null}}],"line":120},"31":{"loc":{"start":{"line":122,"column":22},"end":{"line":131,"column":null}},"type":"if","locations":[{"start":{"line":122,"column":22},"end":{"line":131,"column":null}},{"start":{},"end":{}}],"line":122},"32":{"loc":{"start":{"line":133,"column":22},"end":{"line":144,"column":null}},"type":"if","locations":[{"start":{"line":133,"column":22},"end":{"line":144,"column":null}},{"start":{},"end":{}}],"line":133},"33":{"loc":{"start":{"line":157,"column":19},"end":{"line":169,"column":null}},"type":"binary-expr","locations":[{"start":{"line":157,"column":19},"end":{"line":157,"column":null}},{"start":{"line":158,"column":20},"end":{"line":169,"column":null}}],"line":157},"34":{"loc":{"start":{"line":163,"column":33},"end":{"line":163,"column":null}},"type":"binary-expr","locations":[{"start":{"line":163,"column":33},"end":{"line":163,"column":55}},{"start":{"line":163,"column":55},"end":{"line":163,"column":null}}],"line":163},"35":{"loc":{"start":{"line":172,"column":19},"end":{"line":178,"column":null}},"type":"binary-expr","locations":[{"start":{"line":172,"column":19},"end":{"line":172,"column":31}},{"start":{"line":172,"column":31},"end":{"line":172,"column":null}},{"start":{"line":173,"column":20},"end":{"line":178,"column":null}}],"line":172},"36":{"loc":{"start":{"line":176,"column":24},"end":{"line":176,"column":null}},"type":"binary-expr","locations":[{"start":{"line":176,"column":24},"end":{"line":176,"column":37}},{"start":{"line":176,"column":37},"end":{"line":176,"column":null}}],"line":176}},"s":{"0":13,"1":2,"2":11,"3":11,"4":11,"5":11,"6":110,"7":9,"8":101,"9":101,"10":11,"11":110,"12":9,"13":101,"14":101,"15":22,"16":79,"17":10,"18":69,"19":11,"20":110,"21":27,"22":11,"23":34,"24":110,"25":110,"26":110,"27":9,"28":110,"29":110,"30":110,"31":110,"32":110,"33":110,"34":3,"35":1,"36":2,"37":1,"38":1,"39":1},"f":{"0":13,"1":110,"2":110,"3":110,"4":27,"5":34,"6":110,"7":9,"8":3,"9":1},"b":{"0":[13],"1":[13],"2":[13],"3":[2,11],"4":[13,12],"5":[9,101],"6":[9,101],"7":[22,79],"8":[10,69],"9":[27,9],"10":[110,34],"11":[110,34],"12":[9,3],"13":[110,53,16,4],"14":[11,99],"15":[2,108],"16":[110,108,51],"17":[110,108,36],"18":[110,108,49],"19":[110,108,36],"20":[110,11,11],"21":[110,14,14],"22":[110,11],"23":[96,14],"24":[96,8],"25":[0,14],"26":[96,14],"27":[110,14],"28":[110,14,96],"29":[96,11,11],"30":[96,94],"31":[1,2],"32":[1,1],"33":[96,94],"34":[1,0],"35":[96,11,11],"36":[11,0]},"meta":{"lastBranch":37,"lastFunction":10,"lastStatement":40,"seen":{"f:29:16:29:21":0,"b:34:17:34:Infinity":0,"b:35:16:35:Infinity":1,"b:36:13:36:Infinity":2,"b:38:2:40:Infinity:undefined:undefined:undefined:undefined":3,"s:38:2:40:Infinity":0,"b:38:6:38:15:38:15:38:34":4,"s:39:4:39:Infinity":1,"s:42:16:42:Infinity":2,"s:43:17:43:Infinity":3,"s:46:24:46:Infinity":4,"s:48:24:53:Infinity":5,"f:48:24:48:25":1,"b:49:4:49:Infinity:undefined:undefined:undefined:undefined":5,"s:49:4:49:Infinity":6,"s:49:21:49:Infinity":7,"s:51:6:51:Infinity":8,"s:52:4:52:Infinity":9,"s:55:29:62:Infinity":10,"f:55:29:55:30":2,"b:56:4:56:Infinity:undefined:undefined:undefined:undefined":6,"s:56:4:56:Infinity":11,"s:56:21:56:Infinity":12,"s:58:6:58:Infinity":13,"b:59:4:59:Infinity:undefined:undefined:undefined:undefined":7,"s:59:4:59:Infinity":14,"s:59:34:59:Infinity":15,"b:60:4:60:Infinity:undefined:undefined:undefined:undefined":8,"s:60:4:60:Infinity":16,"s:60:24:60:Infinity":17,"s:61:4:61:Infinity":18,"s:64:24:65:Infinity":19,"f:64:24:64:25":3,"s:65:4:65:Infinity":20,"f:65:20:65:21":4,"s:65:27:65:49":21,"b:65:27:65:40:65:40:65:49":9,"s:67:2:186:Infinity":22,"f:75:16:75:17":5,"s:76:8:184:Infinity":23,"f:76:16:76:17":6,"s:77:27:77:Infinity":24,"b:77:27:77:53:77:53:77:Infinity":10,"s:78:24:78:Infinity":25,"b:78:24:78:47:78:47:78:Infinity":11,"s:79:35:81:Infinity":26,"f:80:12:80:13":7,"s:80:19:80:Infinity":27,"b:80:19:80:41:80:41:80:Infinity":12,"s:83:31:83:Infinity":28,"s:85:25:85:Infinity":29,"b:85:25:85:37:85:37:85:51:85:51:85:66:85:66:85:Infinity":13,"s:87:30:87:Infinity":30,"s:88:34:88:Infinity":31,"s:91:28:91:Infinity":32,"b:91:36:91:43:91:43:91:Infinity":14,"s:93:10:182:Infinity":33,"b:98:25:98:43:98:43:98:Infinity":15,"b:99:16:99:27:99:27:99:39:99:39:99:Infinity":16,"b:100:16:100:27:100:27:100:41:100:41:100:Infinity":17,"b:101:16:101:27:101:27:101:42:101:42:101:Infinity":18,"b:102:16:102:27:102:27:102:40:102:40:102:Infinity":19,"b:103:16:103:25:103:25:103:36:103:36:103:Infinity":20,"b:104:16:104:30:104:30:104:40:104:40:104:Infinity":21,"b:105:16:105:28:105:28:105:Infinity":22,"b:108:37:108:60:108:60:108:Infinity":23,"b:108:37:108:56:108:56:108:60":24,"b:108:68:108:72:108:72:108:Infinity":25,"b:110:45:110:54:110:54:110:Infinity":26,"b:110:24:110:37:110:37:110:45":27,"b:114:16:114:29:114:29:114:Infinity:115:16:180:Infinity":28,"b:117:19:117:28:117:28:117:39:117:39:117:Infinity":29,"b:120:19:120:Infinity:121:20:154:Infinity":30,"f:121:37:121:38":8,"b:122:22:131:Infinity:undefined:undefined:undefined:undefined":31,"s:122:22:131:Infinity":34,"s:124:24:129:Infinity":35,"b:133:22:144:Infinity:undefined:undefined:undefined:undefined":32,"s:133:22:144:Infinity":36,"s:135:24:142:Infinity":37,"s:147:22:152:Infinity":38,"b:157:19:157:Infinity:158:20:169:Infinity":33,"f:158:41:158:42":9,"s:159:22:168:Infinity":39,"b:163:33:163:55:163:55:163:Infinity":34,"b:172:19:172:31:172:31:172:Infinity:173:20:178:Infinity":35,"b:176:24:176:37:176:37:176:Infinity":36}}}
,"C:\\Users\\diego\\Documents\\proyecto\\Maze-Rush-Frontend\\src\\components\\WinDialog.tsx": {"path":"C:\\Users\\diego\\Documents\\proyecto\\Maze-Rush-Frontend\\src\\components\\WinDialog.tsx","statementMap":{"0":{"start":{"line":39,"column":21},"end":{"line":43,"column":null}},"1":{"start":{"line":40,"column":17},"end":{"line":40,"column":null}},"2":{"start":{"line":41,"column":17},"end":{"line":41,"column":null}},"3":{"start":{"line":42,"column":4},"end":{"line":42,"column":null}},"4":{"start":{"line":45,"column":28},"end":{"line":45,"column":null}},"5":{"start":{"line":47,"column":2},"end":{"line":131,"column":null}}},"fnMap":{"0":{"name":"WinDialog","decl":{"start":{"line":31,"column":16},"end":{"line":31,"column":26}},"loc":{"start":{"line":38,"column":19},"end":{"line":133,"column":null}},"line":38},"1":{"name":"(anonymous_1)","decl":{"start":{"line":39,"column":21},"end":{"line":39,"column":22}},"loc":{"start":{"line":39,"column":42},"end":{"line":43,"column":null}},"line":39}},"branchMap":{"0":{"loc":{"start":{"line":36,"column":2},"end":{"line":36,"column":null}},"type":"default-arg","locations":[{"start":{"line":36,"column":13},"end":{"line":36,"column":null}}],"line":36},"1":{"loc":{"start":{"line":45,"column":28},"end":{"line":45,"column":null}},"type":"binary-expr","locations":[{"start":{"line":45,"column":28},"end":{"line":45,"column":42}},{"start":{"line":45,"column":42},"end":{"line":45,"column":61}},{"start":{"line":45,"column":61},"end":{"line":45,"column":null}}],"line":45},"2":{"loc":{"start":{"line":65,"column":13},"end":{"line":65,"column":null}},"type":"cond-expr","locations":[{"start":{"line":65,"column":24},"end":{"line":65,"column":40}},{"start":{"line":65,"column":40},"end":{"line":65,"column":null}}],"line":65},"3":{"loc":{"start":{"line":72,"column":11},"end":{"line":95,"column":null}},"type":"cond-expr","locations":[{"start":{"line":73,"column":12},"end":{"line":83,"column":null}},{"start":{"line":85,"column":12},"end":{"line":95,"column":null}}],"line":72}},"s":{"0":14,"1":14,"2":14,"3":14,"4":14,"5":14},"f":{"0":14,"1":14},"b":{"0":[14],"1":[14,10,9],"2":[12,2],"3":[12,2]},"meta":{"lastBranch":4,"lastFunction":2,"lastStatement":6,"seen":{"f:31:16:31:26":0,"b:36:13:36:Infinity":0,"s:39:21:43:Infinity":0,"f:39:21:39:22":1,"s:40:17:40:Infinity":1,"s:41:17:41:Infinity":2,"s:42:4:42:Infinity":3,"s:45:28:45:Infinity":4,"b:45:28:45:42:45:42:45:61:45:61:45:Infinity":1,"s:47:2:131:Infinity":5,"b:65:24:65:40:65:40:65:Infinity":2,"b:73:12:83:Infinity:85:12:95:Infinity":3}}}
,"C:\\Users\\diego\\Documents\\proyecto\\Maze-Rush-Frontend\\src\\context\\AuthContext.tsx": {"path":"C:\\Users\\diego\\Documents\\proyecto\\Maze-Rush-Frontend\\src\\context\\AuthContext.tsx","statementMap":{"0":{"start":{"line":11,"column":28},"end":{"line":156,"column":null}},"1":{"start":{"line":12,"column":22},"end":{"line":12,"column":null}},"2":{"start":{"line":13,"column":28},"end":{"line":13,"column":null}},"3":{"start":{"line":14,"column":38},"end":{"line":14,"column":null}},"4":{"start":{"line":16,"column":8},"end":{"line":16,"column":null}},"5":{"start":{"line":17,"column":8},"end":{"line":17,"column":null}},"6":{"start":{"line":18,"column":8},"end":{"line":18,"column":null}},"7":{"start":{"line":19,"column":8},"end":{"line":19,"column":null}},"8":{"start":{"line":21,"column":8},"end":{"line":31,"column":null}},"9":{"start":{"line":22,"column":4},"end":{"line":22,"column":null}},"10":{"start":{"line":22,"column":30},"end":{"line":22,"column":null}},"11":{"start":{"line":24,"column":22},"end":{"line":24,"column":null}},"12":{"start":{"line":25,"column":4},"end":{"line":30,"column":null}},"13":{"start":{"line":26,"column":6},"end":{"line":29,"column":null}},"14":{"start":{"line":27,"column":23},"end":{"line":27,"column":null}},"15":{"start":{"line":28,"column":8},"end":{"line":28,"column":null}},"16":{"start":{"line":28,"column":23},"end":{"line":28,"column":null}},"17":{"start":{"line":33,"column":8},"end":{"line":58,"column":null}},"18":{"start":{"line":34,"column":4},"end":{"line":34,"column":null}},"19":{"start":{"line":35,"column":4},"end":{"line":35,"column":null}},"20":{"start":{"line":36,"column":4},"end":{"line":36,"column":null}},"21":{"start":{"line":37,"column":4},"end":{"line":46,"column":null}},"22":{"start":{"line":47,"column":4},"end":{"line":47,"column":null}},"23":{"start":{"line":49,"column":4},"end":{"line":57,"column":null}},"24":{"start":{"line":60,"column":8},"end":{"line":76,"column":null}},"25":{"start":{"line":61,"column":4},"end":{"line":61,"column":null}},"26":{"start":{"line":62,"column":4},"end":{"line":75,"column":null}},"27":{"start":{"line":63,"column":21},"end":{"line":63,"column":null}},"28":{"start":{"line":64,"column":6},"end":{"line":71,"column":null}},"29":{"start":{"line":65,"column":8},"end":{"line":65,"column":null}},"30":{"start":{"line":66,"column":8},"end":{"line":66,"column":null}},"31":{"start":{"line":67,"column":8},"end":{"line":67,"column":null}},"32":{"start":{"line":69,"column":8},"end":{"line":69,"column":null}},"33":{"start":{"line":70,"column":8},"end":{"line":70,"column":null}},"34":{"start":{"line":73,"column":6},"end":{"line":73,"column":null}},"35":{"start":{"line":74,"column":6},"end":{"line":74,"column":null}},"36":{"start":{"line":78,"column":8},"end":{"line":86,"column":null}},"37":{"start":{"line":79,"column":4},"end":{"line":79,"column":null}},"38":{"start":{"line":79,"column":27},"end":{"line":79,"column":null}},"39":{"start":{"line":80,"column":4},"end":{"line":80,"column":null}},"40":{"start":{"line":81,"column":4},"end":{"line":81,"column":null}},"41":{"start":{"line":82,"column":4},"end":{"line":82,"column":null}},"42":{"start":{"line":83,"column":4},"end":{"line":83,"column":null}},"43":{"start":{"line":83,"column":30},"end":{"line":83,"column":null}},"44":{"start":{"line":84,"column":4},"end":{"line":84,"column":null}},"45":{"start":{"line":85,"column":4},"end":{"line":85,"column":null}},"46":{"start":{"line":88,"column":8},"end":{"line":90,"column":null}},"47":{"start":{"line":89,"column":4},"end":{"line":89,"column":null}},"48":{"start":{"line":89,"column":23},"end":{"line":89,"column":58}},"49":{"start":{"line":93,"column":2},"end":{"line":149,"column":null}},"50":{"start":{"line":94,"column":27},"end":{"line":146,"column":null}},"51":{"start":{"line":95,"column":6},"end":{"line":95,"column":null}},"52":{"start":{"line":96,"column":18},"end":{"line":96,"column":null}},"53":{"start":{"line":98,"column":6},"end":{"line":101,"column":null}},"54":{"start":{"line":99,"column":8},"end":{"line":99,"column":null}},"55":{"start":{"line":100,"column":8},"end":{"line":100,"column":null}},"56":{"start":{"line":103,"column":6},"end":{"line":145,"column":null}},"57":{"start":{"line":104,"column":23},"end":{"line":104,"column":null}},"58":{"start":{"line":105,"column":26},"end":{"line":105,"column":null}},"59":{"start":{"line":106,"column":20},"end":{"line":106,"column":null}},"60":{"start":{"line":109,"column":8},"end":{"line":140,"column":null}},"61":{"start":{"line":110,"column":10},"end":{"line":117,"column":null}},"62":{"start":{"line":118,"column":10},"end":{"line":118,"column":null}},"63":{"start":{"line":119,"column":8},"end":{"line":140,"column":null}},"64":{"start":{"line":122,"column":10},"end":{"line":133,"column":null}},"65":{"start":{"line":123,"column":27},"end":{"line":123,"column":null}},"66":{"start":{"line":124,"column":12},"end":{"line":129,"column":null}},"67":{"start":{"line":125,"column":14},"end":{"line":125,"column":null}},"68":{"start":{"line":128,"column":14},"end":{"line":128,"column":null}},"69":{"start":{"line":132,"column":12},"end":{"line":132,"column":null}},"70":{"start":{"line":134,"column":10},"end":{"line":134,"column":null}},"71":{"start":{"line":138,"column":10},"end":{"line":138,"column":null}},"72":{"start":{"line":139,"column":10},"end":{"line":139,"column":null}},"73":{"start":{"line":143,"column":8},"end":{"line":143,"column":null}},"74":{"start":{"line":144,"column":8},"end":{"line":144,"column":null}},"75":{"start":{"line":148,"column":4},"end":{"line":148,"column":null}},"76":{"start":{"line":151,"column":2},"end":{"line":154,"column":null}},"77":{"start":{"line":160,"column":17},"end":{"line":160,"column":null}},"78":{"start":{"line":161,"column":13},"end":{"line":161,"column":null}},"79":{"start":{"line":162,"column":2},"end":{"line":162,"column":null}},"80":{"start":{"line":162,"column":15},"end":{"line":162,"column":18}},"81":{"start":{"line":162,"column":41},"end":{"line":162,"column":null}},"82":{"start":{"line":163,"column":2},"end":{"line":163,"column":null}}},"fnMap":{"0":{"name":"(anonymous_0)","decl":{"start":{"line":11,"column":28},"end":{"line":11,"column":29}},"loc":{"start":{"line":11,"column":71},"end":{"line":156,"column":null}},"line":11},"1":{"name":"(anonymous_1)","decl":{"start":{"line":21,"column":38},"end":{"line":21,"column":39}},"loc":{"start":{"line":21,"column":68},"end":{"line":31,"column":5}},"line":21},"2":{"name":"(anonymous_2)","decl":{"start":{"line":25,"column":45},"end":{"line":25,"column":57}},"loc":{"start":{"line":25,"column":57},"end":{"line":30,"column":7}},"line":25},"3":{"name":"(anonymous_3)","decl":{"start":{"line":33,"column":32},"end":{"line":33,"column":33}},"loc":{"start":{"line":33,"column":56},"end":{"line":58,"column":5}},"line":33},"4":{"name":"(anonymous_4)","decl":{"start":{"line":60,"column":38},"end":{"line":60,"column":45}},"loc":{"start":{"line":60,"column":110},"end":{"line":76,"column":5}},"line":60},"5":{"name":"(anonymous_5)","decl":{"start":{"line":78,"column":29},"end":{"line":78,"column":35}},"loc":{"start":{"line":78,"column":35},"end":{"line":86,"column":5}},"line":78},"6":{"name":"(anonymous_6)","decl":{"start":{"line":88,"column":36},"end":{"line":88,"column":37}},"loc":{"start":{"line":88,"column":68},"end":{"line":90,"column":5}},"line":88},"7":{"name":"(anonymous_7)","decl":{"start":{"line":89,"column":12},"end":{"line":89,"column":13}},"loc":{"start":{"line":89,"column":23},"end":{"line":89,"column":58}},"line":89},"8":{"name":"(anonymous_8)","decl":{"start":{"line":93,"column":12},"end":{"line":93,"column":18}},"loc":{"start":{"line":93,"column":18},"end":{"line":149,"column":5}},"line":93},"9":{"name":"(anonymous_9)","decl":{"start":{"line":94,"column":27},"end":{"line":94,"column":39}},"loc":{"start":{"line":94,"column":39},"end":{"line":146,"column":null}},"line":94},"10":{"name":"pickColorFromEmail","decl":{"start":{"line":159,"column":9},"end":{"line":159,"column":28}},"loc":{"start":{"line":159,"column":43},"end":{"line":164,"column":null}},"line":159}},"branchMap":{"0":{"loc":{"start":{"line":22,"column":4},"end":{"line":22,"column":null}},"type":"if","locations":[{"start":{"line":22,"column":4},"end":{"line":22,"column":null}},{"start":{},"end":{}}],"line":22},"1":{"loc":{"start":{"line":26,"column":6},"end":{"line":29,"column":null}},"type":"if","locations":[{"start":{"line":26,"column":6},"end":{"line":29,"column":null}},{"start":{},"end":{}}],"line":26},"2":{"loc":{"start":{"line":28,"column":8},"end":{"line":28,"column":null}},"type":"if","locations":[{"start":{"line":28,"column":8},"end":{"line":28,"column":null}},{"start":{},"end":{}}],"line":28},"3":{"loc":{"start":{"line":64,"column":6},"end":{"line":71,"column":null}},"type":"if","locations":[{"start":{"line":64,"column":6},"end":{"line":71,"column":null}},{"start":{"line":68,"column":13},"end":{"line":71,"column":null}}],"line":64},"4":{"loc":{"start":{"line":79,"column":4},"end":{"line":79,"column":null}},"type":"if","locations":[{"start":{"line":79,"column":4},"end":{"line":79,"column":null}},{"start":{},"end":{}}],"line":79},"5":{"loc":{"start":{"line":83,"column":4},"end":{"line":83,"column":null}},"type":"if","locations":[{"start":{"line":83,"column":4},"end":{"line":83,"column":null}},{"start":{},"end":{}}],"line":83},"6":{"loc":{"start":{"line":89,"column":23},"end":{"line":89,"column":58}},"type":"cond-expr","locations":[{"start":{"line":89,"column":30},"end":{"line":89,"column":53}},{"start":{"line":89,"column":53},"end":{"line":89,"column":58}}],"line":89},"7":{"loc":{"start":{"line":98,"column":6},"end":{"line":101,"column":null}},"type":"if","locations":[{"start":{"line":98,"column":6},"end":{"line":101,"column":null}},{"start":{},"end":{}}],"line":98},"8":{"loc":{"start":{"line":105,"column":26},"end":{"line":105,"column":null}},"type":"cond-expr","locations":[{"start":{"line":105,"column":45},"end":{"line":105,"column":76}},{"start":{"line":105,"column":76},"end":{"line":105,"column":null}}],"line":105},"9":{"loc":{"start":{"line":109,"column":8},"end":{"line":140,"column":null}},"type":"if","locations":[{"start":{"line":109,"column":8},"end":{"line":140,"column":null}},{"start":{"line":119,"column":8},"end":{"line":140,"column":null}}],"line":109},"10":{"loc":{"start":{"line":109,"column":12},"end":{"line":109,"column":42}},"type":"binary-expr","locations":[{"start":{"line":109,"column":12},"end":{"line":109,"column":25}},{"start":{"line":109,"column":25},"end":{"line":109,"column":42}}],"line":109},"11":{"loc":{"start":{"line":119,"column":8},"end":{"line":140,"column":null}},"type":"if","locations":[{"start":{"line":119,"column":8},"end":{"line":140,"column":null}},{"start":{"line":137,"column":13},"end":{"line":140,"column":null}}],"line":119},"12":{"loc":{"start":{"line":124,"column":12},"end":{"line":129,"column":null}},"type":"if","locations":[{"start":{"line":124,"column":12},"end":{"line":129,"column":null}},{"start":{"line":126,"column":19},"end":{"line":129,"column":null}}],"line":124},"13":{"loc":{"start":{"line":152,"column":50},"end":{"line":152,"column":75}},"type":"binary-expr","locations":[{"start":{"line":152,"column":50},"end":{"line":152,"column":61}},{"start":{"line":152,"column":61},"end":{"line":152,"column":75}}],"line":152}},"s":{"0":1,"1":22,"2":22,"3":22,"4":22,"5":22,"6":22,"7":22,"8":22,"9":5,"10":0,"11":5,"12":5,"13":0,"14":0,"15":0,"16":0,"17":22,"18":5,"19":5,"20":5,"21":5,"22":5,"23":5,"24":22,"25":2,"26":2,"27":2,"28":2,"29":1,"30":1,"31":1,"32":1,"33":1,"34":0,"35":0,"36":22,"37":1,"38":1,"39":1,"40":1,"41":1,"42":1,"43":1,"44":1,"45":1,"46":22,"47":1,"48":1,"49":22,"50":8,"51":8,"52":8,"53":8,"54":3,"55":3,"56":5,"57":5,"58":5,"59":8,"60":8,"61":3,"62":3,"63":2,"64":2,"65":2,"66":2,"67":1,"68":1,"69":0,"70":2,"71":0,"72":0,"73":0,"74":0,"75":8,"76":22,"77":5,"78":5,"79":5,"80":5,"81":67,"82":5},"f":{"0":22,"1":5,"2":0,"3":5,"4":2,"5":1,"6":1,"7":1,"8":8,"9":8,"10":5},"b":{"0":[0,5],"1":[0,0],"2":[0,0],"3":[1,1],"4":[1,0],"5":[1,0],"6":[1,0],"7":[3,5],"8":[5,0],"9":[3,2],"10":[8,5],"11":[2,0],"12":[1,1],"13":[22,20]},"meta":{"lastBranch":14,"lastFunction":11,"lastStatement":83,"seen":{"s:11:28:156:Infinity":0,"f:11:28:11:29":0,"s:12:22:12:Infinity":1,"s:13:28:13:Infinity":2,"s:14:38:14:Infinity":3,"s:16:8:16:Infinity":4,"s:17:8:17:Infinity":5,"s:18:8:18:Infinity":6,"s:19:8:19:Infinity":7,"s:21:8:31:Infinity":8,"f:21:38:21:39":1,"b:22:4:22:Infinity:undefined:undefined:undefined:undefined":0,"s:22:4:22:Infinity":9,"s:22:30:22:Infinity":10,"s:24:22:24:Infinity":11,"s:25:4:30:Infinity":12,"f:25:45:25:57":2,"b:26:6:29:Infinity:undefined:undefined:undefined:undefined":1,"s:26:6:29:Infinity":13,"s:27:23:27:Infinity":14,"b:28:8:28:Infinity:undefined:undefined:undefined:undefined":2,"s:28:8:28:Infinity":15,"s:28:23:28:Infinity":16,"s:33:8:58:Infinity":17,"f:33:32:33:33":3,"s:34:4:34:Infinity":18,"s:35:4:35:Infinity":19,"s:36:4:36:Infinity":20,"s:37:4:46:Infinity":21,"s:47:4:47:Infinity":22,"s:49:4:57:Infinity":23,"s:60:8:76:Infinity":24,"f:60:38:60:45":4,"s:61:4:61:Infinity":25,"s:62:4:75:Infinity":26,"s:63:21:63:Infinity":27,"b:64:6:71:Infinity:68:13:71:Infinity":3,"s:64:6:71:Infinity":28,"s:65:8:65:Infinity":29,"s:66:8:66:Infinity":30,"s:67:8:67:Infinity":31,"s:69:8:69:Infinity":32,"s:70:8:70:Infinity":33,"s:73:6:73:Infinity":34,"s:74:6:74:Infinity":35,"s:78:8:86:Infinity":36,"f:78:29:78:35":5,"b:79:4:79:Infinity:undefined:undefined:undefined:undefined":4,"s:79:4:79:Infinity":37,"s:79:27:79:Infinity":38,"s:80:4:80:Infinity":39,"s:81:4:81:Infinity":40,"s:82:4:82:Infinity":41,"b:83:4:83:Infinity:undefined:undefined:undefined:undefined":5,"s:83:4:83:Infinity":42,"s:83:30:83:Infinity":43,"s:84:4:84:Infinity":44,"s:85:4:85:Infinity":45,"s:88:8:90:Infinity":46,"f:88:36:88:37":6,"s:89:4:89:Infinity":47,"f:89:12:89:13":7,"s:89:23:89:58":48,"b:89:30:89:53:89:53:89:58":6,"s:93:2:149:Infinity":49,"f:93:12:93:18":8,"s:94:27:146:Infinity":50,"f:94:27:94:39":9,"s:95:6:95:Infinity":51,"s:96:18:96:Infinity":52,"b:98:6:101:Infinity:undefined:undefined:undefined:undefined":7,"s:98:6:101:Infinity":53,"s:99:8:99:Infinity":54,"s:100:8:100:Infinity":55,"s:103:6:145:Infinity":56,"s:104:23:104:Infinity":57,"s:105:26:105:Infinity":58,"b:105:45:105:76:105:76:105:Infinity":8,"s:106:20:106:Infinity":59,"b:109:8:140:Infinity:119:8:140:Infinity":9,"s:109:8:140:Infinity":60,"b:109:12:109:25:109:25:109:42":10,"s:110:10:117:Infinity":61,"s:118:10:118:Infinity":62,"b:119:8:140:Infinity:137:13:140:Infinity":11,"s:119:8:140:Infinity":63,"s:122:10:133:Infinity":64,"s:123:27:123:Infinity":65,"b:124:12:129:Infinity:126:19:129:Infinity":12,"s:124:12:129:Infinity":66,"s:125:14:125:Infinity":67,"s:128:14:128:Infinity":68,"s:132:12:132:Infinity":69,"s:134:10:134:Infinity":70,"s:138:10:138:Infinity":71,"s:139:10:139:Infinity":72,"s:143:8:143:Infinity":73,"s:144:8:144:Infinity":74,"s:148:4:148:Infinity":75,"s:151:2:154:Infinity":76,"b:152:50:152:61:152:61:152:75":13,"f:159:9:159:28":10,"s:160:17:160:Infinity":77,"s:161:13:161:Infinity":78,"s:162:2:162:Infinity":79,"s:162:15:162:18":80,"s:162:41:162:Infinity":81,"s:163:2:163:Infinity":82}}}
,"C:\\Users\\diego\\Documents\\proyecto\\Maze-Rush-Frontend\\src\\context\\AuthTypes.ts": {"path":"C:\\Users\\diego\\Documents\\proyecto\\Maze-Rush-Frontend\\src\\context\\AuthTypes.ts","statementMap":{"0":{"start":{"line":22,"column":13},"end":{"line":22,"column":null}}},"fnMap":{},"branchMap":{},"s":{"0":1},"f":{},"b":{},"meta":{"lastBranch":0,"lastFunction":0,"lastStatement":1,"seen":{"s:22:13:22:Infinity":0}}}
,"C:\\Users\\diego\\Documents\\proyecto\\Maze-Rush-Frontend\\src\\context\\useAuth.ts": {"path":"C:\\Users\\diego\\Documents\\proyecto\\Maze-Rush-Frontend\\src\\context\\useAuth.ts","statementMap":{"0":{"start":{"line":4,"column":23},"end":{"line":8,"column":null}},"1":{"start":{"line":5,"column":8},"end":{"line":5,"column":null}},"2":{"start":{"line":6,"column":2},"end":{"line":6,"column":null}},"3":{"start":{"line":6,"column":12},"end":{"line":6,"column":null}},"4":{"start":{"line":7,"column":2},"end":{"line":7,"column":null}}},"fnMap":{"0":{"name":"(anonymous_0)","decl":{"start":{"line":4,"column":23},"end":{"line":4,"column":29}},"loc":{"start":{"line":4,"column":29},"end":{"line":8,"column":null}},"line":4}},"branchMap":{"0":{"loc":{"start":{"line":6,"column":2},"end":{"line":6,"column":null}},"type":"if","locations":[{"start":{"line":6,"column":2},"end":{"line":6,"column":null}},{"start":{},"end":{}}],"line":6}},"s":{"0":1,"1":22,"2":22,"3":0,"4":22},"f":{"0":22},"b":{"0":[0,22]},"meta":{"lastBranch":1,"lastFunction":1,"lastStatement":5,"seen":{"s:4:23:8:Infinity":0,"f:4:23:4:29":0,"s:5:8:5:Infinity":1,"b:6:2:6:Infinity:undefined:undefined:undefined:undefined":0,"s:6:2:6:Infinity":2,"s:6:12:6:Infinity":3,"s:7:2:7:Infinity":4}}}
,"C:\\Users\\diego\\Documents\\proyecto\\Maze-Rush-Frontend\\src\\features\\dashboard\\DashboardPage.tsx": {"path":"C:\\Users\\diego\\Documents\\proyecto\\Maze-Rush-Frontend\\src\\features\\dashboard\\DashboardPage.tsx","statementMap":{"0":{"start":{"line":35,"column":20},"end":{"line":35,"column":null}},"1":{"start":{"line":36,"column":18},"end":{"line":36,"column":null}},"2":{"start":{"line":38,"column":2},"end":{"line":93,"column":null}},"3":{"start":{"line":85,"column":12},"end":{"line":85,"column":null}},"4":{"start":{"line":86,"column":12},"end":{"line":86,"column":null}},"5":{"start":{"line":98,"column":8},"end":{"line":98,"column":null}},"6":{"start":{"line":99,"column":15},"end":{"line":99,"column":null}},"7":{"start":{"line":101,"column":42},"end":{"line":101,"column":null}},"8":{"start":{"line":102,"column":38},"end":{"line":102,"column":null}},"9":{"start":{"line":103,"column":24},"end":{"line":103,"column":null}},"10":{"start":{"line":105,"column":36},"end":{"line":105,"column":null}},"11":{"start":{"line":106,"column":42},"end":{"line":106,"column":null}},"12":{"start":{"line":107,"column":40},"end":{"line":107,"column":null}},"13":{"start":{"line":109,"column":36},"end":{"line":109,"column":null}},"14":{"start":{"line":110,"column":23},"end":{"line":110,"column":null}},"15":{"start":{"line":112,"column":8},"end":{"line":112,"column":null}},"16":{"start":{"line":114,"column":8},"end":{"line":142,"column":null}},"17":{"start":{"line":115,"column":4},"end":{"line":115,"column":null}},"18":{"start":{"line":116,"column":4},"end":{"line":116,"column":null}},"19":{"start":{"line":117,"column":4},"end":{"line":141,"column":null}},"20":{"start":{"line":118,"column":21},"end":{"line":118,"column":null}},"21":{"start":{"line":119,"column":6},"end":{"line":119,"column":null}},"22":{"start":{"line":121,"column":6},"end":{"line":135,"column":null}},"23":{"start":{"line":122,"column":8},"end":{"line":122,"column":null}},"24":{"start":{"line":123,"column":8},"end":{"line":123,"column":null}},"25":{"start":{"line":125,"column":28},"end":{"line":127,"column":null}},"26":{"start":{"line":126,"column":10},"end":{"line":126,"column":null}},"27":{"start":{"line":128,"column":8},"end":{"line":128,"column":null}},"28":{"start":{"line":129,"column":8},"end":{"line":129,"column":null}},"29":{"start":{"line":131,"column":8},"end":{"line":131,"column":null}},"30":{"start":{"line":133,"column":8},"end":{"line":133,"column":null}},"31":{"start":{"line":134,"column":8},"end":{"line":134,"column":null}},"32":{"start":{"line":137,"column":6},"end":{"line":137,"column":null}},"33":{"start":{"line":138,"column":6},"end":{"line":138,"column":null}},"34":{"start":{"line":140,"column":6},"end":{"line":140,"column":null}},"35":{"start":{"line":144,"column":2},"end":{"line":157,"column":null}},"36":{"start":{"line":145,"column":24},"end":{"line":154,"column":null}},"37":{"start":{"line":146,"column":28},"end":{"line":148,"column":null}},"38":{"start":{"line":147,"column":18},"end":{"line":147,"column":null}},"39":{"start":{"line":150,"column":6},"end":{"line":153,"column":null}},"40":{"start":{"line":151,"column":8},"end":{"line":151,"column":null}},"41":{"start":{"line":152,"column":8},"end":{"line":152,"column":null}},"42":{"start":{"line":156,"column":4},"end":{"line":156,"column":null}},"43":{"start":{"line":156,"column":17},"end":{"line":156,"column":null}},"44":{"start":{"line":159,"column":8},"end":{"line":194,"column":null}},"45":{"start":{"line":160,"column":4},"end":{"line":160,"column":null}},"46":{"start":{"line":161,"column":4},"end":{"line":161,"column":null}},"47":{"start":{"line":162,"column":4},"end":{"line":162,"column":null}},"48":{"start":{"line":163,"column":4},"end":{"line":163,"column":null}},"49":{"start":{"line":164,"column":4},"end":{"line":164,"column":null}},"50":{"start":{"line":166,"column":19},"end":{"line":166,"column":null}},"51":{"start":{"line":168,"column":4},"end":{"line":173,"column":null}},"52":{"start":{"line":169,"column":6},"end":{"line":171,"column":null}},"53":{"start":{"line":170,"column":8},"end":{"line":170,"column":null}},"54":{"start":{"line":172,"column":6},"end":{"line":172,"column":null}},"55":{"start":{"line":175,"column":4},"end":{"line":178,"column":null}},"56":{"start":{"line":176,"column":6},"end":{"line":176,"column":null}},"57":{"start":{"line":176,"column":41},"end":{"line":176,"column":73}},"58":{"start":{"line":177,"column":6},"end":{"line":177,"column":null}},"59":{"start":{"line":180,"column":4},"end":{"line":190,"column":null}},"60":{"start":{"line":181,"column":6},"end":{"line":188,"column":null}},"61":{"start":{"line":182,"column":8},"end":{"line":187,"column":null}},"62":{"start":{"line":183,"column":22},"end":{"line":183,"column":null}},"63":{"start":{"line":184,"column":22},"end":{"line":184,"column":null}},"64":{"start":{"line":185,"column":21},"end":{"line":185,"column":null}},"65":{"start":{"line":186,"column":19},"end":{"line":186,"column":null}},"66":{"start":{"line":189,"column":6},"end":{"line":189,"column":null}},"67":{"start":{"line":192,"column":4},"end":{"line":192,"column":null}},"68":{"start":{"line":193,"column":4},"end":{"line":193,"column":null}},"69":{"start":{"line":196,"column":8},"end":{"line":205,"column":null}},"70":{"start":{"line":197,"column":10},"end":{"line":197,"column":null}},"71":{"start":{"line":198,"column":21},"end":{"line":198,"column":null}},"72":{"start":{"line":199,"column":22},"end":{"line":199,"column":null}},"73":{"start":{"line":200,"column":4},"end":{"line":200,"column":null}},"74":{"start":{"line":201,"column":4},"end":{"line":201,"column":null}},"75":{"start":{"line":202,"column":4},"end":{"line":202,"column":null}},"76":{"start":{"line":203,"column":4},"end":{"line":203,"column":null}},"77":{"start":{"line":204,"column":4},"end":{"line":204,"column":null}},"78":{"start":{"line":207,"column":21},"end":{"line":207,"column":null}},"79":{"start":{"line":209,"column":27},"end":{"line":212,"column":null}},"80":{"start":{"line":210,"column":4},"end":{"line":210,"column":null}},"81":{"start":{"line":211,"column":4},"end":{"line":211,"column":null}},"82":{"start":{"line":214,"column":29},"end":{"line":219,"column":null}},"83":{"start":{"line":215,"column":4},"end":{"line":215,"column":null}},"84":{"start":{"line":216,"column":4},"end":{"line":216,"column":null}},"85":{"start":{"line":217,"column":4},"end":{"line":217,"column":null}},"86":{"start":{"line":218,"column":4},"end":{"line":218,"column":null}},"87":{"start":{"line":221,"column":29},"end":{"line":224,"column":null}},"88":{"start":{"line":222,"column":4},"end":{"line":222,"column":null}},"89":{"start":{"line":223,"column":4},"end":{"line":223,"column":null}},"90":{"start":{"line":226,"column":25},"end":{"line":242,"column":null}},"91":{"start":{"line":227,"column":4},"end":{"line":241,"column":null}},"92":{"start":{"line":228,"column":6},"end":{"line":228,"column":null}},"93":{"start":{"line":229,"column":21},"end":{"line":229,"column":null}},"94":{"start":{"line":231,"column":6},"end":{"line":237,"column":null}},"95":{"start":{"line":232,"column":8},"end":{"line":232,"column":null}},"96":{"start":{"line":233,"column":8},"end":{"line":233,"column":null}},"97":{"start":{"line":235,"column":8},"end":{"line":235,"column":null}},"98":{"start":{"line":236,"column":8},"end":{"line":236,"column":null}},"99":{"start":{"line":239,"column":6},"end":{"line":239,"column":null}},"100":{"start":{"line":240,"column":6},"end":{"line":240,"column":null}},"101":{"start":{"line":244,"column":2},"end":{"line":246,"column":null}},"102":{"start":{"line":245,"column":4},"end":{"line":245,"column":null}},"103":{"start":{"line":248,"column":2},"end":{"line":523,"column":null}},"104":{"start":{"line":299,"column":25},"end":{"line":299,"column":null}},"105":{"start":{"line":315,"column":25},"end":{"line":315,"column":null}},"106":{"start":{"line":337,"column":29},"end":{"line":337,"column":null}},"107":{"start":{"line":356,"column":33},"end":{"line":356,"column":null}},"108":{"start":{"line":370,"column":33},"end":{"line":370,"column":null}},"109":{"start":{"line":457,"column":39},"end":{"line":457,"column":null}},"110":{"start":{"line":458,"column":35},"end":{"line":458,"column":null}},"111":{"start":{"line":460,"column":16},"end":{"line":465,"column":null}},"112":{"start":{"line":467,"column":16},"end":{"line":478,"column":null}},"113":{"start":{"line":477,"column":34},"end":{"line":477,"column":null}}},"fnMap":{"0":{"name":"RoomCard","decl":{"start":{"line":34,"column":9},"end":{"line":34,"column":18}},"loc":{"start":{"line":34,"column":111},"end":{"line":95,"column":null}},"line":34},"1":{"name":"(anonymous_1)","decl":{"start":{"line":84,"column":19},"end":{"line":84,"column":20}},"loc":{"start":{"line":84,"column":26},"end":{"line":87,"column":null}},"line":84},"2":{"name":"DashboardPage","decl":{"start":{"line":97,"column":24},"end":{"line":97,"column":40}},"loc":{"start":{"line":97,"column":40},"end":{"line":525,"column":null}},"line":97},"3":{"name":"(anonymous_3)","decl":{"start":{"line":114,"column":42},"end":{"line":114,"column":54}},"loc":{"start":{"line":114,"column":54},"end":{"line":142,"column":5}},"line":114},"4":{"name":"(anonymous_4)","decl":{"start":{"line":125,"column":47},"end":{"line":125,"column":null}},"loc":{"start":{"line":126,"column":10},"end":{"line":126,"column":null}},"line":126},"5":{"name":"(anonymous_5)","decl":{"start":{"line":144,"column":12},"end":{"line":144,"column":18}},"loc":{"start":{"line":144,"column":18},"end":{"line":157,"column":5}},"line":144},"6":{"name":"(anonymous_6)","decl":{"start":{"line":145,"column":35},"end":{"line":145,"column":41}},"loc":{"start":{"line":145,"column":41},"end":{"line":154,"column":7}},"line":145},"7":{"name":"(anonymous_7)","decl":{"start":{"line":147,"column":8},"end":{"line":147,"column":18}},"loc":{"start":{"line":147,"column":18},"end":{"line":147,"column":null}},"line":147},"8":{"name":"(anonymous_8)","decl":{"start":{"line":156,"column":11},"end":{"line":156,"column":17}},"loc":{"start":{"line":156,"column":17},"end":{"line":156,"column":null}},"line":156},"9":{"name":"(anonymous_9)","decl":{"start":{"line":159,"column":32},"end":{"line":159,"column":38}},"loc":{"start":{"line":159,"column":38},"end":{"line":194,"column":5}},"line":159},"10":{"name":"(anonymous_10)","decl":{"start":{"line":169,"column":33},"end":{"line":169,"column":null}},"loc":{"start":{"line":170,"column":8},"end":{"line":170,"column":null}},"line":170},"11":{"name":"(anonymous_11)","decl":{"start":{"line":176,"column":33},"end":{"line":176,"column":41}},"loc":{"start":{"line":176,"column":41},"end":{"line":176,"column":73}},"line":176},"12":{"name":"(anonymous_12)","decl":{"start":{"line":181,"column":33},"end":{"line":181,"column":41}},"loc":{"start":{"line":181,"column":41},"end":{"line":188,"column":7}},"line":181},"13":{"name":"(anonymous_13)","decl":{"start":{"line":196,"column":33},"end":{"line":196,"column":39}},"loc":{"start":{"line":196,"column":39},"end":{"line":205,"column":5}},"line":196},"14":{"name":"(anonymous_14)","decl":{"start":{"line":209,"column":27},"end":{"line":209,"column":28}},"loc":{"start":{"line":209,"column":82},"end":{"line":212,"column":null}},"line":209},"15":{"name":"(anonymous_15)","decl":{"start":{"line":214,"column":29},"end":{"line":214,"column":35}},"loc":{"start":{"line":214,"column":35},"end":{"line":
[...]
,"C:\\Users\\diego\\Documents\\proyecto\\Maze-Rush-Frontend\\src\\hooks\\useRoomUpdates.ts": {"path":"C:\\Users\\diego\\Documents\\proyecto\\Maze-Rush-Frontend\\src\\hooks\\useRoomUpdates.ts","statementMap":{"0":{"start":{"line":22,"column":36},"end":{"line":22,"column":null}},"1":{"start":{"line":23,"column":8},"end":{"line":23,"column":null}},"2":{"start":{"line":25,"column":8},"end":{"line":86,"column":null}},"3":{"start":{"line":26,"column":4},"end":{"line":29,"column":null}},"4":{"start":{"line":27,"column":6},"end":{"line":27,"column":null}},"5":{"start":{"line":28,"column":6},"end":{"line":28,"column":null}},"6":{"start":{"line":31,"column":4},"end":{"line":31,"column":null}},"7":{"start":{"line":34,"column":22},"end":{"line":34,"column":null}},"8":{"start":{"line":35,"column":4},"end":{"line":41,"column":null}},"9":{"start":{"line":36,"column":6},"end":{"line":40,"column":null}},"10":{"start":{"line":37,"column":8},"end":{"line":37,"column":null}},"11":{"start":{"line":43,"column":18},"end":{"line":43,"column":null}},"12":{"start":{"line":44,"column":4},"end":{"line":44,"column":null}},"13":{"start":{"line":46,"column":19},"end":{"line":46,"column":null}},"14":{"start":{"line":47,"column":19},"end":{"line":81,"column":null}},"15":{"start":{"line":49,"column":30},"end":{"line":49,"column":null}},"16":{"start":{"line":54,"column":8},"end":{"line":54,"column":null}},"17":{"start":{"line":57,"column":8},"end":{"line":57,"column":null}},"18":{"start":{"line":58,"column":8},"end":{"line":72,"column":null}},"19":{"start":{"line":59,"column":10},"end":{"line":71,"column":null}},"20":{"start":{"line":60,"column":27},"end":{"line":60,"column":null}},"21":{"start":{"line":61,"column":12},"end":{"line":61,"column":null}},"22":{"start":{"line":62,"column":12},"end":{"line":68,"column":null}},"23":{"start":{"line":62,"column":38},"end":{"line":68,"column":14}},"24":{"start":{"line":70,"column":12},"end":{"line":70,"column":null}},"25":{"start":{"line":73,"column":8},"end":{"line":73,"column":null}},"26":{"start":{"line":76,"column":8},"end":{"line":76,"column":null}},"27":{"start":{"line":79,"column":8},"end":{"line":79,"column":null}},"28":{"start":{"line":83,"column":4},"end":{"line":83,"column":null}},"29":{"start":{"line":84,"column":4},"end":{"line":84,"column":null}},"30":{"start":{"line":85,"column":4},"end":{"line":85,"column":null}},"31":{"start":{"line":88,"column":8},"end":{"line":93,"column":null}},"32":{"start":{"line":89,"column":4},"end":{"line":92,"column":null}},"33":{"start":{"line":90,"column":6},"end":{"line":90,"column":null}},"34":{"start":{"line":91,"column":6},"end":{"line":91,"column":null}},"35":{"start":{"line":95,"column":2},"end":{"line":100,"column":null}},"36":{"start":{"line":96,"column":4},"end":{"line":96,"column":null}},"37":{"start":{"line":97,"column":4},"end":{"line":99,"column":null}},"38":{"start":{"line":98,"column":6},"end":{"line":98,"column":null}},"39":{"start":{"line":102,"column":2},"end":{"line":102,"column":null}}},"fnMap":{"0":{"name":"useRoomUpdates","decl":{"start":{"line":21,"column":16},"end":{"line":21,"column":33}},"loc":{"start":{"line":21,"column":33},"end":{"line":103,"column":null}},"line":21},"1":{"name":"(anonymous_1)","decl":{"start":{"line":25,"column":30},"end":{"line":25,"column":36}},"loc":{"start":{"line":25,"column":36},"end":{"line":86,"column":5}},"line":25},"2":{"name":"(anonymous_2)","decl":{"start":{"line":49,"column":24},"end":{"line":49,"column":30}},"loc":{"start":{"line":49,"column":30},"end":{"line":49,"column":null}},"line":49},"3":{"name":"(anonymous_3)","decl":{"start":{"line":53,"column":17},"end":{"line":53,"column":23}},"loc":{"start":{"line":53,"column":23},"end":{"line":74,"column":null}},"line":53},"4":{"name":"(anonymous_4)","decl":{"start":{"line":58,"column":49},"end":{"line":58,"column":50}},"loc":{"start":{"line":58,"column":62},"end":{"line":72,"column":9}},"line":58},"5":{"name":"(anonymous_5)","decl":{"start":{"line":62,"column":27},"end":{"line":62,"column":28}},"loc":{"start":{"line":62,"column":38},"end":{"line":68,"column":14}},"line":62},"6":{"name":"(anonymous_6)","decl":{"start":{"line":75,"column":20},"end":{"line":75,"column":26}},"loc":{"start":{"line":75,"column":26},"end":{"line":77,"column":null}},"line":75},"7":{"name":"(anonymous_7)","decl":{"start":{"line":78,"column":20},"end":{"line":78,"column":21}},"loc":{"start":{"line":78,"column":31},"end":{"line":80,"column":null}},"line":78},"8":{"name":"(anonymous_8)","decl":{"start":{"line":88,"column":33},"end":{"line":88,"column":39}},"loc":{"start":{"line":88,"column":39},"end":{"line":93,"column":5}},"line":88},"9":{"name":"(anonymous_9)","decl":{"start":{"line":95,"column":12},"end":{"line":95,"column":18}},"loc":{"start":{"line":95,"column":18},"end":{"line":100,"column":5}},"line":95},"10":{"name":"(anonymous_10)","decl":{"start":{"line":97,"column":11},"end":{"line":97,"column":17}},"loc":{"start":{"line":97,"column":17},"end":{"line":99,"column":null}},"line":97}},"branchMap":{"0":{"loc":{"start":{"line":26,"column":4},"end":{"line":29,"column":null}},"type":"if","locations":[{"start":{"line":26,"column":4},"end":{"line":29,"column":null}},{"start":{},"end":{}}],"line":26},"1":{"loc":{"start":{"line":35,"column":4},"end":{"line":41,"column":null}},"type":"if","locations":[{"start":{"line":35,"column":4},"end":{"line":41,"column":null}},{"start":{},"end":{}}],"line":35},"2":{"loc":{"start":{"line":89,"column":4},"end":{"line":92,"column":null}},"type":"if","locations":[{"start":{"line":89,"column":4},"end":{"line":92,"column":null}},{"start":{},"end":{}}],"line":89}},"s":{"0":0,"1":0,"2":0,"3":0,"4":0,"5":0,"6":0,"7":0,"8":0,"9":0,"10":0,"11":0,"12":0,"13":0,"14":0,"15":0,"16":0,"17":0,"18":0,"19":0,"20":0,"21":0,"22":0,"23":0,"24":0,"25":0,"26":0,"27":0,"28":0,"29":0,"30":0,"31":0,"32":0,"33":0,"34":0,"35":0,"36":0,"37":0,"38":0,"39":0},"f":{"0":0,"1":0,"2":0,"3":0,"4":0,"5":0,"6":0,"7":0,"8":0,"9":0,"10":0},"b":{"0":[0,0],"1":[0,0],"2":[0,0]},"meta":{"lastBranch":3,"lastFunction":11,"lastStatement":40,"seen":{"f:21:16:21:33":0,"s:22:36:22:Infinity":0,"s:23:8:23:Infinity":1,"s:25:8:86:Infinity":2,"f:25:30:25:36":1,"b:26:4:29:Infinity:undefined:undefined:undefined:undefined":0,"s:26:4:29:Infinity":3,"s:27:6:27:Infinity":4,"s:28:6:28:Infinity":5,"s:31:4:31:Infinity":6,"s:34:22:34:Infinity":7,"b:35:4:41:Infinity:undefined:undefined:undefined:undefined":1,"s:35:4:41:Infinity":8,"s:36:6:40:Infinity":9,"s:37:8:37:Infinity":10,"s:43:18:43:Infinity":11,"s:44:4:44:Infinity":12,"s:46:19:46:Infinity":13,"s:47:19:81:Infinity":14,"f:49:24:49:30":2,"s:49:30:49:Infinity":15,"f:53:17:53:23":3,"s:54:8:54:Infinity":16,"s:57:8:57:Infinity":17,"s:58:8:72:Infinity":18,"f:58:49:58:50":4,"s:59:10:71:Infinity":19,"s:60:27:60:Infinity":20,"s:61:12:61:Infinity":21,"s:62:12:68:Infinity":22,"f:62:27:62:28":5,"s:62:38:68:14":23,"s:70:12:70:Infinity":24,"s:73:8:73:Infinity":25,"f:75:20:75:26":6,"s:76:8:76:Infinity":26,"f:78:20:78:21":7,"s:79:8:79:Infinity":27,"s:83:4:83:Infinity":28,"s:84:4:84:Infinity":29,"s:85:4:85:Infinity":30,"s:88:8:93:Infinity":31,"f:88:33:88:39":8,"b:89:4:92:Infinity:undefined:undefined:undefined:undefined":2,"s:89:4:92:Infinity":32,"s:90:6:90:Infinity":33,"s:91:6:91:Infinity":34,"s:95:2:100:Infinity":35,"f:95:12:95:18":9,"s:96:4:96:Infinity":36,"s:97:4:99:Infinity":37,"f:97:11:97:17":10,"s:98:6:98:Infinity":38,"s:102:2:102:Infinity":39}}}
,"C:\\Users\\diego\\Documents\\proyecto\\Maze-Rush-Frontend\\src\\lib\\maze-generator.ts": {"path":"C:\\Users\\diego\\Documents\\proyecto\\Maze-Rush-Frontend\\src\\lib\\maze-generator.ts","statementMap":{"0":{"start":{"line":18,"column":16},"end":{"line":25,"column":null}},"1":{"start":{"line":19,"column":14},"end":{"line":19,"column":null}},"2":{"start":{"line":20,"column":2},"end":{"line":23,"column":null}},"3":{"start":{"line":20,"column":15},"end":{"line":20,"column":31}},"4":{"start":{"line":21,"column":14},"end":{"line":21,"column":null}},"5":{"start":{"line":22,"column":5},"end":{"line":22,"column":null}},"6":{"start":{"line":24,"column":2},"end":{"line":24,"column":null}},"7":{"start":{"line":33,"column":28},"end":{"line":102,"column":null}},"8":{"start":{"line":35,"column":50},"end":{"line":43,"column":null}},"9":{"start":{"line":36,"column":4},"end":{"line":42,"column":null}},"10":{"start":{"line":36,"column":41},"end":{"line":42,"column":6}},"11":{"start":{"line":45,"column":36},"end":{"line":45,"column":null}},"12":{"start":{"line":48,"column":17},"end":{"line":48,"column":null}},"13":{"start":{"line":49,"column":17},"end":{"line":49,"column":null}},"14":{"start":{"line":51,"column":2},"end":{"line":51,"column":null}},"15":{"start":{"line":52,"column":2},"end":{"line":52,"column":null}},"16":{"start":{"line":55,"column":2},"end":{"line":92,"column":null}},"17":{"start":{"line":56,"column":19},"end":{"line":56,"column":null}},"18":{"start":{"line":59,"column":78},"end":{"line":59,"column":null}},"19":{"start":{"line":61,"column":4},"end":{"line":61,"column":null}},"20":{"start":{"line":61,"column":42},"end":{"line":61,"column":null}},"21":{"start":{"line":62,"column":4},"end":{"line":62,"column":null}},"22":{"start":{"line":62,"column":50},"end":{"line":62,"column":null}},"23":{"start":{"line":63,"column":4},"end":{"line":63,"column":null}},"24":{"start":{"line":63,"column":51},"end":{"line":63,"column":null}},"25":{"start":{"line":64,"column":4},"end":{"line":64,"column":null}},"26":{"start":{"line":64,"column":42},"end":{"line":64,"column":null}},"27":{"start":{"line":66,"column":4},"end":{"line":91,"column":null}},"28":{"start":{"line":68,"column":6},"end":{"line":68,"column":null}},"29":{"start":{"line":71,"column":42},"end":{"line":71,"column":null}},"30":{"start":{"line":74,"column":6},"end":{"line":86,"column":null}},"31":{"start":{"line":75,"column":8},"end":{"line":75,"column":null}},"32":{"start":{"line":76,"column":8},"end":{"line":76,"column":null}},"33":{"start":{"line":77,"column":6},"end":{"line":86,"column":null}},"34":{"start":{"line":78,"column":8},"end":{"line":78,"column":null}},"35":{"start":{"line":79,"column":8},"end":{"line":79,"column":null}},"36":{"start":{"line":80,"column":6},"end":{"line":86,"column":null}},"37":{"start":{"line":81,"column":8},"end":{"line":81,"column":null}},"38":{"start":{"line":82,"column":8},"end":{"line":82,"column":null}},"39":{"start":{"line":83,"column":6},"end":{"line":86,"column":null}},"40":{"start":{"line":84,"column":8},"end":{"line":84,"column":null}},"41":{"start":{"line":85,"column":8},"end":{"line":85,"column":null}},"42":{"start":{"line":89,"column":6},"end":{"line":89,"column":null}},"43":{"start":{"line":90,"column":6},"end":{"line":90,"column":null}},"44":{"start":{"line":95,"column":2},"end":{"line":95,"column":null}},"45":{"start":{"line":98,"column":2},"end":{"line":98,"column":null}},"46":{"start":{"line":101,"column":2},"end":{"line":101,"column":null}},"47":{"start":{"line":101,"column":27},"end":{"line":101,"column":100}},"48":{"start":{"line":101,"column":70},"end":{"line":101,"column":99}},"49":{"start":{"line":107,"column":33},"end":{"line":118,"column":null}},"50":{"start":{"line":108,"column":2},"end":{"line":117,"column":null}},"51":{"start":{"line":110,"column":6},"end":{"line":110,"column":null}},"52":{"start":{"line":112,"column":6},"end":{"line":112,"column":null}},"53":{"start":{"line":114,"column":6},"end":{"line":114,"column":null}},"54":{"start":{"line":116,"column":6},"end":{"line":116,"column":null}}},"fnMap":{"0":{"name":"(anonymous_0)","decl":{"start":{"line":18,"column":16},"end":{"line":18,"column":21}},"loc":{"start":{"line":18,"column":41},"end":{"line":25,"column":null}},"line":18},"1":{"name":"(anonymous_1)","decl":{"start":{"line":33,"column":28},"end":{"line":33,"column":29}},"loc":{"start":{"line":33,"column":69},"end":{"line":102,"column":null}},"line":33},"2":{"name":"(anonymous_2)","decl":{"start":{"line":35,"column":81},"end":{"line":35,"column":null}},"loc":{"start":{"line":36,"column":4},"end":{"line":42,"column":null}},"line":36},"3":{"name":"(anonymous_3)","decl":{"start":{"line":36,"column":34},"end":{"line":36,"column":41}},"loc":{"start":{"line":36,"column":41},"end":{"line":42,"column":6}},"line":36},"4":{"name":"(anonymous_4)","decl":{"start":{"line":101,"column":18},"end":{"line":101,"column":19}},"loc":{"start":{"line":101,"column":27},"end":{"line":101,"column":100}},"line":101},"5":{"name":"(anonymous_5)","decl":{"start":{"line":101,"column":35},"end":{"line":101,"column":36}},"loc":{"start":{"line":101,"column":70},"end":{"line":101,"column":99}},"line":101},"6":{"name":"(anonymous_6)","decl":{"start":{"line":107,"column":33},"end":{"line":107,"column":34}},"loc":{"start":{"line":107,"column":90},"end":{"line":118,"column":null}},"line":107}},"branchMap":{"0":{"loc":{"start":{"line":61,"column":4},"end":{"line":61,"column":null}},"type":"if","locations":[{"start":{"line":61,"column":4},"end":{"line":61,"column":null}},{"start":{},"end":{}}],"line":61},"1":{"loc":{"start":{"line":61,"column":8},"end":{"line":61,"column":42}},"type":"binary-expr","locations":[{"start":{"line":61,"column":8},"end":{"line":61,"column":17}},{"start":{"line":61,"column":17},"end":{"line":61,"column":42}}],"line":61},"2":{"loc":{"start":{"line":62,"column":4},"end":{"line":62,"column":null}},"type":"if","locations":[{"start":{"line":62,"column":4},"end":{"line":62,"column":null}},{"start":{},"end":{}}],"line":62},"3":{"loc":{"start":{"line":62,"column":8},"end":{"line":62,"column":50}},"type":"binary-expr","locations":[{"start":{"line":62,"column":8},"end":{"line":62,"column":25}},{"start":{"line":62,"column":25},"end":{"line":62,"column":50}}],"line":62},"4":{"loc":{"start":{"line":63,"column":4},"end":{"line":63,"column":null}},"type":"if","locations":[{"start":{"line":63,"column":4},"end":{"line":63,"column":null}},{"start":{},"end":{}}],"line":63},"5":{"loc":{"start":{"line":63,"column":8},"end":{"line":63,"column":51}},"type":"binary-expr","locations":[{"start":{"line":63,"column":8},"end":{"line":63,"column":26}},{"start":{"line":63,"column":26},"end":{"line":63,"column":51}}],"line":63},"6":{"loc":{"start":{"line":64,"column":4},"end":{"line":64,"column":null}},"type":"if","locations":[{"start":{"line":64,"column":4},"end":{"line":64,"column":null}},{"start":{},"end":{}}],"line":64},"7":{"loc":{"start":{"line":64,"column":8},"end":{"line":64,"column":42}},"type":"binary-expr","locations":[{"start":{"line":64,"column":8},"end":{"line":64,"column":17}},{"start":{"line":64,"column":17},"end":{"line":64,"column":42}}],"line":64},"8":{"loc":{"start":{"line":66,"column":4},"end":{"line":91,"column":null}},"type":"if","locations":[{"start":{"line":66,"column":4},"end":{"line":91,"column":null}},{"start":{},"end":{}}],"line":66},"9":{"loc":{"start":{"line":74,"column":6},"end":{"line":86,"column":null}},"type":"if","locations":[{"start":{"line":74,"column":6},"end":{"line":86,"column":null}},{"start":{"line":77,"column":6},"end":{"line":86,"column":null}}],"line":74},"10":{"loc":{"start":{"line":77,"column":6},"end":{"line":86,"column":null}},"type":"if","locations":[{"start":{"line":77,"column":6},"end":{"line":86,"column":null}},{"start":{"line":80,"column":6},"end":{"line":86,"column":null}}],"line":77},"11":{"loc":{"start":{"line":80,"column":6},"end":{"line":86,"column":null}},"type":"if","locations":[{"start":{"line":80,"column":6},"end":{"line":86,"column":null}},{"start":{"line":83,"column":6},"end":{"line":86,"column":null}}],"line":80},"12":{"loc":{"start":{"line":83,"column":6},"end":{"line":86,"column":null}},"type":"if","locations":[{"start":{"line":83,"column":6},"end":{"line":86,"column":null}},{"start":{},"end":{}}],"line":83},"13":{"loc":{"start":{"line":108,"column":2},"end":{"line":117,"column":null}},"type":"switch","locations":[{"start":{"line":109,"column":4},"end":{"line":110,"column":null}},{"start":{"line":111,"column":4},"end":{"line":112,"column":null}},{"start":{"line":113,"column":4},"end":{"line":114,"column":null}},{"start":{"line":115,"column":4},"end":{"line":116,"column":null}}],"line":108}},"s":{"0":1,"1":225,"2":225,"3":225,"4":155,"5":155,"6":225,"7":1,"8":10,"9":46,"10":235,"11":10,"12":10,"13":10,"14":10,"15":10,"16":10,"17":460,"18":460,"19":460,"20":69,"21":460,"22":48,"23":460,"24":121,"25":460,"26":142,"27":460,"28":225,"29":225,"30":225,"31":63,"32":63,"33":162,"34":39,"35":39,"36":123,"37":88,"38":88,"39":35,"40":35,"41":35,"42":225,"43":225,"44":10,"45":10,"46":10,"47":46,"48":235,"49":1,"50":0,"51":0,"52":0,"53":0,"54":0},"f":{"0":225,"1":10,"2":46,"3":235,"4":46,"5":235,"6":0},"b":{"0":[69,391],"1":[460,371],"2":[48,412],"3":[460,370],"4":[121,339],"5":[460,374],"6":[142,318],"7":[460,377],"8":[225,235],"9":[63,162],"10":[39,123],"11":[88,35],"12":[35,0],"13":[0,0,0,0]},"meta":{"lastBranch":14,"lastFunction":7,"lastStatement":55,"seen":{"s:18:16:25:Infinity":0,"f:18:16:18:21":0,"s:19:14:19:Infinity":1,"s:20:2:23:Infinity":2,"s:20:15:20:31":3,"s:21:14:21:Infinity":4,"s:22:5:22:Infinity":5,"s:24:2:24:Infinity":6,"s:33:28:102:Infinity":7,"f:33:28:33:29":1,"s:35:50:43:Infinity":8,"f:35:81:35:Infinity":2,"s:36:4:42:Infinity":9,"f:36:34:36:41":3,"s:36:41:42:6":10,"s:45:36:45:Infinity":11,"s:48:17:48:Infinity":12,"s:49:17:49:Infinity":13,"s:51:2:51:Infinity":14,"s:52:2:52:Infinity":15,"s:55:2:92:Infinity":16,"s:56:19:56:Infinity":17,"s:59:78:59:Infinity":18,"b:61:4:61:Infinity:undefined:undefined:undefined:undefined":0,"s:61:4:61:Infinity":19,"b:61:8:61:17:61:17:61:42":1,"s:61:42:61:Infinity":20,"b:62:4:62:Infinity:undefined:undefined:undefined:undefined":2,"s:62:4:62:Infinity":21,"b:62:8:62:25:62:25:62:50":3,"s:62:50:62:Infinity":22,"b:63:4:63:Infinity:undefined:undefined:undefined:undefined":4,"s:63:4:63:Infinity":23,"b:63:8:63:26:63:26:63:51":5,"s:63:51:63:Infinity":24,"b:64:4:64:Infinity:undefined:undefined:undefined:undefined":6,"s:64:4:64:Infinity":25,"b:64:8:64:17:64:17:64:42":7,"s:64:42:64:Infinity":26,"b:66:4:91:Infinity:undefined:undefined:undefined:undefined":8,"s:66:4:91:Infinity":27,"s:68:6:68:Infinity":28,"s:71:42:71:Infinity":29,"b:74:6:86:Infinity:77:6:86:Infinity":9,"s:74:6:86:Infinity":30,"s:75:8:75:Infinity":31,"s:76:8:76:Infinity":32,"b:77:6:86:Infinity:80:6:86:Infinity":10,"s:77:6:86:Infinity":33,"s:78:8:78:Infinity":34,"s:79:8:79:Infinity":35,"b:80:6:86:Infinity:83:6:86:Infinity":11,"s:80:6:86:Infinity":36,"s:81:8:81:Infinity":37,"s:82:8:82:Infinity":38,"b:83:6:86:Infinity:undefined:undefined:undefined:undefined":12,"s:83:6:86:Infinity":39,"s:84:8:84:Infinity":40,"s:85:8:85:Infinity":41,"s:89:6:89:Infinity":42,"s:90:6:90:Infinity":43,"s:95:2:95:Infinity":44,"s:98:2:98:Infinity":45,"s:101:2:101:Infinity":46,"f:101:18:101:19":4,"s:101:27:101:100":47,"f:101:35:101:36":5,"s:101:70:101:99":48,"s:107:33:118:Infinity":49,"f:107:33:107:34":6,"b:109:4:110:Infinity:111:4:112:Infinity:113:4:114:Infinity:115:4:116:Infinity":13,"s:108:2:117:Infinity":50,"s:110:6:110:Infinity":51,"s:112:6:112:Infinity":52,"s:114:6:114:Infinity":53,"s:116:6:116:Infinity":54}}}
,"C:\\Users\\diego\\Documents\\proyecto\\Maze-Rush-Frontend\\src\\lib\\utils.ts": {"path":"C:\\Users\\diego\\Documents\\proyecto\\Maze-Rush-Frontend\\src\\lib\\utils.ts","statementMap":{"0":{"start":{"line":6,"column":2},"end":{"line":6,"column":null}}},"fnMap":{"0":{"name":"cn","decl":{"start":{"line":5,"column":16},"end":{"line":5,"column":22}},"loc":{"start":{"line":5,"column":78},"end":{"line":7,"column":null}},"line":5}},"branchMap":{},"s":{"0":7},"f":{"0":7},"b":{},"meta":{"lastBranch":0,"lastFunction":1,"lastStatement":1,"seen":{"f:5:16:5:22":0,"s:6:2:6:Infinity":0}}}
}
