{"C:\\Users\\jeiss\\Downloads\\frontendraze\\Maze-Rush-Frontend\\src\\components\\Loader.tsx": {"path":"C:\\Users\\jeiss\\Downloads\\frontendraze\\Maze-Rush-Frontend\\src\\components\\Loader.tsx","statementMap":{"0":{"start":{"line":8,"column":25},"end":{"line":42,"column":null}},"1":{"start":{"line":9,"column":2},"end":{"line":40,"column":null}}},"fnMap":{"0":{"name":"(anonymous_0)","decl":{"start":{"line":8,"column":25},"end":{"line":8,"column":31}},"loc":{"start":{"line":8,"column":31},"end":{"line":42,"column":null}},"line":8}},"branchMap":{},"s":{"0":2,"1":1},"f":{"0":1},"b":{},"meta":{"lastBranch":0,"lastFunction":1,"lastStatement":2,"seen":{"s:8:25:42:Infinity":0,"f:8:25:8:31":0,"s:9:2:40:Infinity":1}}}
,"C:\\Users\\jeiss\\Downloads\\frontendraze\\Maze-Rush-Frontend\\src\\features\\game\\GamePage.tsx": {"path":"C:\\Users\\jeiss\\Downloads\\frontendraze\\Maze-Rush-Frontend\\src\\features\\game\\GamePage.tsx","statementMap":{"0":{"start":{"line":39,"column":15},"end":{"line":39,"column":null}},"1":{"start":{"line":40,"column":8},"end":{"line":40,"column":null}},"2":{"start":{"line":41,"column":15},"end":{"line":41,"column":null}},"3":{"start":{"line":43,"column":22},"end":{"line":43,"column":null}},"4":{"start":{"line":44,"column":42},"end":{"line":44,"column":null}},"5":{"start":{"line":45,"column":36},"end":{"line":45,"column":null}},"6":{"start":{"line":48,"column":24},"end":{"line":48,"column":null}},"7":{"start":{"line":49,"column":42},"end":{"line":49,"column":null}},"8":{"start":{"line":51,"column":32},"end":{"line":51,"column":null}},"9":{"start":{"line":52,"column":17},"end":{"line":52,"column":null}},"10":{"start":{"line":53,"column":38},"end":{"line":53,"column":null}},"11":{"start":{"line":54,"column":32},"end":{"line":54,"column":null}},"12":{"start":{"line":56,"column":30},"end":{"line":56,"column":null}},"13":{"start":{"line":57,"column":26},"end":{"line":57,"column":null}},"14":{"start":{"line":58,"column":34},"end":{"line":58,"column":null}},"15":{"start":{"line":60,"column":8},"end":{"line":60,"column":null}},"16":{"start":{"line":61,"column":8},"end":{"line":61,"column":null}},"17":{"start":{"line":62,"column":8},"end":{"line":62,"column":null}},"18":{"start":{"line":63,"column":8},"end":{"line":63,"column":null}},"19":{"start":{"line":66,"column":36},"end":{"line":66,"column":null}},"20":{"start":{"line":67,"column":30},"end":{"line":67,"column":null}},"21":{"start":{"line":68,"column":34},"end":{"line":68,"column":null}},"22":{"start":{"line":71,"column":30},"end":{"line":71,"column":null}},"23":{"start":{"line":75,"column":30},"end":{"line":89,"column":null}},"24":{"start":{"line":76,"column":19},"end":{"line":83,"column":null}},"25":{"start":{"line":84,"column":15},"end":{"line":84,"column":null}},"26":{"start":{"line":85,"column":4},"end":{"line":87,"column":null}},"27":{"start":{"line":85,"column":17},"end":{"line":85,"column":20}},"28":{"start":{"line":86,"column":6},"end":{"line":86,"column":null}},"29":{"start":{"line":88,"column":4},"end":{"line":88,"column":null}},"30":{"start":{"line":94,"column":8},"end":{"line":110,"column":null}},"31":{"start":{"line":96,"column":6},"end":{"line":96,"column":null}},"32":{"start":{"line":96,"column":35},"end":{"line":96,"column":null}},"33":{"start":{"line":97,"column":6},"end":{"line":97,"column":null}},"34":{"start":{"line":100,"column":8},"end":{"line":102,"column":null}},"35":{"start":{"line":104,"column":6},"end":{"line":104,"column":null}},"36":{"start":{"line":105,"column":6},"end":{"line":105,"column":null}},"37":{"start":{"line":106,"column":6},"end":{"line":106,"column":null}},"38":{"start":{"line":107,"column":6},"end":{"line":107,"column":null}},"39":{"start":{"line":118,"column":8},"end":{"line":194,"column":null}},"40":{"start":{"line":126,"column":21},"end":{"line":126,"column":null}},"41":{"start":{"line":127,"column":20},"end":{"line":127,"column":null}},"42":{"start":{"line":130,"column":34},"end":{"line":130,"column":null}},"43":{"start":{"line":132,"column":6},"end":{"line":146,"column":null}},"44":{"start":{"line":132,"column":19},"end":{"line":132,"column":22}},"45":{"start":{"line":133,"column":8},"end":{"line":145,"column":null}},"46":{"start":{"line":133,"column":21},"end":{"line":133,"column":24}},"47":{"start":{"line":134,"column":23},"end":{"line":134,"column":null}},"48":{"start":{"line":135,"column":25},"end":{"line":135,"column":null}},"49":{"start":{"line":138,"column":10},"end":{"line":144,"column":null}},"50":{"start":{"line":143,"column":12},"end":{"line":143,"column":null}},"51":{"start":{"line":148,"column":6},"end":{"line":148,"column":null}},"52":{"start":{"line":148,"column":35},"end":{"line":148,"column":null}},"53":{"start":{"line":151,"column":6},"end":{"line":151,"column":null}},"54":{"start":{"line":151,"column":28},"end":{"line":151,"column":47}},"55":{"start":{"line":153,"column":29},"end":{"line":153,"column":null}},"56":{"start":{"line":154,"column":26},"end":{"line":154,"column":null}},"57":{"start":{"line":156,"column":20},"end":{"line":156,"column":null}},"58":{"start":{"line":157,"column":40},"end":{"line":157,"column":null}},"59":{"start":{"line":159,"column":16},"end":{"line":159,"column":null}},"60":{"start":{"line":161,"column":6},"end":{"line":169,"column":null}},"61":{"start":{"line":162,"column":25},"end":{"line":162,"column":null}},"62":{"start":{"line":163,"column":8},"end":{"line":168,"column":null}},"63":{"start":{"line":171,"column":6},"end":{"line":179,"column":null}},"64":{"start":{"line":172,"column":25},"end":{"line":172,"column":null}},"65":{"start":{"line":173,"column":8},"end":{"line":178,"column":null}},"66":{"start":{"line":181,"column":6},"end":{"line":189,"column":null}},"67":{"start":{"line":181,"column":19},"end":{"line":181,"column":22}},"68":{"start":{"line":182,"column":25},"end":{"line":182,"column":null}},"69":{"start":{"line":183,"column":8},"end":{"line":188,"column":null}},"70":{"start":{"line":191,"column":6},"end":{"line":191,"column":null}},"71":{"start":{"line":199,"column":8},"end":{"line":216,"column":null}},"72":{"start":{"line":200,"column":4},"end":{"line":204,"column":null}},"73":{"start":{"line":201,"column":6},"end":{"line":201,"column":null}},"74":{"start":{"line":202,"column":6},"end":{"line":202,"column":null}},"75":{"start":{"line":202,"column":23},"end":{"line":202,"column":46}},"76":{"start":{"line":203,"column":6},"end":{"line":203,"column":null}},"77":{"start":{"line":206,"column":4},"end":{"line":210,"column":null}},"78":{"start":{"line":207,"column":6},"end":{"line":207,"column":null}},"79":{"start":{"line":208,"column":6},"end":{"line":208,"column":null}},"80":{"start":{"line":208,"column":23},"end":{"line":208,"column":43}},"81":{"start":{"line":209,"column":6},"end":{"line":209,"column":null}},"82":{"start":{"line":212,"column":4},"end":{"line":215,"column":null}},"83":{"start":{"line":213,"column":6},"end":{"line":213,"column":null}},"84":{"start":{"line":214,"column":6},"end":{"line":214,"column":null}},"85":{"start":{"line":214,"column":23},"end":{"line":214,"column":45}},"86":{"start":{"line":220,"column":72},"end":{"line":289,"column":null}},"87":{"start":{"line":223,"column":6},"end":{"line":223,"column":null}},"88":{"start":{"line":223,"column":39},"end":{"line":223,"column":null}},"89":{"start":{"line":225,"column":6},"end":{"line":239,"column":null}},"90":{"start":{"line":226,"column":25},"end":{"line":226,"column":null}},"91":{"start":{"line":226,"column":42},"end":{"line":226,"column":65}},"92":{"start":{"line":227,"column":8},"end":{"line":229,"column":null}},"93":{"start":{"line":228,"column":10},"end":{"line":228,"column":null}},"94":{"start":{"line":228,"column":34},"end":{"line":228,"column":83}},"95":{"start":{"line":230,"column":8},"end":{"line":238,"column":null}},"96":{"start":{"line":242,"column":6},"end":{"line":246,"column":null}},"97":{"start":{"line":243,"column":8},"end":{"line":245,"column":null}},"98":{"start":{"line":244,"column":10},"end":{"line":244,"column":null}},"99":{"start":{"line":248,"column":6},"end":{"line":248,"column":null}},"100":{"start":{"line":251,"column":6},"end":{"line":251,"column":null}},"101":{"start":{"line":251,"column":39},"end":{"line":251,"column":null}},"102":{"start":{"line":253,"column":6},"end":{"line":264,"column":null}},"103":{"start":{"line":254,"column":8},"end":{"line":254,"column":null}},"104":{"start":{"line":254,"column":29},"end":{"line":254,"column":52}},"105":{"start":{"line":254,"column":55},"end":{"line":254,"column":null}},"106":{"start":{"line":255,"column":8},"end":{"line":263,"column":null}},"107":{"start":{"line":267,"column":6},"end":{"line":267,"column":null}},"108":{"start":{"line":267,"column":32},"end":{"line":267,"column":75}},"109":{"start":{"line":267,"column":51},"end":{"line":267,"column":74}},"110":{"start":{"line":270,"column":6},"end":{"line":277,"column":null}},"111":{"start":{"line":272,"column":25},"end":{"line":272,"column":54}},"112":{"start":{"line":273,"column":23},"end":{"line":276,"column":12}},"113":{"start":{"line":279,"column":29},"end":{"line":283,"column":null}},"114":{"start":{"line":281,"column":10},"end":{"line":282,"column":null}},"115":{"start":{"line":285,"column":6},"end":{"line":287,"column":null}},"116":{"start":{"line":286,"column":8},"end":{"line":286,"column":null}},"117":{"start":{"line":293,"column":8},"end":{"line":379,"column":null}},"118":{"start":{"line":294,"column":4},"end":{"line":294,"column":null}},"119":{"start":{"line":295,"column":4},"end":{"line":295,"column":null}},"120":{"start":{"line":298,"column":4},"end":{"line":298,"column":null}},"121":{"start":{"line":299,"column":4},"end":{"line":299,"column":null}},"122":{"start":{"line":300,"column":4},"end":{"line":300,"column":null}},"123":{"start":{"line":301,"column":4},"end":{"line":301,"column":null}},"124":{"start":{"line":302,"column":4},"end":{"line":302,"column":null}},"125":{"start":{"line":303,"column":4},"end":{"line":303,"column":null}},"126":{"start":{"line":304,"column":4},"end":{"line":304,"column":null}},"127":{"start":{"line":305,"column":4},"end":{"line":305,"column":null}},"128":{"start":{"line":308,"column":4},"end":{"line":308,"column":null}},"129":{"start":{"line":309,"column":4},"end":{"line":309,"column":null}},"130":{"start":{"line":310,"column":4},"end":{"line":310,"column":null}},"131":{"start":{"line":311,"column":4},"end":{"line":311,"column":null}},"132":{"start":{"line":313,"column":26},"end":{"line":313,"column":null}},"133":{"start":{"line":314,"column":27},"end":{"line":314,"column":null}},"134":{"start":{"line":318,"column":4},"end":{"line":354,"column":null}},"135":{"start":{"line":319,"column":6},"end":{"line":319,"column":null}},"136":{"start":{"line":320,"column":6},"end":{"line":341,"column":null}},"137":{"start":{"line":321,"column":27},"end":{"line":321,"column":null}},"138":{"start":{"line":323,"column":10},"end":{"line":325,"column":null}},"139":{"start":{"line":327,"column":8},"end":{"line":335,"column":null}},"140":{"start":{"line":337,"column":8},"end":{"line":337,"column":null}},"141":{"start":{"line":338,"column":8},"end":{"line":338,"column":null}},"142":{"start":{"line":339,"column":8},"end":{"line":339,"column":null}},"143":{"start":{"line":340,"column":8},"end":{"line":340,"column":null}},"144":{"start":{"line":343,"column":6},"end":{"line":343,"column":null}},"145":{"start":{"line":344,"column":21},"end":{"line":344,"column":null}},"146":{"start":{"line":346,"column":6},"end":{"line":351,"column":null}},"147":{"start":{"line":347,"column":8},"end":{"line":347,"column":null}},"148":{"start":{"line":348,"column":8},"end":{"line":348,"column":null}},"149":{"start":{"line":349,"column":8},"end":{"line":349,"column":null}},"150":{"start":{"line":350,"column":8},"end":{"line":350,"column":null}},"151":{"start":{"line":353,"column":6},"end":{"line":353,"column":null}},"152":{"start":{"line":356,"column":53},"end":{"line":356,"column":null}},"153":{"start":{"line":358,"column":10},"end":{"line":358,"column":null}},"154":{"start":{"line":359,"column":4},"end":{"line":359,"column":null}},"155":{"start":{"line":360,"column":4},"end":{"line":360,"column":null}},"156":{"start":{"line":361,"column":4},"end":{"line":361,"column":null}},"157":{"start":{"line":364,"column":30},"end":{"line":370,"column":null}},"158":{"start":{"line":371,"column":4},"end":{"line":371,"column":null}},"159":{"start":{"line":373,"column":4},"end":{"line":373,"column":null}},"160":{"start":{"line":374,"column":4},"end":{"line":374,"column":null}},"161":{"start":{"line":375,"column":4},"end":{"line":375,"column":null}},"162":{"start":{"line":377,"column":4},"end":{"line":377,"column":null}},"163":{"start":{"line":378,"column":4},"end":{"line":378,"column":null}},"164":{"start":{"line":381,"column":2},"end":{"line":387,"column":null}},"165":{"start":{"line":382,"column":4},"end":{"line":385,"column":null}},"166":{"start":{"line":383,"column":6},"end":{"line":383,"column":null}},"167":{"start":{"line":384,"column":6},"end":{"line":384,"column":null}},"168":{"start":{"line":386,"column":4},"end":{"line":386,"column":null}},"169":{"start":{"line":391,"column":2},"end":{"line":407,"column":null}},"170":{"start":{"line":394,"column":4},"end":{"line":402,"column":null}},"171":{"start":{"line":395,"column":6},"end":{"line":401,"column":null}},"172":{"start":{"line":396,"column":8},"end":{"line":400,"column":null}},"173":{"start":{"line":397,"column":23},"end":{"line":397,"column":null}},"174":{"start":{"line":398,"column":10},"end":{"line":398,"column":null}},"175":{"start":{"line":399,"column":10},"end":{"line":399,"column":null}},"176":{"start":{"line":404,"column":4},"end":{"line":406,"column":null}},"177":{"start":{"line":405,"column":6},"end":{"line":405,"column":null}},"178":{"start":{"line":405,"column":20},"end":{"line":405,"column":null}},"179":{"start":{"line":411,"column":2},"end":{"line":425,"column":null}},"180":{"start":{"line":412,"column":4},"end":{"line":424,"column":null}},"181":{"start":{"line":419,"column":6},"end":{"line":419,"column":null}},"182":{"start":{"line":421,"column":21},"end":{"line":421,"column":null}},"183":{"start":{"line":422,"column":6},"end":{"line":422,"column":null}},"184":{"start":{"line":423,"column":6},"end":{"line":423,"column":null}},"185":{"start":{"line":429,"column":8},"end":{"line":476,"column":null}},"186":{"start":{"line":431,"column":6},"end":{"line":431,"column":null}},"187":{"start":{"line":431,"column":42},"end":{"line":431,"column":null}},"188":{"start":{"line":433,"column":23},"end":{"line":433,"column":null}},"189":{"start":{"line":434,"column":19},"end":{"line":434,"column":null}},"190":{"start":{"line":436,"column":6},"end":{"line":452,"column":null}},"191":{"start":{"line":437,"column":25},"end":{"line":437,"column":null}},"192":{"start":{"line":438,"column":27},"end":{"line":438,"column":null}},"193":{"start":{"line":439,"column":8},"end":{"line":439,"column":null}},"194":{"start":{"line":439,"column":25},"end":{"line":439,"column":null}},"195":{"start":{"line":440,"column":6},"end":{"line":452,"column":null}},"196":{"start":{"line":441,"column":25},"end":{"line":441,"column":null}},"197":{"start":{"line":442,"column":27},"end":{"line":442,"column":null}},"198":{"start":{"line":443,"column":8},"end":{"line":443,"column":null}},"199":{"start":{"line":443,"column":25},"end":{"line":443,"column":null}},"200":{"start":{"line":444,"column":6},"end":{"line":452,"column":null}},"201":{"start":{"line":445,"column":25},"end":{"line":445,"column":null}},"202":{"start":{"line":446,"column":27},"end":{"line":446,"column":null}},"203":{"start":{"line":447,"column":8},"end":{"line":447,"column":null}},"204":{"start":{"line":447,"column":25},"end":{"line":447,"column":null}},"205":{"start":{"line":448,"column":6},"end":{"line":452,"column":null}},"206":{"start":{"line":449,"column":25},"end":{"line":449,"column":null}},"207":{"start":{"line":450,"column":27},"end":{"line":450,"column":null}},"208":{"start":{"line":451,"column":8},"end":{"line":451,"column":null}},"209":{"start":{"line":451,"column":25},"end":{"line":451,"column":null}},"210":{"start":{"line":454,"column":6},"end":{"line":456,"column":null}},"211":{"start":{"line":455,"column":8},"end":{"line":455,"column":null}},"212":{"start":{"line":458,"column":18},"end":{"line":458,"column":null}},"213":{"start":{"line":459,"column":6},"end":{"line":462,"column":null}},"214":{"start":{"line":460,"column":8},"end":{"line":460,"column":null}},"215":{"start":{"line":461,"column":8},"end":{"line":461,"column":null}},"216":{"start":{"line":464,"column":6},"end":{"line":464,"column":null}},"217":{"start":{"line":467,"column":6},"end":{"line":473,"column":null}},"218":{"start":{"line":468,"column":22},"end":{"line":468,"column":null}},"219":{"start":{"line":468,"column":39},"end":{"line":468,"column":75}},"220":{"start":{"line":469,"column":8},"end":{"line":469,"column":null}},"221":{"start":{"line":469,"column":20},"end":{"line":469,"column":null}},"222":{"start":{"line":471,"column":8},"end":{"line":471,"column":null}},"223":{"start":{"line":472,"column":8},"end":{"line":472,"column":null}},"224":{"start":{"line":472,"column":34},"end":{"line":472,"column":51}},"225":{"start":{"line":480,"column":8},"end":{"line":517,"column":null}},"226":{"start":{"line":482,"column":6},"end":{"line":482,"column":null}},"227":{"start":{"line":482,"column":33},"end":{"line":482,"column":null}},"228":{"start":{"line":483,"column":6},"end":{"line":483,"column":null}},"229":{"start":{"line":483,"column":20},"end":{"line":483,"column":null}},"230":{"start":{"line":485,"column":21},"end":{"line":498,"column":null}},"231":{"start":{"line":500,"column":22},"end":{"line":500,"column":null}},"232":{"start":{"line":502,"column":6},"end":{"line":502,"column":null}},"233":{"start":{"line":502,"column":22},"end":{"line":502,"column":null}},"234":{"start":{"line":504,"column":6},"end":{"line":504,"column":null}},"235":{"start":{"line":507,"column":6},"end":{"line":512,"column":null}},"236":{"start":{"line":508,"column":8},"end":{"line":511,"column":null}},"237":{"start":{"line":508,"column":32},"end":{"line":508,"column":null}},"238":{"start":{"line":508,"column":44},"end":{"line":511,"column":null}},"239":{"start":{"line":509,"column":39},"end":{"line":509,"column":null}},"240":{"start":{"line":509,"column":51},"end":{"line":511,"column":null}},"241":{"start":{"line":510,"column":39},"end":{"line":510,"column":null}},"242":{"start":{"line":510,"column":51},"end":{"line":511,"column":null}},"243":{"start":{"line":511,"column":40},"end":{"line":511,"column":null}},"244":{"start":{"line":514,"column":6},"end":{"line":514,"column":null}},"245":{"start":{"line":519,"column":2},"end":{"line":522,"column":null}},"246":{"start":{"line":520,"column":4},"end":{"line":520,"column":null}},"247":{"start":{"line":521,"column":4},"end":{"line":521,"column":null}},"248":{"start":{"line":521,"column":17},"end":{"line":521,"column":null}},"249":{"start":{"line":526,"column":8},"end":{"line":536,"column":null}},"250":{"start":{"line":527,"column":4},"end":{"line":535,"column":null}},"251":{"start":{"line":528,"column":6},"end":{"line":530,"column":null}},"252":{"start":{"line":529,"column":8},"end":{"line":529,"column":null}},"253":{"start":{"line":532,"column":6},"end":{"line":532,"column":null}},"254":{"start":{"line":534,"column":6},"end":{"line":534,"column":null}},"255":{"start":{"line":538,"column":2},"end":{"line":544,"column":null}},"256":{"start":{"line":539,"column":4},"end":{"line":543,"column":null}},"257":{"start":{"line":540,"column":6},"end":{"line":542,"column":null}},"258":{"start":{"line":541,"column":8},"end":{"line":541,"column":null}},"259":{"start":{"line":548,"column":21},"end":{"line":552,"column":null}},"260":{"start":{"line":549,"column":17},"end":{"line":549,"column":null}},"261":{"start":{"line":550,"column":17},"end":{"line":550,"column":null}},"262":{"start":{"line":551,"column":4},"end":{"line":551,"column":null}},"263":{"start":{"line":556,"column":2},"end":{"line":562,"column":null}},"264":{"start":{"line":557,"column":4},"end":{"line":560,"column":null}},"265":{"start":{"line":564,"column":2},"end":{"line":580,"column":null}},"266":{"start":{"line":565,"column":4},"end":{"line":578,"column":null}},"267":{"start":{"line":574,"column":53},"end":{"line":574,"column":71}},"268":{"start":{"line":582,"column":2},"end":{"line":654,"column":null}},"269":{"start":{"line":650,"column":10},"end":{"line":650,"column":null}}},"fnMap":{"0":{"name":"GamePage","decl":{"start":{"line":38,"column":24},"end":{"line":38,"column":35}},"loc":{"start":{"line":38,"column":35},"end":{"line":656,"column":null}},"line":38},"1":{"name":"(anonymous_1)","decl":{"start":{"line":75,"column":30},"end":{"line":75,"column":31}},"loc":{"start":{"line":75,"column":52},"end":{"line":89,"column":null}},"line":75},"2":{"name":"(anonymous_2)","decl":{"start":{"line":95,"column":4},"end":{"line":95,"column":5}},"loc":{"start":{"line":95,"column":55},"end":{"line":108,"column":null}},"line":95},"3":{"name":"(anonymous_3)","decl":{"start":{"line":119,"column":4},"end":{"line":119,"column":null}},"loc":{"start":{"line":125,"column":28},"end":{"line":192,"column":null}},"line":125},"4":{"name":"(anonymous_4)","decl":{"start":{"line":151,"column":22},"end":{"line":151,"column":28}},"loc":{"start":{"line":151,"column":28},"end":{"line":151,"column":47}},"line":151},"5":{"name":"(anonymous_5)","decl":{"start":{"line":199,"column":41},"end":{"line":199,"column":42}},"loc":{"start":{"line":199,"column":66},"end":{"line":216,"column":5}},"line":199},"6":{"name":"(anonymous_6)","decl":{"start":{"line":202,"column":17},"end":{"line":202,"column":23}},"loc":{"start":{"line":202,"column":23},"end":{"line":202,"column":46}},"line":202},"7":{"name":"(anonymous_7)","decl":{"start":{"line":208,"column":17},"end":{"line":208,"column":23}},"loc":{"start":{"line":208,"column":23},"end":{"line":208,"column":43}},"line":208},"8":{"name":"(anonymous_8)","decl":{"start":{"line":214,"column":17},"end":{"line":214,"column":23}},"loc":{"start":{"line":214,"column":23},"end":{"line":214,"column":45}},"line":214},"9":{"name":"(anonymous_9)","decl":{"start":{"line":222,"column":18},"end":{"line":222,"column":19}},"loc":{"start":{"line":222,"column":42},"end":{"line":240,"column":null}},"line":222},"10":{"name":"(anonymous_10)","decl":{"start":{"line":225,"column":22},"end":{"line":225,"column":23}},"loc":{"start":{"line":225,"column":32},"end":{"line":239,"column":7}},"line":225},"11":{"name":"(anonymous_11)","decl":{"start":{"line":226,"column":35},"end":{"line":226,"column":36}},"loc":{"start":{"line":226,"column":42},"end":{"line":226,"column":65}},"line":226},"12":{"name":"(anonymous_12)","decl":{"start":{"line":228,"column":26},"end":{"line":228,"column":27}},"loc":{"start":{"line":228,"column":34},"end":{"line":228,"column":83}},"line":228},"13":{"name":"(anonymous_13)","decl":{"start":{"line":241,"column":20},"end":{"line":241,"column":21}},"loc":{"start":{"line":241,"column":56},"end":{"line":249,"column":null}},"line":241},"14":{"name":"(anonymous_14)","decl":{"start":{"line":242,"column":22},"end":{"line":242,"column":23}},"loc":{"start":{"line":243,"column":8},"end":{"line":245,"column":null}},"line":243},"15":{"name":"(anonymous_15)","decl":{"start":{"line":243,"column":17},"end":{"line":243,"column":18}},"loc":{"start":{"line":244,"column":10},"end":{"line":244,"column":null}},"line":244},"16":{"name":"(anonymous_16)","decl":{"start":{"line":250,"column":20},"end":{"line":250,"column":21}},"loc":{"start":{"line":250,"column":34},"end":{"line":265,"column":null}},"line":250},"17":{"name":"(anonymous_17)","decl":{"start":{"line":253,"column":22},"end":{"line":253,"column":23}},"loc":{"start":{"line":253,"column":32},"end":{"line":264,"column":7}},"line":253},"18":{"name":"(anonymous_18)","decl":{"start":{"line":254,"column":22},"end":{"line":254,"column":23}},"loc":{"start":{"line":254,"column":29},"end":{"line":254,"column":52}},"line":254},"19":{"name":"(anonymous_19)","decl":{"start":{"line":266,"column":18},"end":{"line":266,"column":19}},"loc":{"start":{"line":266,"column":32},"end":{"line":268,"column":null}},"line":266},"20":{"name":"(anonymous_20)","decl":{"start":{"line":267,"column":22},"end":{"line":267,"column":23}},"loc":{"start":{"line":267,"column":32},"end":{"line":267,"column":75}},"line":267},"21":{"name":"(anonymous_21)","decl":{"start":{"line":267,"column":44},"end":{"line":267,"column":45}},"loc":{"start":{"line":267,"column":51},"end":{"line":267,"column":74}},"line":267},"22":{"name":"(anonymous_22)","decl":{"start":{"line":269,"column":16},"end":{"line":269,"column":17}},"loc":{"start":{"line":269,"column":29},"end":{"line":288,"column":null}},"line":269},"23":{"name":"(anonymous_23)","decl":{"start":{"line":272,"column":18},"end":{"line":272,"column":19}},"loc":{"start":{"line":272,"column":25},"end":{"line":272,"column":54}},"line":272},"24":{"name":"(anonymous_24)","decl":{"start":{"line":273,"column":15},"end":{"line":273,"column":16}},"loc":{"start":{"line":273,"column":23},"end":{"line":276,"column":12}},"line":273},"25":{"name":"(anonymous_25)","decl":{"start":{"line":280,"column":8},"end":{"line":280,"column":9}},"loc":{"start":{"line":281,"column":10},"end":{"line":282,"column":null}},"line":281},"26":{"name":"(anonymous_26)","decl":{"start":{"line":293,"column":37},"end":{"line":293,"column":49}},"loc":{"start":{"line":293,"column":49},"end":{"line":379,"column":5}},"line":293},"27":{"name":"(anonymous_27)","decl":{"start":{"line":381,"column":12},"end":{"line":381,"column":18}},"loc":{"start":{"line":381,"column":18},"end":{"line":387,"column":5}},"line":381},"28":{"name":"(anonymous_28)","decl":{"start":{"line":391,"column":12},"end":{"line":391,"column":18}},"loc":{"start":{"line":391,"column":18},"end":{"line":407,"column":5}},"line":391},"29":{"name":"(anonymous_29)","decl":{"start":{"line":395,"column":36},"end":{"line":395,"column":42}},"loc":{"start":{"line":395,"column":42},"end":{"line":401,"column":9}},"line":395},"30":{"name":"(anonymous_30)","decl":{"start":{"line":396,"column":17},"end":{"line":396,"column":18}},"loc":{"start":{"line":396,"column":27},"end":{"line":400,"column":9}},"line":396},"31":{"name":"(anonymous_31)","decl":{"start":{"line":404,"column":11},"end":{"line":404,"column":17}},"loc":{"start":{"line":404,"column":17},"end":{"line":406,"column":null}},"line":404},"32":{"name":"(anonymous_32)","decl":{"start":{"line":411,"column":12},"end":{"line":411,"column":18}},"loc":{"start":{"line":411,"column":18},"end":{"line":425,"column":5}},"line":411},"33":{"name":"(anonymous_33)","decl":{"start":{"line":430,"column":4},"end":{"line":430,"column":5}},"loc":{"start":{"line":430,"column":53},"end":{"line":474,"column":null}},"line":430},"34":{"name":"(anonymous_34)","decl":{"start":{"line":467,"column":18},"end":{"line":467,"column":19}},"loc":{"start":{"line":467,"column":28},"end":{"line":473,"column":7}},"line":467},"35":{"name":"(anonymous_35)","decl":{"start":{"line":468,"column":32},"end":{"line":468,"column":33}},"loc":{"start":{"line":468,"column":39},"end":{"line":468,"column":75}},"line":468},"36":{"name":"(anonymous_36)","decl":{"start":{"line":472,"column":27},"end":{"line":472,"column":28}},"loc":{"start":{"line":472,"column":34},"end":{"line":472,"column":51}},"line":472},"37":{"name":"(anonymous_37)","decl":{"start":{"line":481,"column":4},"end":{"line":481,"column":5}},"loc":{"start":{"line":481,"column":26},"end":{"line":515,"column":null}},"line":481},"38":{"name":"(anonymous_38)","decl":{"start":{"line":519,"column":12},"end":{"line":519,"column":18}},"loc":{"start":{"line":519,"column":18},"end":{"line":522,"column":5}},"line":519},"39":{"name":"(anonymous_39)","decl":{"start":{"line":521,"column":11},"end":{"line":521,"column":17}},"loc":{"start":{"line":521,"column":17},"end":{"line":521,"column":null}},"line":521},"40":{"name":"(anonymous_40)","decl":{"start":{"line":526,"column":38},"end":{"line":526,"column":44}},"loc":{"start":{"line":526,"column":44},"end":{"line":536,"column":5}},"line":526},"41":{"name":"(anonymous_41)","decl":{"start":{"line":538,"column":12},"end":{"line":538,"column":18}},"loc":{"start":{"line":538,"column":18},"end":{"line":544,"column":5}},"line":538},"42":{"name":"(anonymous_42)","decl":{"start":{"line":539,"column":11},"end":{"line":539,"column":17}},"loc":{"start":{"line":539,"column":17},"end":{"line":543,"column":null}},"line":539},"43":{"name":"(anonymous_43)","decl":{"start":{"line":548,"column":21},"end":{"line":548,"column":22}},"loc":{"start":{"line":548,"column":42},"end":{"line":552,"column":null}},"line":548},"44":{"name":"(anonymous_44)","decl":{"start":{"line":574,"column":47},"end":{"line":574,"column":53}},"loc":{"start":{"line":574,"column":53},"end":{"line":574,"column":71}},"line":574},"45":{"name":"(anonymous_45)","decl":{"start":{"line":649,"column":19},"end":{"line":649,"column":25}},"loc":{"start":{"line":649,"column":25},"end":{"line":651,"column":null}},"line":649}},"branchMap":{"0":{"loc":{"start":{"line":96,"column":6},"end":{"line":96,"column":null}},"type":"if","locations":[{"start":{"line":96,"column":6},"end":{"line":96,"column":null}},{"start":{},"end":{}}],"line":96},"1":{"loc":{"start":{"line":100,"column":8},"end":{"line":102,"column":null}},"type":"cond-expr","locations":[{"start":{"line":101,"column":12},"end":{"line":101,"column":null}},{"start":{"line":102,"column":12},"end":{"line":102,"column":null}}],"line":100},"2":{"loc":{"start":{"line":100,"column":8},"end":{"line":100,"column":null}},"type":"binary-expr","locations":[{"start":{"line":100,"column":8},"end":{"line":100,"column":41}},{"start":{"line":100,"column":41},"end":{"line":100,"column":null}}],"line":100},"3":{"loc":{"start":{"line":135,"column":25},"end":{"line":135,"column":null}},"type":"binary-expr","locations":[{"start":{"line":135,"column":25},"end":{"line":135,"column":37}},{"start":{"line":135,"column":37},"end":{"line":135,"column":51}},{"start":{"line":135,"column":51},"end":{"line":135,"column":66}},{"start":{"line":135,"column":66},"end":{"line":135,"column":null}}],"line":135},"4":{"loc":{"start":{"line":138,"column":10},"end":{"line":144,"column":null}},"type":"if","locations":[{"start":{"line":138,"column":10},"end":{"line":144,"column":null}},{"start":{},"end":{}}],"line":138},"5":{"loc":{"start":{"line":139,"column":12},"end":{"line":141,"column":null}},"type":"binary-expr","locations":[{"start":{"line":139,"column":12},"end":{"line":139,"column":null}},{"start":{"line":140,"column":12},"end":{"line":140,"column":null}},{"start":{"line":141,"column":12},"end":{"line":141,"column":null}}],"line":139},"6":{"loc":{"start":{"line":141,"column":14},"end":{"line":141,"column":null}},"type":"binary-expr","locations":[{"start":{"line":141,"column":14},"end":{"line":141,"column":29}},{"start":{"line":141,"column":29},"end":{"line":141,"column":null}}],"line":141},"7":{"loc":{"start":{"line":148,"column":6},"end":{"line":148,"column":null}},"type":"if","locations":[{"start":{"line":148,"column":6},"end":{"line":148,"column":null}},{"start":{},"end":{}}],"line":148},"8":{"loc":{"start":{"line":161,"column":6},"end":{"line":169,"column":null}},"type":"if","locations":[{"start":{"line":161,"column":6},"end":{"line":169,"column":null}},{"start":{},"end":{}}],"line":161},"9":{"loc":{"start":{"line":171,"column":6},"end":{"line":179,"column":null}},"type":"if","locations":[{"start":{"line":171,"column":6},"end":{"line":179,"column":null}},{"start":{},"end":{}}],"line":171},"10":{"loc":{"start":{"line":181,"column":22},"end":{"line":181,"column":57}},"type":"binary-expr","locations":[{"start":{"line":181,"column":22},"end":{"line":181,"column":44}},{"start":{"line":181,"column":44},"end":{"line":181,"column":57}}],"line":181},"11":{"loc":{"start":{"line":200,"column":4},"end":{"line":204,"column":null}},"type":"if","locations":[{"start":{"line":200,"column":4},"end":{"line":204,"column":null}},{"start":{},"end":{}}],"line":200},"12":{"loc":{"start":{"line":206,"column":4},"end":{"line":210,"column":null}},"type":"if","locations":[{"start":{"line":206,"column":4},"end":{"line":210,"column":null}},{"start":{},"end":{}}],"line":206},"13":{"loc":{"start":{"line":212,"column":4},"end":{"line":215,"column":null}},"type":"if","locations":[{"start":{"line":212,"column":4},"end":{"line":215,"column":null}},{"start":{},"end":{}}],"line":212},"14":{"loc":{"start":{"line":221,"column":15},"end":{"line":221,"column":null}},"type":"binary-expr","locations":[{"start":{"line":221,"column":15},"end":{"line":221,"column":23}},{"start":{"line":221,"column":23},"end":{"line":221,"column":null}}],"line":221},"15":{"loc":{"start":{"line":223,"column":6},"end":{"line":223,"column":null}},"type":"if","locations":[{"start":{"line":223,"column":6},"end":{"line":223,"column":null}},{"start":{},"end":{}}],"line":223},"16":{"loc":{"start":{"line":227,"column":8},"end":{"line":229,"column":null}},"type":"if","locations":[{"start":{"line":227,"column":8},"end":{"line":229,"column":null}},{"start":{},"end":{}}],"line":227},"17":{"loc":{"start":{"line":228,"column":34},"end":{"line":228,"column":83}},"type":"cond-expr","locations":[{"start":{"line":228,"column":60},"end":{"line":228,"column":81}},{"start":{"line":228,"column":81},"end":{"line":228,"column":83}}],"line":228},"18":{"loc":{"start":{"line":244,"column":10},"end":{"line":244,"column":null}},"type":"cond-expr","locations":[{"start":{"line":244,"column":36},"end":{"line":244,"column":99}},{"start":{"line":244,"column":99},"end":{"line":244,"column":null}}],"line":244},"19":{"loc":{"start":{"line":251,"column":6},"end":{"line":251,"column":null}},"type":"if","locations":[{"start":{"line":251,"column":6},"end":{"line":251,"column":null}},{"start":{},"end":{}}],"line":251},"20":{"loc":{"start":{"line":254,"column":8},"end":{"line":254,"column":null}},"type":"if","locations":[{"start":{"line":254,"column":8},"end":{"line":254,"column":null}},{"start":{},"end":{}}],"line":254},"21":{"loc":{"start":{"line":275,"column":25},"end":{"line":275,"column":null}},"type":"binary-expr","locations":[{"start":{"line":275,"column":25},"end":{"line":275,"column":42}},{"start":{"line":275,"column":42},"end":{"line":275,"column":null}}],"line":275},"22":{"loc":{"start":{"line":281,"column":10},"end":{"line":282,"column":null}},"type":"binary-expr","locations":[{"start":{"line":281,"column":10},"end":{"line":281,"column":null}},{"start":{"line":282,"column":11},"end":{"line":282,"column":47}},{"start":{"line":282,"column":47},"end":{"line":282,"column":null}}],"line":281},"23":{"loc":{"start":{"line":285,"column":6},"end":{"line":287,"column":null}},"type":"if","locations":[{"start":{"line":285,"column":6},"end":{"line":287,"column":null}},{"start":{},"end":{}}],"line":285},"24":{"loc":{"start":{"line":318,"column":4},"end":{"line":354,"column":null}},"type":"if","locations":[{"start":{"line":318,"column":4},"end":{"line":354,"column":null}},{"start":{"line":342,"column":11},"end":{"line":354,"column":null}}],"line":318},"25":{"loc":{"start":{"line":323,"column":10},"end":{"line":325,"column":null}},"type":"cond-expr","locations":[{"start":{"line":324,"column":14},"end":{"line":324,"column":null}},{"start":{"line":325,"column":14},"end":{"line":325,"column":null}}],"line":323},"26":{"loc":{"start":{"line":346,"column":6},"end":{"line":351,"column":null}},"type":"if","locations":[{"start":{"line":346,"column":6},"end":{"line":351,"column":null}},{"start":{},"end":{}}],"line":346},"27":{"loc":{"start":{"line":382,"column":4},"end":{"line":385,"column":null}},"type":"if","locations":[{"start":{"line":382,"column":4},"end":{"line":385,"column":null}},{"start":{},"end":{}}],"line":382},"28":{"loc":{"start":{"line":394,"column":4},"end":{"line":402,"column":null}},"type":"if","locations":[{"start":{"line":394,"column":4},"end":{"line":402,"column":null}},{"start":{},"end":{}}],"line":394},"29":{"loc":{"start":{"line":394,"column":8},"end":{"line":394,"column":37}},"type":"binary-expr","locations":[{"start":{"line":394,"column":8},"end":{"line":394,"column":26}},{"start":{"line":394,"column":26},"end":{"line":394,"column":37}}],"line":394},"30":{"loc":{"start":{"line":405,"column":6},"end":{"line":405,"column":null}},"type":"if","locations":[{"start":{"line":405,"column":6},"end":{"line":405,"column":null}},{"start":{},"end":{}}],"line":405},"31":{"loc":{"start":{"line":412,"column":4},"end":{"line":424,"column":null}},"type":"if","locations":[{"start":{"line":412,"column":4},"end":{"line":424,"column":null}},{"start":{},"end":{}}],"line":412},"32":{"loc":{"start":{"line":413,"column":6},"end":{"line":417,"column":null}},"type":"binary-expr","locations":[{"start":{"line":413,"column":6},"end":{"line":413,"column":null}},{"start":{"line":414,"column":6},"end":{"line":414,"column":null}},{"start":{"line":415,"column":6},"end":{"line":415,"column":null}},{"start":{"line":416,"column":6},"end":{"line":416,"column":null}},{"start":{"line":417,"column":6},"end":{"line":417,"column":null}}],"line":413},"33":{"loc":{"start":{"line":423,"column":14},"end":{"line":423,"column":38}},"type":"binary-expr","locations":[{"start":{"line":423,"column":14},"end":{"line":423,"column":32}},{"start":{"line":423,"column":32},"end":{"line":423,"column":38}}],"line":423},"34":{"loc":{"start":{"line":431,"column":6},"end":{"line":431,"column":null}},"type":"if","locations":[{"start":{"line":431,"column":6},"end":{"line":431,"column":null}},{"start":{},"end":{}}],"line":431},"35":{"loc":{"start":{"line":431,"column":10},"end":{"line":431,"column":42}},"type":"binary-expr","locations":[{"start":{"line":431,"column":10},"end":{"line":431,"column":19}},{"start":{"line":431,"column":19},"end":{"line":431,"column":31}},{"start":{"line":431,"column":31},"end":{"line":431,"column":42}}],"line":431},"36":{"loc":{"start":{"line":436,"column":6},"end":{"line":452,"column":null}},"type":"if","locations":[{"start":{"line":436,"column":6},"end":{"line":452,"column":null}},{"start":{"line":440,"column":6},"end":{"line":452,"column":null}}],"line":436},"37":{"loc":{"start":{"line":436,"column":10},"end":{"line":436,"column":58}},"type":"binary-expr","locations":[{"start":{"line":436,"column":10},"end":{"line":436,"column":32}},{"start":{"line":436,"column":32},"end":{"line":436,"column":41}},{"start":{"line":436,"column":41},"end":{"line":436,"column":58}}],"line":436},"38":{"loc":{"start":{"line":438,"column":27},"end":{"line":438,"column":null}},"type":"binary-expr","locations":[{"start":{"line":438,"column":27},"end":{"line":438,"column":43}},{"start":{"line":438,"column":43},"end":{"line":438,"column":61}},{"start":{"line":438,"column":61},"end":{"line":438,"column":80}},{"start":{"line":438,"column":80},"end":{"line":438,"column":null}}],"line":438},"39":{"loc":{"start":{"line":439,"column":8},"end":{"line":439,"column":null}},"type":"if","locations":[{"start":{"line":439,"column":8},"end":{"line":439,"column":null}},{"start":{},"end":{}}],"line":439},"40":{"loc":{"start":{"line":440,"column":6},"end":{"line":452,"column":null}},"type":"if","locations":[{"start":{"line":440,"column":6},"end":{"line":452,"column":null}},{"start":{"line":444,"column":6},"end":{"line":452,"column":null}}],"line":440},"41":{"loc":{"start":{"line":440,"column":17},"end":{"line":440,"column":84}},"type":"binary-expr","locations":[{"start":{"line":440,"column":17},"end":{"line":440,"column":41}},{"start":{"line":440,"column":41},"end":{"line":440,"column":64}},{"start":{"line":440,"column":64},"end":{"line":440,"column":84}}],"line":440},"42":{"loc":{"start":{"line":442,"column":27},"end":{"line":442,"column":null}},"type":"binary-expr","locations":[{"start":{"line":442,"column":27},"end":{"line":442,"column":43}},{"start":{"line":442,"column":43},"end":{"line":442,"column":61}},{"start":{"line":442,"column":61},"end":{"line":442,"column":80}},{"start":{"line":442,"column":80},"end":{"line":442,"column":null}}],"line":442},"43":{"loc":{"start":{"line":443,"column":8},"end":{"line":443,"column":null}},"type":"if","locations":[{"start":{"line":443,"column":8},"end":{"line":443,"column":null}},{"start":{},"end":{}}],"line":443},"44":{"loc":{"start":{"line":444,"column":6},"end":{"line":452,"column":null}},"type":"if","locations":[{"start":{"line":444,"column":6},"end":{"line":452,"column":null}},{"start":{"line":448,"column":6},"end":{"line":452,"column":null}}],"line":444},"45":{"loc":{"start":{"line":444,"column":17},"end":{"line":444,"column":68}},"type":"binary-expr","locations":[{"start":{"line":444,"column":17},"end":{"line":444,"column":41}},{"start":{"line":444,"column":41},"end":{"line":444,"column":50}},{"start":{"line":444,"column":50},"end":{"line":444,"column":68}}],"line":444},"46":{"loc":{"start":{"line":446,"column":27},"end":{"line":446,"column":null}},"type":"binary-expr","locations":[{"start":{"line":446,"column":27},"end":{"line":446,"column":43}},{"start":{"line":446,"column":43},"end":{"line":446,"column":61}},{"start":{"line":446,"column":61},"end":{"line":446,"column":80}},{"start":{"line":446,"column":80},"end":{"line":446,"column":null}}],"line":446},"47":{"loc":{"start":{"line":447,"column":8},"end":{"line":447,"column":null}},"type":"if","locations":[{"start":{"line":447,"column":8},"end":{"line":447,"column":null}},{"start":{},"end":{}}],"line":447},"48":{"loc":{"start":{"line":448,"column":6},"end":{"line":452,"column":null}},"type":"if","locations":[{"start":{"line":448,"column":6},"end":{"line":452,"column":null}},{"start":{},"end":{}}],"line":448},"49":{"loc":{"start":{"line":448,"column":17},"end":{"line":448,"column":87}},"type":"binary-expr","locations":[{"start":{"line":448,"column":17},"end":{"line":448,"column":42}},{"start":{"line":448,"column":42},"end":{"line":448,"column":68}},{"start":{"line":448,"column":68},"end":{"line":448,"column":87}}],"line":448},"50":{"loc":{"start":{"line":450,"column":27},"end":{"line":450,"column":null}},"type":"binary-expr","locations":[{"start":{"line":450,"column":27},"end":{"line":450,"column":43}},{"start":{"line":450,"column":43},"end":{"line":450,"column":61}},{"start":{"line":450,"column":61},"end":{"line":450,"column":80}},{"start":{"line":450,"column":80},"end":{"line":450,"column":null}}],"line":450},"51":{"loc":{"start":{"line":451,"column":8},"end":{"line":451,"column":null}},"type":"if","locations":[{"start":{"line":451,"column":8},"end":{"line":451,"column":null}},{"start":{},"end":{}}],"line":451},"52":{"loc":{"start":{"line":454,"column":6},"end":{"line":456,"column":null}},"type":"if","locations":[{"start":{"line":454,"column":6},"end":{"line":456,"column":null}},{"start":{},"end":{}}],"line":454},"53":{"loc":{"start":{"line":454,"column":10},"end":{"line":454,"column":44}},"type":"binary-expr","locations":[{"start":{"line":454,"column":10},"end":{"line":454,"column":28}},{"start":{"line":454,"column":28},"end":{"line":454,"column":44}}],"line":454},"54":{"loc":{"start":{"line":459,"column":6},"end":{"line":462,"column":null}},"type":"if","locations":[{"start":{"line":459,"column":6},"end":{"line":462,"column":null}},{"start":{},"end":{}}],"line":459},"55":{"loc":{"start":{"line":468,"column":39},"end":{"line":468,"column":75}},"type":"binary-expr","locations":[{"start":{"line":468,"column":39},"end":{"line":468,"column":59}},{"start":{"line":468,"column":59},"end":{"line":468,"column":75}}],"line":468},"56":{"loc":{"start":{"line":469,"column":8},"end":{"line":469,"column":null}},"type":"if","locations":[{"start":{"line":469,"column":8},"end":{"line":469,"column":null}},{"start":{},"end":{}}],"line":469},"57":{"loc":{"start":{"line":482,"column":6},"end":{"line":482,"column":null}},"type":"if","locations":[{"start":{"line":482,"column":6},"end":{"line":482,"column":null}},{"start":{},"end":{}}],"line":482},"58":{"loc":{"start":{"line":482,"column":10},"end":{"line":482,"column":33}},"type":"binary-expr","locations":[{"start":{"line":482,"column":10},"end":{"line":482,"column":22}},{"start":{"line":482,"column":22},"end":{"line":482,"column":33}}],"line":482},"59":{"loc":{"start":{"line":483,"column":6},"end":{"line":483,"column":null}},"type":"if","locations":[{"start":{"line":483,"column":6},"end":{"line":483,"column":null}},{"start":{},"end":{}}],"line":483},"60":{"loc":{"start":{"line":502,"column":6},"end":{"line":502,"column":null}},"type":"if","locations":[{"start":{"line":502,"column":6},"end":{"line":502,"column":null}},{"start":{},"end":{}}],"line":502},"61":{"loc":{"start":{"line":507,"column":6},"end":{"line":512,"column":null}},"type":"if","locations":[{"start":{"line":507,"column":6},"end":{"line":512,"column":null}},{"start":{},"end":{}}],"line":507},"62":{"loc":{"start":{"line":508,"column":8},"end":{"line":511,"column":null}},"type":"if","locations":[{"start":{"line":508,"column":8},"end":{"line":511,"column":null}},{"start":{"line":508,"column":44},"end":{"line":511,"column":null}}],"line":508},"63":{"loc":{"start":{"line":508,"column":44},"end":{"line":511,"column":null}},"type":"if","locations":[{"start":{"line":508,"column":44},"end":{"line":511,"column":null}},{"start":{"line":509,"column":51},"end":{"line":511,"column":null}}],"line":508},"64":{"loc":{"start":{"line":509,"column":51},"end":{"line":511,"column":null}},"type":"if","locations":[{"start":{"line":509,"column":51},"end":{"line":511,"column":null}},{"start":{"line":510,"column":51},"end":{"line":511,"column":null}}],"line":509},"65":{"loc":{"start":{"line":510,"column":51},"end":{"line":511,"column":null}},"type":"if","locations":[{"start":{"line":510,"column":51},"end":{"line":511,"column":null}},{"start":{},"end":{}}],"line":510},"66":{"loc":{"start":{"line":528,"column":6},"end":{"line":530,"column":null}},"type":"if","locations":[{"start":{"line":528,"column":6},"end":{"line":530,"column":null}},{"start":{},"end":{}}],"line":528},"67":{"loc":{"start":{"line":540,"column":6},"end":{"line":542,"column":null}},"type":"if","locations":[{"start":{"line":540,"column":6},"end":{"line":542,"column":null}},{"start":{},"end":{}}],"line":540},"68":{"loc":{"start":{"line":556,"column":2},"end":{"line":562,"column":null}},"type":"if","locations":[{"start":{"line":556,"column":2},"end":{"line":562,"column":null}},{"start":{},"end":{}}],"line":556},"69":{"loc":{"start":{"line":564,"column":2},"end":{"line":580,"column":null}},"type":"if","locations":[{"start":{"line":564,"column":2},"end":{"line":580,"column":null}},{"start":{},"end":{}}],"line":564},"70":{"loc":{"start":{"line":589,"column":23},"end":{"line":589,"column":null}},"type":"binary-expr","locations":[{"start":{"line":589,"column":23},"end":{"line":589,"column":44}},{"start":{"line":589,"column":44},"end":{"line":589,"column":null}}],"line":589},"71":{"loc":{"start":{"line":603,"column":19},"end":{"line":603,"column":null}},"type":"cond-expr","locations":[{"start":{"line":603,"column":33},"end":{"line":603,"column":47}},{"start":{"line":603,"column":47},"end":{"line":603,"column":null}}],"line":603},"72":{"loc":{"start":{"line":604,"column":19},"end":{"line":604,"column":null}},"type":"cond-expr","locations":[{"start":{"line":604,"column":33},"end":{"line":604,"column":45}},{"start":{"line":604,"column":45},"end":{"line":604,"column":null}}],"line":604},"73":{"loc":{"start":{"line":610,"column":30},"end":{"line":610,"column":49}},"type":"binary-expr","locations":[{"start":{"line":610,"column":30},"end":{"line":610,"column":44}},{"start":{"line":610,"column":44},"end":{"line":610,"column":49}}],"line":610},"74":{"loc":{"start":{"line":632,"column":9},"end":{"line":641,"column":null}},"type":"binary-expr","locations":[{"start":{"line":632,"column":9},"end":{"line":632,"column":null}},{"start":{"line":633,"column":10},"end":{"line":641,"column":null}}],"line":632},"75":{"loc":{"start":{"line":648,"column":14},"end":{"line":648,"column":null}},"type":"binary-expr","locations":[{"start":{"line":648,"column":14},"end":{"line":648,"column":28}},{"start":{"line":648,"column":28},"end":{"line":648,"column":null}}],"line":648},"76":{"loc":{"start":{"line":652,"column":20},"end":{"line":652,"column":null}},"type":"binary-expr","locations":[{"start":{"line":652,"column":20},"end":{"line":652,"column":30}},{"start":{"line":652,"column":30},"end":{"line":652,"column":null}}],"line":652}},"s":{"0":16,"1":16,"2":16,"3":16,"4":16,"5":16,"6":16,"7":16,"8":16,"9":16,"10":16,"11":16,"12":16,"13":16,"14":16,"15":16,"16":16,"17":16,"18":16,"19":16,"20":16,"21":16,"22":16,"23":16,"24":0,"25":0,"26":0,"27":0,"28":0,"29":0,"30":16,"31":0,"32":0,"33":0,"34":0,"35":0,"36":0,"37":0,"38":0,"39":16,"40":4,"41":4,"42":4,"43":4,"44":4,"45":8,"46":8,"47":16,"48":16,"49":16,"50":8,"51":4,"52":0,"53":4,"54":4,"55":4,"56":4,"57":4,"58":4,"59":4,"60":4,"61":4,"62":4,"63":4,"64":4,"65":4,"66":4,"67":4,"68":0,"69":0,"70":4,"71":16,"72":2,"73":2,"74":2,"75":0,"76":2,"77":0,"78":0,"79":0,"80":0,"81":0,"82":0,"83":0,"84":0,"85":0,"86":16,"87":0,"88":0,"89":0,"90":0,"91":0,"92":0,"93":0,"94":0,"95":0,"96":0,"97":0,"98":0,"99":0,"100":0,"101":0,"102":0,"103":0,"104":0,"105":0,"106":0,"107":0,"108":0,"109":0,"110":0,"111":0,"112":0,"113":0,"114":0,"115":0,"116":0,"117":16,"118":4,"119":4,"120":4,"121":4,"122":4,"123":4,"124":4,"125":4,"126":4,"127":4,"128":4,"129":4,"130":4,"131":4,"132":4,"133":4,"134":4,"135":0,"136":0,"137":0,"138":0,"139":0,"140":0,"141":0,"142":0,"143":0,"144":4,"145":4,"146":4,"147":0,"148":0,"149":0,"150":0,"151":4,"152":4,"153":4,"154":4,"155":4,"156":4,"157":4,"158":4,"159":4,"160":4,"161":4,"162":4,"163":4,"164":16,"165":4,"166":0,"167":0,"168":4,"169":16,"170":8,"171":4,"172":0,"173":0,"174":0,"175":0,"176":8,"177":8,"178":4,"179":16,"180":10,"181":0,"182":0,"183":0,"184":0,"185":16,"186":3,"187":0,"188":3,"189":3,"190":3,"191":0,"192":0,"193":0,"194":0,"195":3,"196":2,"197":2,"198":2,"199":2,"200":1,"201":0,"202":0,"203":0,"204":0,"205":1,"206":0,"207":0,"208":0,"209":0,"210":3,"211":1,"212":2,"213":2,"214":2,"215":2,"216":2,"217":2,"218":2,"219":2,"220":2,"221":0,"222":2,"223":2,"224":4,"225":16,"226":3,"227":0,"228":3,"229":0,"230":3,"231":3,"232":3,"233":0,"234":3,"235":3,"236":0,"237":0,"238":0,"239":0,"240":0,"241":0,"242":0,"243":0,"244":3,"245":16,"246":10,"247":10,"248":10,"249":16,"250":0,"251":0,"252":0,"253":0,"254":0,"255":16,"256":4,"257":4,"258":4,"259":16,"260":8,"261":8,"262":8,"263":16,"264":8,"265":8,"266":0,"267":0,"268":8,"269":0},"f":{"0":16,"1":0,"2":0,"3":4,"4":4,"5":2,"6":0,"7":0,"8":0,"9":0,"10":0,"11":0,"12":0,"13":0,"14":0,"15":0,"16":0,"17":0,"18":0,"19":0,"20":0,"21":0,"22":0,"23":0,"24":0,"25":0,"26":4,"27":4,"28":8,"29":0,"30":0,"31":8,"32":10,"33":3,"34":2,"35":2,"36":4,"37":3,"38":10,"39":10,"40":0,"41":4,"42":4,"43":8,"44":0,"45":0},"b":{"0":[0,0],"1":[0,0],"2":[0,0],"3":[16,8,4,0],"4":[8,8],"5":[16,16,12],"6":[12,8],"7":[0,4],"8":[4,0],"9":[4,0],"10":[4,4],"11":[2,0],"12":[0,0],"13":[0,0],"14":[16,0],"15":[0,0],"16":[0,0],"17":[0,0],"18":[0,0],"19":[0,0],"20":[0,0],"21":[0,0],"22":[0,0,0],"23":[0,0],"24":[0,4],"25":[0,0],"26":[0,4],"27":[0,4],"28":[4,4],"29":[8,4],"30":[4,4],"31":[0,10],"32":[10,6,6,6,0],"33":[0,0],"34":[0,3],"35":[3,3,3],"36":[0,3],"37":[3,1,0],"38":[0,0,0,0],"39":[0,0],"40":[2,1],"41":[3,2,2],"42":[2,0,0,0],"43":[2,0],"44":[0,1],"45":[1,0,0],"46":[0,0,0,0],"47":[0,0],"48":[0,1],"49":[1,0,0],"50":[0,0,0,0],"51":[0,0],"52":[1,2],"53":[3,3],"54":[2,0],"55":[2,2],"56":[0,2],"57":[0,3],"58":[3,3],"59":[0,3],"60":[0,3],"61":[0,3],"62":[0,0],"63":[0,0],"64":[0,0],"65":[0,0],"66":[0,0],"67":[4,0],"68":[8,8],"69":[0,8],"70":[8,0],"71":[8,0],"72":[8,0],"73":[16,8],"74":[16,8],"75":[16,8],"76":[16,8]},"meta":{"lastBranch":77,"lastFunction":46,"lastStatement":270,"seen":{"f:38:24:38:35":0,"s:39:15:39:Infinity":0,"s:40:8:40:Infinity":1,"s:41:15:41:Infinity":2,"s:43:22:43:Infinity":3,"s:44:42:44:Infinity":4,"s:45:36:45:Infinity":5,"s:48:24:48:Infinity":6,"s:49:42:49:Infinity":7,"s:51:32:51:Infinity":8,"s:52:17:52:Infinity":9,"s:53:38:53:Infinity":10,"s:54:32:54:Infinity":11,"s:56:30:56:Infinity":12,"s:57:26:57:Infinity":13,"s:58:34:58:Infinity":14,"s:60:8:60:Infinity":15,"s:61:8:61:Infinity":16,"s:62:8:62:Infinity":17,"s:63:8:63:Infinity":18,"s:66:36:66:Infinity":19,"s:67:30:67:Infinity":20,"s:68:34:68:Infinity":21,"s:71:30:71:Infinity":22,"s:75:30:89:Infinity":23,"f:75:30:75:31":1,"s:76:19:83:Infinity":24,"s:84:15:84:Infinity":25,"s:85:4:87:Infinity":26,"s:85:17:85:20":27,"s:86:6:86:Infinity":28,"s:88:4:88:Infinity":29,"s:94:8:110:Infinity":30,"f:95:4:95:5":2,"b:96:6:96:Infinity:undefined:undefined:undefined:undefined":0,"s:96:6:96:Infinity":31,"s:96:35:96:Infinity":32,"s:97:6:97:Infinity":33,"s:100:8:102:Infinity":34,"b:101:12:101:Infinity:102:12:102:Infinity":1,"b:100:8:100:41:100:41:100:Infinity":2,"s:104:6:104:Infinity":35,"s:105:6:105:Infinity":36,"s:106:6:106:Infinity":37,"s:107:6:107:Infinity":38,"s:118:8:194:Infinity":39,"f:119:4:119:Infinity":3,"s:126:21:126:Infinity":40,"s:127:20:127:Infinity":41,"s:130:34:130:Infinity":42,"s:132:6:146:Infinity":43,"s:132:19:132:22":44,"s:133:8:145:Infinity":45,"s:133:21:133:24":46,"s:134:23:134:Infinity":47,"s:135:25:135:Infinity":48,"b:135:25:135:37:135:37:135:51:135:51:135:66:135:66:135:Infinity":3,"b:138:10:144:Infinity:undefined:undefined:undefined:undefined":4,"s:138:10:144:Infinity":49,"b:139:12:139:Infinity:140:12:140:Infinity:141:12:141:Infinity":5,"b:141:14:141:29:141:29:141:Infinity":6,"s:143:12:143:Infinity":50,"b:148:6:148:Infinity:undefined:undefined:undefined:undefined":7,"s:148:6:148:Infinity":51,"s:148:35:148:Infinity":52,"s:151:6:151:Infinity":53,"f:151:22:151:28":4,"s:151:28:151:47":54,"s:153:29:153:Infinity":55,"s:154:26:154:Infinity":56,"s:156:20:156:Infinity":57,"s:157:40:157:Infinity":58,"s:159:16:159:Infinity":59,"b:161:6:169:Infinity:undefined:undefined:undefined:undefined":8,"s:161:6:169:Infinity":60,"s:162:25:162:Infinity":61,"s:163:8:168:Infinity":62,"b:171:6:179:Infinity:undefined:undefined:undefined:undefined":9,"s:171:6:179:Infinity":63,"s:172:25:172:Infinity":64,"s:173:8:178:Infinity":65,"s:181:6:189:Infinity":66,"s:181:19:181:22":67,"b:181:22:181:44:181:44:181:57":10,"s:182:25:182:Infinity":68,"s:183:8:188:Infinity":69,"s:191:6:191:Infinity":70,"s:199:8:216:Infinity":71,"f:199:41:199:42":5,"b:200:4:204:Infinity:undefined:undefined:undefined:undefined":11,"s:200:4:204:Infinity":72,"s:201:6:201:Infinity":73,"s:202:6:202:Infinity":74,"f:202:17:202:23":6,"s:202:23:202:46":75,"s:203:6:203:Infinity":76,"b:206:4:210:Infinity:undefined:undefined:undefined:undefined":12,"s:206:4:210:Infinity":77,"s:207:6:207:Infinity":78,"s:208:6:208:Infinity":79,"f:208:17:208:23":7,"s:208:23:208:43":80,"s:209:6:209:Infinity":81,"b:212:4:215:Infinity:undefined:undefined:undefined:undefined":13,"s:212:4:215:Infinity":82,"s:213:6:213:Infinity":83,"s:214:6:214:Infinity":84,"f:214:17:214:23":8,"s:214:23:214:45":85,"s:220:72:289:Infinity":86,"b:221:15:221:23:221:23:221:Infinity":14,"f:222:18:222:19":9,"b:223:6:223:Infinity:undefined:undefined:undefined:undefined":15,"s:223:6:223:Infinity":87,"s:223:39:223:Infinity":88,"s:225:6:239:Infinity":89,"f:225:22:225:23":10,"s:226:25:226:Infinity":90,"f:226:35:226:36":11,"s:226:42:226:65":91,"b:227:8:229:Infinity:undefined:undefined:undefined:undefined":16,"s:227:8:229:Infinity":92,"s:228:10:228:Infinity":93,"f:228:26:228:27":12,"s:228:34:228:83":94,"b:228:60:228:81:228:81:228:83":17,"s:230:8:238:Infinity":95,"f:241:20:241:21":13,"s:242:6:246:Infinity":96,"f:242:22:242:23":14,"s:243:8:245:Infinity":97,"f:243:17:243:18":15,"s:244:10:244:Infinity":98,"b:244:36:244:99:244:99:244:Infinity":18,"s:248:6:248:Infinity":99,"f:250:20:250:21":16,"b:251:6:251:Infinity:undefined:undefined:undefined:undefined":19,"s:251:6:251:Infinity":100,"s:251:39:251:Infinity":101,"s:253:6:264:Infinity":102,"f:253:22:253:23":17,"b:254:8:254:Infinity:undefined:undefined:undefined:undefined":20,"s:254:8:254:Infinity":103,"f:254:22:254:23":18,"s:254:29:254:52":104,"s:254:55:254:Infinity":105,"s:255:8:263:Infinity":106,"f:266:18:266:19":19,"s:267:6:267:Infinity":107,"f:267:22:267:23":20,"s:267:32:267:75":108,"f:267:44:267:45":21,"s:267:51:267:74":109,"f:269:16:269:17":22,"s:270:6:277:Infinity":110,"f:272:18:272:19":23,"s:272:25:272:54":111,"f:273:15:273:16":24,"s:273:23:276:12":112,"b:275:25:275:42:275:42:275:Infinity":21,"s:279:29:283:Infinity":113,"f:280:8:280:9":25,"s:281:10:282:Infinity":114,"b:281:10:281:Infinity:282:11:282:47:282:47:282:Infinity":22,"b:285:6:287:Infinity:undefined:undefined:undefined:undefined":23,"s:285:6:287:Infinity":115,"s:286:8:286:Infinity":116,"s:293:8:379:Infinity":117,"f:293:37:293:49":26,"s:294:4:294:Infinity":118,"s:295:4:295:Infinity":119,"s:298:4:298:Infinity":120,"s:299:4:299:Infinity":121,"s:300:4:300:Infinity":122,"s:301:4:301:Infinity":123,"s:302:4:302:Infinity":124,"s:303:4:303:Infinity":125,"s:304:4:304:Infinity":126,"s:305:4:305:Infinity":127,"s:308:4:308:Infinity":128,"s:309:4:309:Infinity":129,"s:310:4:310:Infinity":130,"s:311:4:311:Infinity":131,"s:313:26:313:Infinity":132,"s:314:27:314:Infinity":133,"b:318:4:354:Infinity:342:11:354:Infinity":24,"s:318:4:354:Infinity":134,"s:319:6:319:Infinity":135,"s:320:6:341:Infinity":136,"s:321:27:321:Infinity":137,"s:323:10:325:Infinity":138,"b:324:14:324:Infinity:325:14:325:Infinity":25,"s:327:8:335:Infinity":139,"s:337:8:337:Infinity":140,"s:338:8:338:Infinity":141,"s:339:8:339:Infinity":142,"s:340:8:340:Infinity":143,"s:343:6:343:Infinity":144,"s:344:21:344:Infinity":145,"b:346:6:351:Infinity:undefined:undefined:undefined:undefined":26,"s:346:6:351:Infinity":146,"s:347:8:347:Infinity":147,"s:348:8:348:Infinity":148,"s:349:8:349:Infinity":149,"s:350:8:350:Infinity":150,"s:353:6:353:Infinity":151,"s:356:53:356:Infinity":152,"s:358:10:358:Infinity":153,"s:359:4:359:Infinity":154,"s:360:4:360:Infinity":155,"s:361:4:361:Infinity":156,"s:364:30:370:Infinity":157,"s:371:4:371:Infinity":158,"s:373:4:373:Infinity":159,"s:374:4:374:Infinity":160,"s:375:4:375:Infinity":161,"s:377:4:377:Infinity":162,"s:378:4:378:Infinity":163,"s:381:2:387:Infinity":164,"f:381:12:381:18":27,"b:382:4:385:Infinity:undefined:undefined:undefined:undefined":27,"s:382:4:385:Infinity":165,"s:383:6:383:Infinity":166,"s:384:6:384:Infinity":167,"s:386:4:386:Infinity":168,"s:391:2:407:Infinity":169,"f:391:12:391:18":28,"b:394:4:402:Infinity:undefined:undefined:undefined:undefined":28,"s:394:4:402:Infinity":170,"b:394:8:394:26:394:26:394:37":29,"s:395:6:401:Infinity":171,"f:395:36:395:42":29,"s:396:8:400:Infinity":172,"f:396:17:396:18":30,"s:397:23:397:Infinity":173,"s:398:10:398:Infinity":174,"s:399:10:399:Infinity":175,"s:404:4:406:Infinity":176,"f:404:11:404:17":31,"b:405:6:405:Infinity:undefined:undefined:undefined:undefined":30,"s:405:6:405:Infinity":177,"s:405:20:405:Infinity":178,"s:411:2:425:Infinity":179,"f:411:12:411:18":32,"b:412:4:424:Infinity:undefined:undefined:undefined:undefined":31,"s:412:4:424:Infinity":180,"b:413:6:413:Infinity:414:6:414:Infinity:415:6:415:Infinity:416:6:416:Infinity:417:6:417:Infinity":32,"s:419:6:419:Infinity":181,"s:421:21:421:Infinity":182,"s:422:6:422:Infinity":183,"s:423:6:423:Infinity":184,"b:423:14:423:32:423:32:423:38":33,"s:429:8:476:Infinity":185,"f:430:4:430:5":33,"b:431:6:431:Infinity:undefined:undefined:undefined:undefined":34,"s:431:6:431:Infinity":186,"b:431:10:431:19:431:19:431:31:431:31:431:42":35,"s:431:42:431:Infinity":187,"s:433:23:433:Infinity":188,"s:434:19:434:Infinity":189,"b:436:6:452:Infinity:440:6:452:Infinity":36,"s:436:6:452:Infinity":190,"b:436:10:436:32:436:32:436:41:436:41:436:58":37,"s:437:25:437:Infinity":191,"s:438:27:438:Infinity":192,"b:438:27:438:43:438:43:438:61:438:61:438:80:438:80:438:Infinity":38,"b:439:8:439:Infinity:undefined:undefined:undefined:undefined":39,"s:439:8:439:Infinity":193,"s:439:25:439:Infinity":194,"b:440:6:452:Infinity:444:6:452:Infinity":40,"s:440:6:452:Infinity":195,"b:440:17:440:41:440:41:440:64:440:64:440:84":41,"s:441:25:441:Infinity":196,"s:442:27:442:Infinity":197,"b:442:27:442:43:442:43:442:61:442:61:442:80:442:80:442:Infinity":42,"b:443:8:443:Infinity:undefined:undefined:undefined:undefined":43,"s:443:8:443:Infinity":198,"s:443:25:443:Infinity":199,"b:444:6:452:Infinity:448:6:452:Infinity":44,"s:444:6:452:Infinity":200,"b:444:17:444:41:444:41:444:50:444:50:444:68":45,"s:445:25:445:Infinity":201,"s:446:27:446:Infinity":202,"b:446:27:446:43:446:43:446:61:446:61:446:80:446:80:446:Infinity":46,"b:447:8:447:Infinity:undefined:undefined:undefined:undefined":47,"s:447:8:447:Infinity":203,"s:447:25:447:Infinity":204,"b:448:6:452:Infinity:undefined:undefined:undefined:undefined":48,"s:448:6:452:Infinity":205,"b:448:17:448:42:448:42:448:68:448:68:448:87":49,"s:449:25:449:Infinity":206,"s:450:27:450:Infinity":207,"b:450:27:450:43:450:43:450:61:450:61:450:80:450:80:450:Infinity":50,"b:451:8:451:Infinity:undefined:undefined:undefined:undefined":51,"s:451:8:451:Infinity":208,"s:451:25:451:Infinity":209,"b:454:6:456:Infinity:undefined:undefined:undefined:undefined":52,"s:454:6:456:Infinity":210,"b:454:10:454:28:454:28:454:44":53,"s:455:8:455:Infinity":211,"s:458:18:458:Infinity":212,"b:459:6:462:Infinity:undefined:undefined:undefined:undefined":54,"s:459:6:462:Infinity":213,"s:460:8:460:Infinity":214,"s:461:8:461:Infinity":215,"s:464:6:464:Infinity":216,"s:467:6:473:Infinity":217,"f:467:18:467:19":34,"s:468:22:468:Infinity":218,"f:468:32:468:33":35,"s:468:39:468:75":219,"b:468:39:468:59:468:59:468:75":55,"b:469:8:469:Infinity:undefined:undefined:undefined:undefined":56,"s:469:8:469:Infinity":220,"s:469:20:469:Infinity":221,"s:471:8:471:Infinity":222,"s:472:8:472:Infinity":223,"f:472:27:472:28":36,"s:472:34:472:51":224,"s:480:8:517:Infinity":225,"f:481:4:481:5":37,"b:482:6:482:Infinity:undefined:undefined:undefined:undefined":57,"s:482:6:482:Infinity":226,"b:482:10:482:22:482:22:482:33":58,"s:482:33:482:Infinity":227,"b:483:6:483:Infinity:undefined:undefined:undefined:undefined":59,"s:483:6:483:Infinity":228,"s:483:20:483:Infinity":229,"s:485:21:498:Infinity":230,"s:500:22:500:Infinity":231,"b:502:6:502:Infinity:undefined:undefined:undefined:undefined":60,"s:502:6:502:Infinity":232,"s:502:22:502:Infinity":233,"s:504:6:504:Infinity":234,"b:507:6:512:Infinity:undefined:undefined:undefined:undefined":61,"s:507:6:512:Infinity":235,"b:508:8:511:Infinity:508:44:511:Infinity":62,"s:508:8:511:Infinity":236,"s:508:32:508:Infinity":237,"b:508:44:511:Infinity:509:51:511:Infinity":63,"s:508:44:511:Infinity":238,"s:509:39:509:Infinity":239,"b:509:51:511:Infinity:510:51:511:Infinity":64,"s:509:51:511:Infinity":240,"s:510:39:510:Infinity":241,"b:510:51:511:Infinity:undefined:undefined:undefined:undefined":65,"s:510:51:511:Infinity":242,"s:511:40:511:Infinity":243,"s:514:6:514:Infinity":244,"s:519:2:522:Infinity":245,"f:519:12:519:18":38,"s:520:4:520:Infinity":246,"s:521:4:521:Infinity":247,"f:521:11:521:17":39,"s:521:17:521:Infinity":248,"s:526:8:536:Infinity":249,"f:526:38:526:44":40,"s:527:4:535:Infinity":250,"b:528:6:530:Infinity:undefined:undefined:undefined:undefined":66,"s:528:6:530:Infinity":251,"s:529:8:529:Infinity":252,"s:532:6:532:Infinity":253,"s:534:6:534:Infinity":254,"s:538:2:544:Infinity":255,"f:538:12:538:18":41,"s:539:4:543:Infinity":256,"f:539:11:539:17":42,"b:540:6:542:Infinity:undefined:undefined:undefined:undefined":67,"s:540:6:542:Infinity":257,"s:541:8:541:Infinity":258,"s:548:21:552:Infinity":259,"f:548:21:548:22":43,"s:549:17:549:Infinity":260,"s:550:17:550:Infinity":261,"s:551:4:551:Infinity":262,"b:556:2:562:Infinity:undefined:undefined:undefined:undefined":68,"s:556:2:562:Infinity":263,"s:557:4:560:Infinity":264,"b:564:2:580:Infinity:undefined:undefined:undefined:undefined":69,"s:564:2:580:Infinity":265,"s:565:4:578:Infinity":266,"f:574:47:574:53":44,"s:574:53:574:71":267,"s:582:2:654:Infinity":268,"b:589:23:589:44:589:44:589:Infinity":70,"b:603:33:603:47:603:47:603:Infinity":71,"b:604:33:604:45:604:45:604:Infinity":72,"b:610:30:610:44:610:44:610:49":73,"b:632:9:632:Infinity:633:10:641:Infinity":74,"b:648:14:648:28:648:28:648:Infinity":75,"f:649:19:649:25":45,"s:650:10:650:Infinity":269,"b:652:20:652:30:652:30:652:Infinity":76}}}
,"C:\\Users\\jeiss\\Downloads\\frontendraze\\Maze-Rush-Frontend\\src\\features\\login\\LoginPage.tsx": {"path":"C:\\Users\\jeiss\\Downloads\\frontendraze\\Maze-Rush-Frontend\\src\\features\\login\\LoginPage.tsx","statementMap":{"0":{"start":{"line":50,"column":24},"end":{"line":50,"column":null}},"1":{"start":{"line":51,"column":38},"end":{"line":51,"column":null}},"2":{"start":{"line":52,"column":8},"end":{"line":52,"column":null}},"3":{"start":{"line":53,"column":8},"end":{"line":53,"column":null}},"4":{"start":{"line":54,"column":35},"end":{"line":54,"column":null}},"5":{"start":{"line":57,"column":2},"end":{"line":88,"column":null}},"6":{"start":{"line":59,"column":27},"end":{"line":61,"column":null}},"7":{"start":{"line":63,"column":4},"end":{"line":69,"column":null}},"8":{"start":{"line":65,"column":6},"end":{"line":67,"column":null}},"9":{"start":{"line":66,"column":8},"end":{"line":66,"column":null}},"10":{"start":{"line":68,"column":6},"end":{"line":68,"column":null}},"11":{"start":{"line":71,"column":19},"end":{"line":71,"column":null}},"12":{"start":{"line":72,"column":4},"end":{"line":72,"column":null}},"13":{"start":{"line":73,"column":4},"end":{"line":73,"column":null}},"14":{"start":{"line":74,"column":4},"end":{"line":74,"column":null}},"15":{"start":{"line":75,"column":4},"end":{"line":75,"column":null}},"16":{"start":{"line":76,"column":4},"end":{"line":79,"column":null}},"17":{"start":{"line":77,"column":6},"end":{"line":77,"column":null}},"18":{"start":{"line":78,"column":6},"end":{"line":78,"column":null}},"19":{"start":{"line":80,"column":4},"end":{"line":83,"column":null}},"20":{"start":{"line":81,"column":6},"end":{"line":81,"column":null}},"21":{"start":{"line":82,"column":6},"end":{"line":82,"column":null}},"22":{"start":{"line":85,"column":4},"end":{"line":85,"column":null}},"23":{"start":{"line":91,"column":2},"end":{"line":126,"column":null}},"24":{"start":{"line":92,"column":4},"end":{"line":92,"column":null}},"25":{"start":{"line":92,"column":23},"end":{"line":92,"column":null}},"26":{"start":{"line":93,"column":4},"end":{"line":96,"column":null}},"27":{"start":{"line":94,"column":6},"end":{"line":94,"column":null}},"28":{"start":{"line":95,"column":6},"end":{"line":95,"column":null}},"29":{"start":{"line":98,"column":27},"end":{"line":98,"column":null}},"30":{"start":{"line":100,"column":4},"end":{"line":106,"column":null}},"31":{"start":{"line":101,"column":6},"end":{"line":101,"column":null}},"32":{"start":{"line":102,"column":6},"end":{"line":104,"column":null}},"33":{"start":{"line":105,"column":6},"end":{"line":105,"column":null}},"34":{"start":{"line":108,"column":4},"end":{"line":108,"column":null}},"35":{"start":{"line":110,"column":4},"end":{"line":115,"column":null}},"36":{"start":{"line":117,"column":4},"end":{"line":125,"column":null}},"37":{"start":{"line":118,"column":6},"end":{"line":124,"column":null}},"38":{"start":{"line":128,"column":31},"end":{"line":144,"column":null}},"39":{"start":{"line":129,"column":4},"end":{"line":129,"column":null}},"40":{"start":{"line":131,"column":4},"end":{"line":143,"column":null}},"41":{"start":{"line":132,"column":21},"end":{"line":132,"column":null}},"42":{"start":{"line":133,"column":6},"end":{"line":137,"column":null}},"43":{"start":{"line":134,"column":8},"end":{"line":134,"column":null}},"44":{"start":{"line":136,"column":8},"end":{"line":136,"column":null}},"45":{"start":{"line":139,"column":6},"end":{"line":139,"column":null}},"46":{"start":{"line":140,"column":6},"end":{"line":142,"column":null}},"47":{"start":{"line":146,"column":29},"end":{"line":174,"column":null}},"48":{"start":{"line":147,"column":4},"end":{"line":147,"column":null}},"49":{"start":{"line":149,"column":4},"end":{"line":152,"column":null}},"50":{"start":{"line":150,"column":6},"end":{"line":150,"column":null}},"51":{"start":{"line":151,"column":6},"end":{"line":151,"column":null}},"52":{"start":{"line":154,"column":4},"end":{"line":157,"column":null}},"53":{"start":{"line":155,"column":6},"end":{"line":155,"column":null}},"54":{"start":{"line":156,"column":6},"end":{"line":156,"column":null}},"55":{"start":{"line":159,"column":25},"end":{"line":161,"column":null}},"56":{"start":{"line":163,"column":4},"end":{"line":173,"column":null}},"57":{"start":{"line":164,"column":6},"end":{"line":164,"column":null}},"58":{"start":{"line":167,"column":6},"end":{"line":172,"column":null}},"59":{"start":{"line":168,"column":8},"end":{"line":168,"column":null}},"60":{"start":{"line":170,"column":8},"end":{"line":170,"column":null}},"61":{"start":{"line":171,"column":8},"end":{"line":171,"column":null}},"62":{"start":{"line":176,"column":2},"end":{"line":374,"column":null}}},"fnMap":{"0":{"name":"LoginPage","decl":{"start":{"line":49,"column":24},"end":{"line":49,"column":36}},"loc":{"start":{"line":49,"column":36},"end":{"line":376,"column":null}},"line":49},"1":{"name":"(anonymous_1)","decl":{"start":{"line":57,"column":12},"end":{"line":57,"column":18}},"loc":{"start":{"line":57,"column":18},"end":{"line":88,"column":5}},"line":57},"2":{"name":"(anonymous_2)","decl":{"start":{"line":76,"column":20},"end":{"line":76,"column":26}},"loc":{"start":{"line":76,"column":26},"end":{"line":79,"column":null}},"line":76},"3":{"name":"(anonymous_3)","decl":{"start":{"line":80,"column":21},"end":{"line":80,"column":27}},"loc":{"start":{"line":80,"column":27},"end":{"line":83,"column":null}},"line":80},"4":{"name":"(anonymous_4)","decl":{"start":{"line":91,"column":12},"end":{"line":91,"column":18}},"loc":{"start":{"line":91,"column":18},"end":{"line":126,"column":5}},"line":91},"5":{"name":"(anonymous_5)","decl":{"start":{"line":128,"column":31},"end":{"line":128,"column":38}},"loc":{"start":{"line":128,"column":75},"end":{"line":144,"column":null}},"line":128},"6":{"name":"(anonymous_6)","decl":{"start":{"line":146,"column":29},"end":{"line":146,"column":35}},"loc":{"start":{"line":146,"column":35},"end":{"line":174,"column":null}},"line":146}},"branchMap":{"0":{"loc":{"start":{"line":63,"column":4},"end":{"line":69,"column":null}},"type":"if","locations":[{"start":{"line":63,"column":4},"end":{"line":69,"column":null}},{"start":{},"end":{}}],"line":63},"1":{"loc":{"start":{"line":65,"column":6},"end":{"line":67,"column":null}},"type":"if","locations":[{"start":{"line":65,"column":6},"end":{"line":67,"column":null}},{"start":{},"end":{}}],"line":65},"2":{"loc":{"start":{"line":92,"column":4},"end":{"line":92,"column":null}},"type":"if","locations":[{"start":{"line":92,"column":4},"end":{"line":92,"column":null}},{"start":{},"end":{}}],"line":92},"3":{"loc":{"start":{"line":93,"column":4},"end":{"line":96,"column":null}},"type":"if","locations":[{"start":{"line":93,"column":4},"end":{"line":96,"column":null}},{"start":{},"end":{}}],"line":93},"4":{"loc":{"start":{"line":100,"column":4},"end":{"line":106,"column":null}},"type":"if","locations":[{"start":{"line":100,"column":4},"end":{"line":106,"column":null}},{"start":{},"end":{}}],"line":100},"5":{"loc":{"start":{"line":117,"column":4},"end":{"line":125,"column":null}},"type":"if","locations":[{"start":{"line":117,"column":4},"end":{"line":125,"column":null}},{"start":{},"end":{}}],"line":117},"6":{"loc":{"start":{"line":133,"column":6},"end":{"line":137,"column":null}},"type":"if","locations":[{"start":{"line":133,"column":6},"end":{"line":137,"column":null}},{"start":{"line":135,"column":13},"end":{"line":137,"column":null}}],"line":133},"7":{"loc":{"start":{"line":136,"column":17},"end":{"line":136,"column":68}},"type":"binary-expr","locations":[{"start":{"line":136,"column":17},"end":{"line":136,"column":33}},{"start":{"line":136,"column":33},"end":{"line":136,"column":68}}],"line":136},"8":{"loc":{"start":{"line":149,"column":4},"end":{"line":152,"column":null}},"type":"if","locations":[{"start":{"line":149,"column":4},"end":{"line":152,"column":null}},{"start":{},"end":{}}],"line":149},"9":{"loc":{"start":{"line":149,"column":8},"end":{"line":149,"column":55}},"type":"binary-expr","locations":[{"start":{"line":149,"column":8},"end":{"line":149,"column":25}},{"start":{"line":149,"column":25},"end":{"line":149,"column":55}}],"line":149},"10":{"loc":{"start":{"line":154,"column":4},"end":{"line":157,"column":null}},"type":"if","locations":[{"start":{"line":154,"column":4},"end":{"line":157,"column":null}},{"start":{},"end":{}}],"line":154},"11":{"loc":{"start":{"line":163,"column":4},"end":{"line":173,"column":null}},"type":"if","locations":[{"start":{"line":163,"column":4},"end":{"line":173,"column":null}},{"start":{"line":165,"column":11},"end":{"line":173,"column":null}}],"line":163},"12":{"loc":{"start":{"line":227,"column":9},"end":{"line":241,"column":null}},"type":"binary-expr","locations":[{"start":{"line":227,"column":9},"end":{"line":227,"column":null}},{"start":{"line":228,"column":10},"end":{"line":241,"column":null}}],"line":227},"13":{"loc":{"start":{"line":244,"column":9},"end":{"line":247,"column":null}},"type":"binary-expr","locations":[{"start":{"line":244,"column":9},"end":{"line":244,"column":null}},{"start":{"line":245,"column":10},"end":{"line":247,"column":null}}],"line":244},"14":{"loc":{"start":{"line":250,"column":9},"end":{"line":358,"column":null}},"type":"binary-expr","locations":[{"start":{"line":250,"column":9},"end":{"line":250,"column":null}},{"start":{"line":251,"column":10},"end":{"line":358,"column":null}}],"line":250},"15":{"loc":{"start":{"line":290,"column":17},"end":{"line":290,"column":null}},"type":"cond-expr","locations":[{"start":{"line":290,"column":32},"end":{"line":290,"column":57}},{"start":{"line":290,"column":57},"end":{"line":290,"column":null}}],"line":290},"16":{"loc":{"start":{"line":293,"column":15},"end":{"line":314,"column":null}},"type":"binary-expr","locations":[{"start":{"line":293,"column":15},"end":{"line":293,"column":null}},{"start":{"line":294,"column":16},"end":{"line":314,"column":null}}],"line":293}},"s":{"0":11,"1":11,"2":11,"3":11,"4":11,"5":11,"6":5,"7":5,"8":4,"9":4,"10":4,"11":1,"12":1,"13":1,"14":1,"15":1,"16":1,"17":0,"18":0,"19":1,"20":0,"21":0,"22":1,"23":11,"24":9,"25":5,"26":4,"27":0,"28":0,"29":4,"30":4,"31":0,"32":0,"33":0,"34":4,"35":4,"36":4,"37":4,"38":11,"39":2,"40":2,"41":2,"42":2,"43":1,"44":1,"45":0,"46":0,"47":11,"48":1,"49":1,"50":0,"51":0,"52":1,"53":0,"54":0,"55":1,"56":1,"57":1,"58":0,"59":0,"60":0,"61":0,"62":11},"f":{"0":11,"1":5,"2":0,"3":0,"4":9,"5":2,"6":1},"b":{"0":[4,1],"1":[4,0],"2":[5,4],"3":[0,4],"4":[0,4],"5":[4,0],"6":[1,1],"7":[1,0],"8":[0,1],"9":[1,1],"10":[0,1],"11":[1,0],"12":[11,1],"13":[11,0],"14":[11,11],"15":[6,5],"16":[11,6]},"meta":{"lastBranch":17,"lastFunction":7,"lastStatement":63,"seen":{"f:49:24:49:36":0,"s:50:24:50:Infinity":0,"s:51:38:51:Infinity":1,"s:52:8:52:Infinity":2,"s:53:8:53:Infinity":3,"s:54:35:54:Infinity":4,"s:57:2:88:Infinity":5,"f:57:12:57:18":1,"s:59:27:61:Infinity":6,"b:63:4:69:Infinity:undefined:undefined:undefined:undefined":0,"s:63:4:69:Infinity":7,"b:65:6:67:Infinity:undefined:undefined:undefined:undefined":1,"s:65:6:67:Infinity":8,"s:66:8:66:Infinity":9,"s:68:6:68:Infinity":10,"s:71:19:71:Infinity":11,"s:72:4:72:Infinity":12,"s:73:4:73:Infinity":13,"s:74:4:74:Infinity":14,"s:75:4:75:Infinity":15,"s:76:4:79:Infinity":16,"f:76:20:76:26":2,"s:77:6:77:Infinity":17,"s:78:6:78:Infinity":18,"s:80:4:83:Infinity":19,"f:80:21:80:27":3,"s:81:6:81:Infinity":20,"s:82:6:82:Infinity":21,"s:85:4:85:Infinity":22,"s:91:2:126:Infinity":23,"f:91:12:91:18":4,"b:92:4:92:Infinity:undefined:undefined:undefined:undefined":2,"s:92:4:92:Infinity":24,"s:92:23:92:Infinity":25,"b:93:4:96:Infinity:undefined:undefined:undefined:undefined":3,"s:93:4:96:Infinity":26,"s:94:6:94:Infinity":27,"s:95:6:95:Infinity":28,"s:98:27:98:Infinity":29,"b:100:4:106:Infinity:undefined:undefined:undefined:undefined":4,"s:100:4:106:Infinity":30,"s:101:6:101:Infinity":31,"s:102:6:104:Infinity":32,"s:105:6:105:Infinity":33,"s:108:4:108:Infinity":34,"s:110:4:115:Infinity":35,"b:117:4:125:Infinity:undefined:undefined:undefined:undefined":5,"s:117:4:125:Infinity":36,"s:118:6:124:Infinity":37,"s:128:31:144:Infinity":38,"f:128:31:128:38":5,"s:129:4:129:Infinity":39,"s:131:4:143:Infinity":40,"s:132:21:132:Infinity":41,"b:133:6:137:Infinity:135:13:137:Infinity":6,"s:133:6:137:Infinity":42,"s:134:8:134:Infinity":43,"s:136:8:136:Infinity":44,"b:136:17:136:33:136:33:136:68":7,"s:139:6:139:Infinity":45,"s:140:6:142:Infinity":46,"s:146:29:174:Infinity":47,"f:146:29:146:35":6,"s:147:4:147:Infinity":48,"b:149:4:152:Infinity:undefined:undefined:undefined:undefined":8,"s:149:4:152:Infinity":49,"b:149:8:149:25:149:25:149:55":9,"s:150:6:150:Infinity":50,"s:151:6:151:Infinity":51,"b:154:4:157:Infinity:undefined:undefined:undefined:undefined":10,"s:154:4:157:Infinity":52,"s:155:6:155:Infinity":53,"s:156:6:156:Infinity":54,"s:159:25:161:Infinity":55,"b:163:4:173:Infinity:165:11:173:Infinity":11,"s:163:4:173:Infinity":56,"s:164:6:164:Infinity":57,"s:167:6:172:Infinity":58,"s:168:8:168:Infinity":59,"s:170:8:170:Infinity":60,"s:171:8:171:Infinity":61,"s:176:2:374:Infinity":62,"b:227:9:227:Infinity:228:10:241:Infinity":12,"b:244:9:244:Infinity:245:10:247:Infinity":13,"b:250:9:250:Infinity:251:10:358:Infinity":14,"b:290:32:290:57:290:57:290:Infinity":15,"b:293:15:293:Infinity:294:16:314:Infinity":16}}}
}
