TN:
SF:src\components\Loader.tsx
FN:8,(anonymous_0)
FNF:1
FNH:1
FNDA:1,(anonymous_0)
DA:8,2
DA:9,1
LF:2
LH:2
BRF:0
BRH:0
end_of_record
TN:
SF:src\features\game\GamePage.tsx
FN:38,GamePage
FN:75,(anonymous_1)
FN:95,(anonymous_2)
FN:119,(anonymous_3)
FN:151,(anonymous_4)
FN:199,(anonymous_5)
FN:202,(anonymous_6)
FN:208,(anonymous_7)
FN:214,(anonymous_8)
FN:222,(anonymous_9)
FN:225,(anonymous_10)
FN:226,(anonymous_11)
FN:228,(anonymous_12)
FN:241,(anonymous_13)
FN:242,(anonymous_14)
FN:243,(anonymous_15)
FN:250,(anonymous_16)
FN:253,(anonymous_17)
FN:254,(anonymous_18)
FN:266,(anonymous_19)
FN:267,(anonymous_20)
FN:267,(anonymous_21)
FN:269,(anonymous_22)
FN:272,(anonymous_23)
FN:273,(anonymous_24)
FN:280,(anonymous_25)
FN:293,(anonymous_26)
FN:381,(anonymous_27)
FN:391,(anonymous_28)
FN:395,(anonymous_29)
FN:396,(anonymous_30)
FN:404,(anonymous_31)
FN:411,(anonymous_32)
FN:430,(anonymous_33)
FN:467,(anonymous_34)
FN:468,(anonymous_35)
FN:472,(anonymous_36)
FN:481,(anonymous_37)
FN:519,(anonymous_38)
FN:521,(anonymous_39)
FN:526,(anonymous_40)
FN:538,(anonymous_41)
FN:539,(anonymous_42)
FN:548,(anonymous_43)
FN:574,(anonymous_44)
FN:649,(anonymous_45)
FNF:46
FNH:20
FNDA:23,GamePage
FNDA:0,(anonymous_1)
FNDA:1,(anonymous_2)
FNDA:5,(anonymous_3)
FNDA:5,(anonymous_4)
FNDA:3,(anonymous_5)
FNDA:0,(anonymous_6)
FNDA:0,(anonymous_7)
FNDA:0,(anonymous_8)
FNDA:0,(anonymous_9)
FNDA:0,(anonymous_10)
FNDA:0,(anonymous_11)
FNDA:0,(anonymous_12)
FNDA:0,(anonymous_13)
FNDA:0,(anonymous_14)
FNDA:0,(anonymous_15)
FNDA:0,(anonymous_16)
FNDA:0,(anonymous_17)
FNDA:0,(anonymous_18)
FNDA:0,(anonymous_19)
FNDA:0,(anonymous_20)
FNDA:0,(anonymous_21)
FNDA:0,(anonymous_22)
FNDA:0,(anonymous_23)
FNDA:0,(anonymous_24)
FNDA:0,(anonymous_25)
FNDA:5,(anonymous_26)
FNDA:5,(anonymous_27)
FNDA:11,(anonymous_28)
FNDA:0,(anonymous_29)
FNDA:0,(anonymous_30)
FNDA:11,(anonymous_31)
FNDA:15,(anonymous_32)
FNDA:5,(anonymous_33)
FNDA:4,(anonymous_34)
FNDA:6,(anonymous_35)
FNDA:6,(anonymous_36)
FNDA:5,(anonymous_37)
FNDA:15,(anonymous_38)
FNDA:15,(anonymous_39)
FNDA:0,(anonymous_40)
FNDA:5,(anonymous_41)
FNDA:5,(anonymous_42)
FNDA:13,(anonymous_43)
FNDA:0,(anonymous_44)
FNDA:0,(anonymous_45)
DA:39,23
DA:40,23
DA:41,23
DA:43,23
DA:44,23
DA:45,23
DA:48,23
DA:49,23
DA:51,23
DA:52,23
DA:53,23
DA:54,23
DA:56,23
DA:57,23
DA:58,23
DA:60,23
DA:61,23
DA:62,23
DA:63,23
DA:66,23
DA:67,23
DA:68,23
DA:71,23
DA:75,23
DA:76,0
DA:84,0
DA:85,0
DA:86,0
DA:88,0
DA:94,23
DA:96,1
DA:97,1
DA:100,1
DA:104,1
DA:105,1
DA:106,1
DA:107,1
DA:118,23
DA:126,5
DA:127,5
DA:130,5
DA:132,5
DA:133,10
DA:134,20
DA:135,20
DA:138,20
DA:143,10
DA:148,5
DA:151,5
DA:153,5
DA:154,5
DA:156,5
DA:157,5
DA:159,5
DA:161,5
DA:162,5
DA:163,5
DA:171,5
DA:172,5
DA:173,5
DA:181,5
DA:182,0
DA:183,0
DA:191,5
DA:199,23
DA:200,3
DA:201,1
DA:202,1
DA:203,1
DA:206,2
DA:207,2
DA:208,2
DA:209,2
DA:212,0
DA:213,0
DA:214,0
DA:220,23
DA:223,0
DA:225,0
DA:226,0
DA:227,0
DA:228,0
DA:230,0
DA:242,0
DA:243,0
DA:244,0
DA:248,0
DA:251,0
DA:253,0
DA:254,0
DA:255,0
DA:267,0
DA:270,0
DA:272,0
DA:273,0
DA:279,0
DA:281,0
DA:285,0
DA:286,0
DA:293,23
DA:294,5
DA:295,5
DA:298,5
DA:299,5
DA:300,5
DA:301,5
DA:302,5
DA:303,5
DA:304,5
DA:305,5
DA:308,5
DA:309,5
DA:310,5
DA:311,5
DA:313,5
DA:314,5
DA:318,5
DA:319,0
DA:320,0
DA:321,0
DA:323,0
DA:327,0
DA:337,0
DA:338,0
DA:339,0
DA:340,0
DA:343,5
DA:344,5
DA:346,5
DA:347,0
DA:348,0
DA:349,0
DA:350,0
DA:353,5
DA:356,5
DA:358,5
DA:359,5
DA:360,5
DA:361,5
DA:364,5
DA:371,5
DA:373,5
DA:374,5
DA:375,5
DA:377,5
DA:378,5
DA:381,23
DA:382,5
DA:383,0
DA:384,0
DA:386,5
DA:391,23
DA:394,11
DA:395,5
DA:396,0
DA:397,0
DA:398,0
DA:399,0
DA:404,11
DA:405,11
DA:411,23
DA:412,15
DA:419,1
DA:421,1
DA:422,1
DA:423,1
DA:429,23
DA:431,5
DA:433,5
DA:434,5
DA:436,5
DA:437,0
DA:438,0
DA:439,0
DA:440,5
DA:441,3
DA:442,3
DA:443,3
DA:444,2
DA:445,0
DA:446,0
DA:447,0
DA:448,2
DA:449,1
DA:450,1
DA:451,1
DA:454,5
DA:455,1
DA:458,4
DA:459,4
DA:460,3
DA:461,3
DA:464,4
DA:467,4
DA:468,6
DA:469,4
DA:471,3
DA:472,6
DA:480,23
DA:482,5
DA:483,5
DA:485,5
DA:500,5
DA:502,5
DA:504,5
DA:507,5
DA:508,0
DA:509,0
DA:510,0
DA:511,0
DA:514,5
DA:519,23
DA:520,15
DA:521,15
DA:526,23
DA:527,0
DA:528,0
DA:529,0
DA:532,0
DA:534,0
DA:538,23
DA:539,5
DA:540,5
DA:541,5
DA:548,23
DA:549,13
DA:550,13
DA:551,13
DA:556,23
DA:557,10
DA:564,13
DA:565,0
DA:574,0
DA:582,13
DA:650,0
LF:235
LH:166
BRDA:96,0,0,0
BRDA:96,0,1,1
BRDA:100,1,0,0
BRDA:100,1,1,1
BRDA:100,2,0,1
BRDA:100,2,1,1
BRDA:135,3,0,20
BRDA:135,3,1,10
BRDA:135,3,2,5
BRDA:135,3,3,0
BRDA:138,4,0,10
BRDA:138,4,1,10
BRDA:139,5,0,20
BRDA:139,5,1,20
BRDA:139,5,2,15
BRDA:141,6,0,15
BRDA:141,6,1,10
BRDA:148,7,0,0
BRDA:148,7,1,5
BRDA:161,8,0,5
BRDA:161,8,1,0
BRDA:171,9,0,5
BRDA:171,9,1,0
BRDA:181,10,0,5
BRDA:181,10,1,5
BRDA:200,11,0,1
BRDA:200,11,1,2
BRDA:206,12,0,2
BRDA:206,12,1,0
BRDA:212,13,0,0
BRDA:212,13,1,0
BRDA:221,14,0,23
BRDA:221,14,1,0
BRDA:223,15,0,0
BRDA:223,15,1,0
BRDA:227,16,0,0
BRDA:227,16,1,0
BRDA:228,17,0,0
BRDA:228,17,1,0
BRDA:244,18,0,0
BRDA:244,18,1,0
BRDA:251,19,0,0
BRDA:251,19,1,0
BRDA:254,20,0,0
BRDA:254,20,1,0
BRDA:275,21,0,0
BRDA:275,21,1,0
BRDA:281,22,0,0
BRDA:281,22,1,0
BRDA:281,22,2,0
BRDA:285,23,0,0
BRDA:285,23,1,0
BRDA:318,24,0,0
BRDA:318,24,1,5
BRDA:323,25,0,0
BRDA:323,25,1,0
BRDA:346,26,0,0
BRDA:346,26,1,5
BRDA:382,27,0,0
BRDA:382,27,1,5
BRDA:394,28,0,5
BRDA:394,28,1,6
BRDA:394,29,0,11
BRDA:394,29,1,5
BRDA:405,30,0,5
BRDA:405,30,1,6
BRDA:412,31,0,1
BRDA:412,31,1,14
BRDA:413,32,0,15
BRDA:413,32,1,10
BRDA:413,32,2,9
BRDA:413,32,3,9
BRDA:413,32,4,1
BRDA:423,33,0,1
BRDA:423,33,1,0
BRDA:431,34,0,0
BRDA:431,34,1,5
BRDA:431,35,0,5
BRDA:431,35,1,5
BRDA:431,35,2,5
BRDA:436,36,0,0
BRDA:436,36,1,5
BRDA:436,37,0,5
BRDA:436,37,1,1
BRDA:436,37,2,0
BRDA:438,38,0,0
BRDA:438,38,1,0
BRDA:438,38,2,0
BRDA:438,38,3,0
BRDA:439,39,0,0
BRDA:439,39,1,0
BRDA:440,40,0,3
BRDA:440,40,1,2
BRDA:440,41,0,5
BRDA:440,41,1,3
BRDA:440,41,2,3
BRDA:442,42,0,3
BRDA:442,42,1,0
BRDA:442,42,2,0
BRDA:442,42,3,0
BRDA:443,43,0,3
BRDA:443,43,1,0
BRDA:444,44,0,0
BRDA:444,44,1,2
BRDA:444,45,0,2
BRDA:444,45,1,0
BRDA:444,45,2,0
BRDA:446,46,0,0
BRDA:446,46,1,0
BRDA:446,46,2,0
BRDA:446,46,3,0
BRDA:447,47,0,0
BRDA:447,47,1,0
BRDA:448,48,0,1
BRDA:448,48,1,1
BRDA:448,49,0,2
BRDA:448,49,1,1
BRDA:448,49,2,1
BRDA:450,50,0,1
BRDA:450,50,1,0
BRDA:450,50,2,0
BRDA:450,50,3,0
BRDA:451,51,0,1
BRDA:451,51,1,0
BRDA:454,52,0,1
BRDA:454,52,1,4
BRDA:454,53,0,5
BRDA:454,53,1,4
BRDA:459,54,0,3
BRDA:459,54,1,1
BRDA:468,55,0,6
BRDA:468,55,1,4
BRDA:469,56,0,1
BRDA:469,56,1,3
BRDA:482,57,0,0
BRDA:482,57,1,5
BRDA:482,58,0,5
BRDA:482,58,1,5
BRDA:483,59,0,0
BRDA:483,59,1,5
BRDA:502,60,0,0
BRDA:502,60,1,5
BRDA:507,61,0,0
BRDA:507,61,1,5
BRDA:508,62,0,0
BRDA:508,62,1,0
BRDA:508,63,0,0
BRDA:508,63,1,0
BRDA:509,64,0,0
BRDA:509,64,1,0
BRDA:510,65,0,0
BRDA:510,65,1,0
BRDA:528,66,0,0
BRDA:528,66,1,0
BRDA:540,67,0,5
BRDA:540,67,1,0
BRDA:556,68,0,10
BRDA:556,68,1,13
BRDA:564,69,0,0
BRDA:564,69,1,13
BRDA:589,70,0,13
BRDA:589,70,1,0
BRDA:603,71,0,13
BRDA:603,71,1,0
BRDA:604,72,0,13
BRDA:604,72,1,0
BRDA:610,73,0,23
BRDA:610,73,1,12
BRDA:632,74,0,23
BRDA:632,74,1,13
BRDA:648,75,0,23
BRDA:648,75,1,12
BRDA:652,76,0,23
BRDA:652,76,1,12
BRF:174
BRH:94
end_of_record
TN:
SF:src\features\login\LoginPage.tsx
FN:49,LoginPage
FN:57,(anonymous_1)
FN:76,(anonymous_2)
FN:80,(anonymous_3)
FN:91,(anonymous_4)
FN:128,(anonymous_5)
FN:146,(anonymous_6)
FNF:7
FNH:5
FNDA:11,LoginPage
FNDA:5,(anonymous_1)
FNDA:0,(anonymous_2)
FNDA:0,(anonymous_3)
FNDA:9,(anonymous_4)
FNDA:2,(anonymous_5)
FNDA:1,(anonymous_6)
DA:50,11
DA:51,11
DA:52,11
DA:53,11
DA:54,11
DA:57,11
DA:59,5
DA:63,5
DA:65,4
DA:66,4
DA:68,4
DA:71,1
DA:72,1
DA:73,1
DA:74,1
DA:75,1
DA:76,1
DA:77,0
DA:78,0
DA:80,1
DA:81,0
DA:82,0
DA:85,1
DA:91,11
DA:92,9
DA:93,4
DA:94,0
DA:95,0
DA:98,4
DA:100,4
DA:101,0
DA:102,0
DA:105,0
DA:108,4
DA:110,4
DA:117,4
DA:118,4
DA:128,11
DA:129,2
DA:131,2
DA:132,2
DA:133,2
DA:134,1
DA:136,1
DA:139,0
DA:140,0
DA:146,11
DA:147,1
DA:149,1
DA:150,0
DA:151,0
DA:154,1
DA:155,0
DA:156,0
DA:159,1
DA:163,1
DA:164,1
DA:167,0
DA:168,0
DA:170,0
DA:171,0
DA:176,11
LF:62
LH:43
BRDA:63,0,0,4
BRDA:63,0,1,1
BRDA:65,1,0,4
BRDA:65,1,1,0
BRDA:92,2,0,5
BRDA:92,2,1,4
BRDA:93,3,0,0
BRDA:93,3,1,4
BRDA:100,4,0,0
BRDA:100,4,1,4
BRDA:117,5,0,4
BRDA:117,5,1,0
BRDA:133,6,0,1
BRDA:133,6,1,1
BRDA:136,7,0,1
BRDA:136,7,1,0
BRDA:149,8,0,0
BRDA:149,8,1,1
BRDA:149,9,0,1
BRDA:149,9,1,1
BRDA:154,10,0,0
BRDA:154,10,1,1
BRDA:163,11,0,1
BRDA:163,11,1,0
BRDA:227,12,0,11
BRDA:227,12,1,1
BRDA:244,13,0,11
BRDA:244,13,1,0
BRDA:250,14,0,11
BRDA:250,14,1,11
BRDA:290,15,0,6
BRDA:290,15,1,5
BRDA:293,16,0,11
BRDA:293,16,1,6
BRF:34
BRH:25
end_of_record
